{"/Users/a_ng_d/DEV/utils-ui-color-palette/src/modules/color/color.ts": {"path":"/Users/a_ng_d/DEV/utils-ui-color-palette/src/modules/color/color.ts","all":false,"statementMap":{"0":{"start":{"line":1,"column":0},"end":{"line":1,"column":8}},"1":{"start":{"line":2,"column":0},"end":{"line":2,"column":32}},"2":{"start":{"line":3,"column":0},"end":{"line":3,"column":36}},"3":{"start":{"line":4,"column":0},"end":{"line":4,"column":34}},"4":{"start":{"line":5,"column":0},"end":{"line":5,"column":30}},"5":{"start":{"line":6,"column":0},"end":{"line":6,"column":29}},"6":{"start":{"line":7,"column":0},"end":{"line":7,"column":59}},"7":{"start":{"line":8,"column":0},"end":{"line":8,"column":70}},"8":{"start":{"line":9,"column":0},"end":{"line":9,"column":0}},"9":{"start":{"line":10,"column":0},"end":{"line":10,"column":28}},"10":{"start":{"line":11,"column":0},"end":{"line":11,"column":15}},"11":{"start":{"line":12,"column":0},"end":{"line":12,"column":22}},"12":{"start":{"line":13,"column":0},"end":{"line":13,"column":22}},"13":{"start":{"line":14,"column":0},"end":{"line":14,"column":22}},"14":{"start":{"line":15,"column":0},"end":{"line":15,"column":4}},"15":{"start":{"line":16,"column":0},"end":{"line":16,"column":16}},"16":{"start":{"line":17,"column":0},"end":{"line":17,"column":22}},"17":{"start":{"line":18,"column":0},"end":{"line":18,"column":22}},"18":{"start":{"line":19,"column":0},"end":{"line":19,"column":22}},"19":{"start":{"line":20,"column":0},"end":{"line":20,"column":4}},"20":{"start":{"line":21,"column":0},"end":{"line":21,"column":17}},"21":{"start":{"line":22,"column":0},"end":{"line":22,"column":22}},"22":{"start":{"line":23,"column":0},"end":{"line":23,"column":18}},"23":{"start":{"line":24,"column":0},"end":{"line":24,"column":18}},"24":{"start":{"line":25,"column":0},"end":{"line":25,"column":4}},"25":{"start":{"line":26,"column":0},"end":{"line":26,"column":18}},"26":{"start":{"line":27,"column":0},"end":{"line":27,"column":18}},"27":{"start":{"line":28,"column":0},"end":{"line":28,"column":22}},"28":{"start":{"line":29,"column":0},"end":{"line":29,"column":22}},"29":{"start":{"line":30,"column":0},"end":{"line":30,"column":4}},"30":{"start":{"line":31,"column":0},"end":{"line":31,"column":15}},"31":{"start":{"line":32,"column":0},"end":{"line":32,"column":20}},"32":{"start":{"line":33,"column":0},"end":{"line":33,"column":22}},"33":{"start":{"line":34,"column":0},"end":{"line":34,"column":22}},"34":{"start":{"line":35,"column":0},"end":{"line":35,"column":4}},"35":{"start":{"line":36,"column":0},"end":{"line":36,"column":16}},"36":{"start":{"line":37,"column":0},"end":{"line":37,"column":22}},"37":{"start":{"line":38,"column":0},"end":{"line":38,"column":22}},"38":{"start":{"line":39,"column":0},"end":{"line":39,"column":22}},"39":{"start":{"line":40,"column":0},"end":{"line":40,"column":4}},"40":{"start":{"line":41,"column":0},"end":{"line":41,"column":18}},"41":{"start":{"line":42,"column":0},"end":{"line":42,"column":26}},"42":{"start":{"line":43,"column":0},"end":{"line":43,"column":26}},"43":{"start":{"line":44,"column":0},"end":{"line":44,"column":26}},"44":{"start":{"line":45,"column":0},"end":{"line":45,"column":4}},"45":{"start":{"line":46,"column":0},"end":{"line":46,"column":18}},"46":{"start":{"line":47,"column":0},"end":{"line":47,"column":25}},"47":{"start":{"line":48,"column":0},"end":{"line":48,"column":26}},"48":{"start":{"line":49,"column":0},"end":{"line":49,"column":25}},"49":{"start":{"line":50,"column":0},"end":{"line":50,"column":4}},"50":{"start":{"line":51,"column":0},"end":{"line":51,"column":1}},"51":{"start":{"line":52,"column":0},"end":{"line":52,"column":0}},"52":{"start":{"line":53,"column":0},"end":{"line":53,"column":75}},"53":{"start":{"line":54,"column":0},"end":{"line":54,"column":25}},"54":{"start":{"line":55,"column":0},"end":{"line":55,"column":29}},"55":{"start":{"line":56,"column":0},"end":{"line":56,"column":0}},"56":{"start":{"line":57,"column":0},"end":{"line":57,"column":10}},"57":{"start":{"line":58,"column":0},"end":{"line":58,"column":50}},"58":{"start":{"line":59,"column":0},"end":{"line":59,"column":50}},"59":{"start":{"line":60,"column":0},"end":{"line":60,"column":50}},"60":{"start":{"line":61,"column":0},"end":{"line":61,"column":3}},"61":{"start":{"line":62,"column":0},"end":{"line":62,"column":1}},"62":{"start":{"line":63,"column":0},"end":{"line":63,"column":0}},"63":{"start":{"line":64,"column":0},"end":{"line":64,"column":28}},"64":{"start":{"line":65,"column":0},"end":{"line":65,"column":31}},"65":{"start":{"line":66,"column":0},"end":{"line":66,"column":30}},"66":{"start":{"line":67,"column":0},"end":{"line":67,"column":27}},"67":{"start":{"line":68,"column":0},"end":{"line":68,"column":23}},"68":{"start":{"line":69,"column":0},"end":{"line":69,"column":29}},"69":{"start":{"line":70,"column":0},"end":{"line":70,"column":32}},"70":{"start":{"line":71,"column":0},"end":{"line":71,"column":57}},"71":{"start":{"line":72,"column":0},"end":{"line":72,"column":65}},"72":{"start":{"line":73,"column":0},"end":{"line":73,"column":0}},"73":{"start":{"line":74,"column":0},"end":{"line":74,"column":15}},"74":{"start":{"line":75,"column":0},"end":{"line":75,"column":19}},"75":{"start":{"line":76,"column":0},"end":{"line":76,"column":28}},"76":{"start":{"line":77,"column":0},"end":{"line":77,"column":79}},"77":{"start":{"line":78,"column":0},"end":{"line":78,"column":14}},"78":{"start":{"line":79,"column":0},"end":{"line":79,"column":20}},"79":{"start":{"line":80,"column":0},"end":{"line":80,"column":25}},"80":{"start":{"line":81,"column":0},"end":{"line":81,"column":28}},"81":{"start":{"line":82,"column":0},"end":{"line":82,"column":34}},"82":{"start":{"line":83,"column":0},"end":{"line":83,"column":6}},"83":{"start":{"line":84,"column":0},"end":{"line":84,"column":26}},"84":{"start":{"line":85,"column":0},"end":{"line":85,"column":25}},"85":{"start":{"line":86,"column":0},"end":{"line":86,"column":22}},"86":{"start":{"line":87,"column":0},"end":{"line":87,"column":18}},"87":{"start":{"line":88,"column":0},"end":{"line":88,"column":24}},"88":{"start":{"line":89,"column":0},"end":{"line":89,"column":27}},"89":{"start":{"line":90,"column":0},"end":{"line":90,"column":52}},"90":{"start":{"line":91,"column":0},"end":{"line":91,"column":60}},"91":{"start":{"line":92,"column":0},"end":{"line":92,"column":6}},"92":{"start":{"line":93,"column":0},"end":{"line":93,"column":24}},"93":{"start":{"line":94,"column":0},"end":{"line":94,"column":34}},"94":{"start":{"line":95,"column":0},"end":{"line":95,"column":30}},"95":{"start":{"line":96,"column":0},"end":{"line":96,"column":22}},"96":{"start":{"line":97,"column":0},"end":{"line":97,"column":34}},"97":{"start":{"line":98,"column":0},"end":{"line":98,"column":40}},"98":{"start":{"line":99,"column":0},"end":{"line":99,"column":44}},"99":{"start":{"line":100,"column":0},"end":{"line":100,"column":52}},"100":{"start":{"line":101,"column":0},"end":{"line":101,"column":3}},"101":{"start":{"line":102,"column":0},"end":{"line":102,"column":0}},"102":{"start":{"line":103,"column":0},"end":{"line":103,"column":40}},"103":{"start":{"line":104,"column":0},"end":{"line":104,"column":71}},"104":{"start":{"line":105,"column":0},"end":{"line":105,"column":73}},"105":{"start":{"line":106,"column":0},"end":{"line":106,"column":0}},"106":{"start":{"line":107,"column":0},"end":{"line":107,"column":33}},"107":{"start":{"line":108,"column":0},"end":{"line":108,"column":3}},"108":{"start":{"line":109,"column":0},"end":{"line":109,"column":0}},"109":{"start":{"line":110,"column":0},"end":{"line":110,"column":46}},"110":{"start":{"line":111,"column":0},"end":{"line":111,"column":53}},"111":{"start":{"line":112,"column":0},"end":{"line":112,"column":39}},"112":{"start":{"line":113,"column":0},"end":{"line":113,"column":64}},"113":{"start":{"line":114,"column":0},"end":{"line":114,"column":41}},"114":{"start":{"line":115,"column":0},"end":{"line":115,"column":50}},"115":{"start":{"line":116,"column":0},"end":{"line":116,"column":62}},"116":{"start":{"line":117,"column":0},"end":{"line":117,"column":64}},"117":{"start":{"line":118,"column":0},"end":{"line":118,"column":72}},"118":{"start":{"line":119,"column":0},"end":{"line":119,"column":64}},"119":{"start":{"line":120,"column":0},"end":{"line":120,"column":0}},"120":{"start":{"line":121,"column":0},"end":{"line":121,"column":39}},"121":{"start":{"line":122,"column":0},"end":{"line":122,"column":5}},"122":{"start":{"line":123,"column":0},"end":{"line":123,"column":0}},"123":{"start":{"line":124,"column":0},"end":{"line":124,"column":17}},"124":{"start":{"line":125,"column":0},"end":{"line":125,"column":3}},"125":{"start":{"line":126,"column":0},"end":{"line":126,"column":0}},"126":{"start":{"line":127,"column":0},"end":{"line":127,"column":53}},"127":{"start":{"line":128,"column":0},"end":{"line":128,"column":30}},"128":{"start":{"line":129,"column":0},"end":{"line":129,"column":57}},"129":{"start":{"line":130,"column":0},"end":{"line":130,"column":0}},"130":{"start":{"line":131,"column":0},"end":{"line":131,"column":55}},"131":{"start":{"line":132,"column":0},"end":{"line":132,"column":3}},"132":{"start":{"line":133,"column":0},"end":{"line":133,"column":0}},"133":{"start":{"line":134,"column":0},"end":{"line":134,"column":62}},"134":{"start":{"line":135,"column":0},"end":{"line":135,"column":30}},"135":{"start":{"line":136,"column":0},"end":{"line":136,"column":19}},"136":{"start":{"line":137,"column":0},"end":{"line":137,"column":73}},"137":{"start":{"line":138,"column":0},"end":{"line":138,"column":14}},"138":{"start":{"line":139,"column":0},"end":{"line":139,"column":0}},"139":{"start":{"line":140,"column":0},"end":{"line":140,"column":72}},"140":{"start":{"line":141,"column":0},"end":{"line":141,"column":3}},"141":{"start":{"line":142,"column":0},"end":{"line":142,"column":0}},"142":{"start":{"line":143,"column":0},"end":{"line":143,"column":48}},"143":{"start":{"line":144,"column":0},"end":{"line":144,"column":47}},"144":{"start":{"line":145,"column":0},"end":{"line":145,"column":23}},"145":{"start":{"line":146,"column":0},"end":{"line":146,"column":13}},"146":{"start":{"line":147,"column":0},"end":{"line":147,"column":25}},"147":{"start":{"line":148,"column":0},"end":{"line":148,"column":66}},"148":{"start":{"line":149,"column":0},"end":{"line":149,"column":32}},"149":{"start":{"line":150,"column":0},"end":{"line":150,"column":9}},"150":{"start":{"line":151,"column":0},"end":{"line":151,"column":14}},"151":{"start":{"line":152,"column":0},"end":{"line":152,"column":0}},"152":{"start":{"line":153,"column":0},"end":{"line":153,"column":74}},"153":{"start":{"line":154,"column":0},"end":{"line":154,"column":0}},"154":{"start":{"line":155,"column":0},"end":{"line":155,"column":47}},"155":{"start":{"line":156,"column":0},"end":{"line":156,"column":3}},"156":{"start":{"line":157,"column":0},"end":{"line":157,"column":0}},"157":{"start":{"line":158,"column":0},"end":{"line":158,"column":49}},"158":{"start":{"line":159,"column":0},"end":{"line":159,"column":47}},"159":{"start":{"line":160,"column":0},"end":{"line":160,"column":23}},"160":{"start":{"line":161,"column":0},"end":{"line":161,"column":13}},"161":{"start":{"line":162,"column":0},"end":{"line":162,"column":17}},"162":{"start":{"line":163,"column":0},"end":{"line":163,"column":66}},"163":{"start":{"line":164,"column":0},"end":{"line":164,"column":32}},"164":{"start":{"line":165,"column":0},"end":{"line":165,"column":9}},"165":{"start":{"line":166,"column":0},"end":{"line":166,"column":14}},"166":{"start":{"line":167,"column":0},"end":{"line":167,"column":0}},"167":{"start":{"line":168,"column":0},"end":{"line":168,"column":30}},"168":{"start":{"line":169,"column":0},"end":{"line":169,"column":19}},"169":{"start":{"line":170,"column":0},"end":{"line":170,"column":65}},"170":{"start":{"line":171,"column":0},"end":{"line":171,"column":14}},"171":{"start":{"line":172,"column":0},"end":{"line":172,"column":0}},"172":{"start":{"line":173,"column":0},"end":{"line":173,"column":64}},"173":{"start":{"line":174,"column":0},"end":{"line":174,"column":3}},"174":{"start":{"line":175,"column":0},"end":{"line":175,"column":0}},"175":{"start":{"line":176,"column":0},"end":{"line":176,"column":50}},"176":{"start":{"line":177,"column":0},"end":{"line":177,"column":51}},"177":{"start":{"line":178,"column":0},"end":{"line":178,"column":23}},"178":{"start":{"line":179,"column":0},"end":{"line":179,"column":15}},"179":{"start":{"line":180,"column":0},"end":{"line":180,"column":31}},"180":{"start":{"line":181,"column":0},"end":{"line":181,"column":68}},"181":{"start":{"line":182,"column":0},"end":{"line":182,"column":34}},"182":{"start":{"line":183,"column":0},"end":{"line":183,"column":9}},"183":{"start":{"line":184,"column":0},"end":{"line":184,"column":14}},"184":{"start":{"line":185,"column":0},"end":{"line":185,"column":0}},"185":{"start":{"line":186,"column":0},"end":{"line":186,"column":74}},"186":{"start":{"line":187,"column":0},"end":{"line":187,"column":0}},"187":{"start":{"line":188,"column":0},"end":{"line":188,"column":47}},"188":{"start":{"line":189,"column":0},"end":{"line":189,"column":3}},"189":{"start":{"line":190,"column":0},"end":{"line":190,"column":0}},"190":{"start":{"line":191,"column":0},"end":{"line":191,"column":51}},"191":{"start":{"line":192,"column":0},"end":{"line":192,"column":51}},"192":{"start":{"line":193,"column":0},"end":{"line":193,"column":23}},"193":{"start":{"line":194,"column":0},"end":{"line":194,"column":15}},"194":{"start":{"line":195,"column":0},"end":{"line":195,"column":19}},"195":{"start":{"line":196,"column":0},"end":{"line":196,"column":68}},"196":{"start":{"line":197,"column":0},"end":{"line":197,"column":34}},"197":{"start":{"line":198,"column":0},"end":{"line":198,"column":9}},"198":{"start":{"line":199,"column":0},"end":{"line":199,"column":14}},"199":{"start":{"line":200,"column":0},"end":{"line":200,"column":0}},"200":{"start":{"line":201,"column":0},"end":{"line":201,"column":30}},"201":{"start":{"line":202,"column":0},"end":{"line":202,"column":19}},"202":{"start":{"line":203,"column":0},"end":{"line":203,"column":65}},"203":{"start":{"line":204,"column":0},"end":{"line":204,"column":14}},"204":{"start":{"line":205,"column":0},"end":{"line":205,"column":0}},"205":{"start":{"line":206,"column":0},"end":{"line":206,"column":64}},"206":{"start":{"line":207,"column":0},"end":{"line":207,"column":3}},"207":{"start":{"line":208,"column":0},"end":{"line":208,"column":0}},"208":{"start":{"line":209,"column":0},"end":{"line":209,"column":48}},"209":{"start":{"line":210,"column":0},"end":{"line":210,"column":55}},"210":{"start":{"line":211,"column":0},"end":{"line":211,"column":51}},"211":{"start":{"line":212,"column":0},"end":{"line":212,"column":74}},"212":{"start":{"line":213,"column":0},"end":{"line":213,"column":71}},"213":{"start":{"line":214,"column":0},"end":{"line":214,"column":0}},"214":{"start":{"line":215,"column":0},"end":{"line":215,"column":32}},"215":{"start":{"line":216,"column":0},"end":{"line":216,"column":38}},"216":{"start":{"line":217,"column":0},"end":{"line":217,"column":0}},"217":{"start":{"line":218,"column":0},"end":{"line":218,"column":36}},"218":{"start":{"line":219,"column":0},"end":{"line":219,"column":33}},"219":{"start":{"line":220,"column":0},"end":{"line":220,"column":0}},"220":{"start":{"line":221,"column":0},"end":{"line":221,"column":58}},"221":{"start":{"line":222,"column":0},"end":{"line":222,"column":19}},"222":{"start":{"line":223,"column":0},"end":{"line":223,"column":19}},"223":{"start":{"line":224,"column":0},"end":{"line":224,"column":5}},"224":{"start":{"line":225,"column":0},"end":{"line":225,"column":59}},"225":{"start":{"line":226,"column":0},"end":{"line":226,"column":19}},"226":{"start":{"line":227,"column":0},"end":{"line":227,"column":19}},"227":{"start":{"line":228,"column":0},"end":{"line":228,"column":5}},"228":{"start":{"line":229,"column":0},"end":{"line":229,"column":0}},"229":{"start":{"line":230,"column":0},"end":{"line":230,"column":27}},"230":{"start":{"line":231,"column":0},"end":{"line":231,"column":11}},"231":{"start":{"line":232,"column":0},"end":{"line":232,"column":23}},"232":{"start":{"line":233,"column":0},"end":{"line":233,"column":35}},"233":{"start":{"line":234,"column":0},"end":{"line":234,"column":34}},"234":{"start":{"line":235,"column":0},"end":{"line":235,"column":7}},"235":{"start":{"line":236,"column":0},"end":{"line":236,"column":12}},"236":{"start":{"line":237,"column":0},"end":{"line":237,"column":0}},"237":{"start":{"line":238,"column":0},"end":{"line":238,"column":74}},"238":{"start":{"line":239,"column":0},"end":{"line":239,"column":0}},"239":{"start":{"line":240,"column":0},"end":{"line":240,"column":47}},"240":{"start":{"line":241,"column":0},"end":{"line":241,"column":3}},"241":{"start":{"line":242,"column":0},"end":{"line":242,"column":0}},"242":{"start":{"line":243,"column":0},"end":{"line":243,"column":49}},"243":{"start":{"line":244,"column":0},"end":{"line":244,"column":55}},"244":{"start":{"line":245,"column":0},"end":{"line":245,"column":51}},"245":{"start":{"line":246,"column":0},"end":{"line":246,"column":51}},"246":{"start":{"line":247,"column":0},"end":{"line":247,"column":74}},"247":{"start":{"line":248,"column":0},"end":{"line":248,"column":71}},"248":{"start":{"line":249,"column":0},"end":{"line":249,"column":0}},"249":{"start":{"line":250,"column":0},"end":{"line":250,"column":32}},"250":{"start":{"line":251,"column":0},"end":{"line":251,"column":38}},"251":{"start":{"line":252,"column":0},"end":{"line":252,"column":0}},"252":{"start":{"line":253,"column":0},"end":{"line":253,"column":36}},"253":{"start":{"line":254,"column":0},"end":{"line":254,"column":33}},"254":{"start":{"line":255,"column":0},"end":{"line":255,"column":0}},"255":{"start":{"line":256,"column":0},"end":{"line":256,"column":58}},"256":{"start":{"line":257,"column":0},"end":{"line":257,"column":19}},"257":{"start":{"line":258,"column":0},"end":{"line":258,"column":19}},"258":{"start":{"line":259,"column":0},"end":{"line":259,"column":5}},"259":{"start":{"line":260,"column":0},"end":{"line":260,"column":59}},"260":{"start":{"line":261,"column":0},"end":{"line":261,"column":19}},"261":{"start":{"line":262,"column":0},"end":{"line":262,"column":19}},"262":{"start":{"line":263,"column":0},"end":{"line":263,"column":5}},"263":{"start":{"line":264,"column":0},"end":{"line":264,"column":0}},"264":{"start":{"line":265,"column":0},"end":{"line":265,"column":27}},"265":{"start":{"line":266,"column":0},"end":{"line":266,"column":72}},"266":{"start":{"line":267,"column":0},"end":{"line":267,"column":12}},"267":{"start":{"line":268,"column":0},"end":{"line":268,"column":0}},"268":{"start":{"line":269,"column":0},"end":{"line":269,"column":30}},"269":{"start":{"line":270,"column":0},"end":{"line":270,"column":19}},"270":{"start":{"line":271,"column":0},"end":{"line":271,"column":65}},"271":{"start":{"line":272,"column":0},"end":{"line":272,"column":14}},"272":{"start":{"line":273,"column":0},"end":{"line":273,"column":0}},"273":{"start":{"line":274,"column":0},"end":{"line":274,"column":64}},"274":{"start":{"line":275,"column":0},"end":{"line":275,"column":3}},"275":{"start":{"line":276,"column":0},"end":{"line":276,"column":0}},"276":{"start":{"line":277,"column":0},"end":{"line":277,"column":50}},"277":{"start":{"line":278,"column":0},"end":{"line":278,"column":57}},"278":{"start":{"line":279,"column":0},"end":{"line":279,"column":53}},"279":{"start":{"line":280,"column":0},"end":{"line":280,"column":74}},"280":{"start":{"line":281,"column":0},"end":{"line":281,"column":71}},"281":{"start":{"line":282,"column":0},"end":{"line":282,"column":0}},"282":{"start":{"line":283,"column":0},"end":{"line":283,"column":32}},"283":{"start":{"line":284,"column":0},"end":{"line":284,"column":38}},"284":{"start":{"line":285,"column":0},"end":{"line":285,"column":0}},"285":{"start":{"line":286,"column":0},"end":{"line":286,"column":36}},"286":{"start":{"line":287,"column":0},"end":{"line":287,"column":33}},"287":{"start":{"line":288,"column":0},"end":{"line":288,"column":0}},"288":{"start":{"line":289,"column":0},"end":{"line":289,"column":58}},"289":{"start":{"line":290,"column":0},"end":{"line":290,"column":19}},"290":{"start":{"line":291,"column":0},"end":{"line":291,"column":19}},"291":{"start":{"line":292,"column":0},"end":{"line":292,"column":5}},"292":{"start":{"line":293,"column":0},"end":{"line":293,"column":59}},"293":{"start":{"line":294,"column":0},"end":{"line":294,"column":19}},"294":{"start":{"line":295,"column":0},"end":{"line":295,"column":19}},"295":{"start":{"line":296,"column":0},"end":{"line":296,"column":5}},"296":{"start":{"line":297,"column":0},"end":{"line":297,"column":0}},"297":{"start":{"line":298,"column":0},"end":{"line":298,"column":42}},"298":{"start":{"line":299,"column":0},"end":{"line":299,"column":42}},"299":{"start":{"line":300,"column":0},"end":{"line":300,"column":0}},"300":{"start":{"line":301,"column":0},"end":{"line":301,"column":27}},"301":{"start":{"line":302,"column":0},"end":{"line":302,"column":13}},"302":{"start":{"line":303,"column":0},"end":{"line":303,"column":29}},"303":{"start":{"line":304,"column":0},"end":{"line":304,"column":35}},"304":{"start":{"line":305,"column":0},"end":{"line":305,"column":34}},"305":{"start":{"line":306,"column":0},"end":{"line":306,"column":7}},"306":{"start":{"line":307,"column":0},"end":{"line":307,"column":12}},"307":{"start":{"line":308,"column":0},"end":{"line":308,"column":0}},"308":{"start":{"line":309,"column":0},"end":{"line":309,"column":74}},"309":{"start":{"line":310,"column":0},"end":{"line":310,"column":0}},"310":{"start":{"line":311,"column":0},"end":{"line":311,"column":47}},"311":{"start":{"line":312,"column":0},"end":{"line":312,"column":3}},"312":{"start":{"line":313,"column":0},"end":{"line":313,"column":0}},"313":{"start":{"line":314,"column":0},"end":{"line":314,"column":51}},"314":{"start":{"line":315,"column":0},"end":{"line":315,"column":57}},"315":{"start":{"line":316,"column":0},"end":{"line":316,"column":53}},"316":{"start":{"line":317,"column":0},"end":{"line":317,"column":53}},"317":{"start":{"line":318,"column":0},"end":{"line":318,"column":74}},"318":{"start":{"line":319,"column":0},"end":{"line":319,"column":71}},"319":{"start":{"line":320,"column":0},"end":{"line":320,"column":0}},"320":{"start":{"line":321,"column":0},"end":{"line":321,"column":32}},"321":{"start":{"line":322,"column":0},"end":{"line":322,"column":38}},"322":{"start":{"line":323,"column":0},"end":{"line":323,"column":0}},"323":{"start":{"line":324,"column":0},"end":{"line":324,"column":36}},"324":{"start":{"line":325,"column":0},"end":{"line":325,"column":33}},"325":{"start":{"line":326,"column":0},"end":{"line":326,"column":0}},"326":{"start":{"line":327,"column":0},"end":{"line":327,"column":58}},"327":{"start":{"line":328,"column":0},"end":{"line":328,"column":19}},"328":{"start":{"line":329,"column":0},"end":{"line":329,"column":19}},"329":{"start":{"line":330,"column":0},"end":{"line":330,"column":5}},"330":{"start":{"line":331,"column":0},"end":{"line":331,"column":59}},"331":{"start":{"line":332,"column":0},"end":{"line":332,"column":19}},"332":{"start":{"line":333,"column":0},"end":{"line":333,"column":19}},"333":{"start":{"line":334,"column":0},"end":{"line":334,"column":5}},"334":{"start":{"line":335,"column":0},"end":{"line":335,"column":0}},"335":{"start":{"line":336,"column":0},"end":{"line":336,"column":42}},"336":{"start":{"line":337,"column":0},"end":{"line":337,"column":42}},"337":{"start":{"line":338,"column":0},"end":{"line":338,"column":0}},"338":{"start":{"line":339,"column":0},"end":{"line":339,"column":27}},"339":{"start":{"line":340,"column":0},"end":{"line":340,"column":74}},"340":{"start":{"line":341,"column":0},"end":{"line":341,"column":12}},"341":{"start":{"line":342,"column":0},"end":{"line":342,"column":0}},"342":{"start":{"line":343,"column":0},"end":{"line":343,"column":30}},"343":{"start":{"line":344,"column":0},"end":{"line":344,"column":19}},"344":{"start":{"line":345,"column":0},"end":{"line":345,"column":65}},"345":{"start":{"line":346,"column":0},"end":{"line":346,"column":14}},"346":{"start":{"line":347,"column":0},"end":{"line":347,"column":0}},"347":{"start":{"line":348,"column":0},"end":{"line":348,"column":64}},"348":{"start":{"line":349,"column":0},"end":{"line":349,"column":3}},"349":{"start":{"line":350,"column":0},"end":{"line":350,"column":0}},"350":{"start":{"line":351,"column":0},"end":{"line":351,"column":48}},"351":{"start":{"line":352,"column":0},"end":{"line":352,"column":47}},"352":{"start":{"line":353,"column":0},"end":{"line":353,"column":23}},"353":{"start":{"line":354,"column":0},"end":{"line":354,"column":13}},"354":{"start":{"line":355,"column":0},"end":{"line":355,"column":33}},"355":{"start":{"line":356,"column":0},"end":{"line":356,"column":66}},"356":{"start":{"line":357,"column":0},"end":{"line":357,"column":30}},"357":{"start":{"line":358,"column":0},"end":{"line":358,"column":9}},"358":{"start":{"line":359,"column":0},"end":{"line":359,"column":14}},"359":{"start":{"line":360,"column":0},"end":{"line":360,"column":0}},"360":{"start":{"line":361,"column":0},"end":{"line":361,"column":74}},"361":{"start":{"line":362,"column":0},"end":{"line":362,"column":0}},"362":{"start":{"line":363,"column":0},"end":{"line":363,"column":47}},"363":{"start":{"line":364,"column":0},"end":{"line":364,"column":3}},"364":{"start":{"line":365,"column":0},"end":{"line":365,"column":0}},"365":{"start":{"line":366,"column":0},"end":{"line":366,"column":49}},"366":{"start":{"line":367,"column":0},"end":{"line":367,"column":47}},"367":{"start":{"line":368,"column":0},"end":{"line":368,"column":23}},"368":{"start":{"line":369,"column":0},"end":{"line":369,"column":13}},"369":{"start":{"line":370,"column":0},"end":{"line":370,"column":33}},"370":{"start":{"line":371,"column":0},"end":{"line":371,"column":66}},"371":{"start":{"line":372,"column":0},"end":{"line":372,"column":16}},"372":{"start":{"line":373,"column":0},"end":{"line":373,"column":9}},"373":{"start":{"line":374,"column":0},"end":{"line":374,"column":14}},"374":{"start":{"line":375,"column":0},"end":{"line":375,"column":0}},"375":{"start":{"line":376,"column":0},"end":{"line":376,"column":30}},"376":{"start":{"line":377,"column":0},"end":{"line":377,"column":19}},"377":{"start":{"line":378,"column":0},"end":{"line":378,"column":65}},"378":{"start":{"line":379,"column":0},"end":{"line":379,"column":14}},"379":{"start":{"line":380,"column":0},"end":{"line":380,"column":0}},"380":{"start":{"line":381,"column":0},"end":{"line":381,"column":64}},"381":{"start":{"line":382,"column":0},"end":{"line":382,"column":3}},"382":{"start":{"line":383,"column":0},"end":{"line":383,"column":0}},"383":{"start":{"line":384,"column":0},"end":{"line":384,"column":50}},"384":{"start":{"line":385,"column":0},"end":{"line":385,"column":29}},"385":{"start":{"line":386,"column":0},"end":{"line":386,"column":0}},"386":{"start":{"line":387,"column":0},"end":{"line":387,"column":43}},"387":{"start":{"line":388,"column":0},"end":{"line":388,"column":43}},"388":{"start":{"line":389,"column":0},"end":{"line":389,"column":43}},"389":{"start":{"line":390,"column":0},"end":{"line":390,"column":0}},"390":{"start":{"line":391,"column":0},"end":{"line":391,"column":22}},"391":{"start":{"line":392,"column":0},"end":{"line":392,"column":0}},"392":{"start":{"line":393,"column":0},"end":{"line":393,"column":34}},"393":{"start":{"line":394,"column":0},"end":{"line":394,"column":38}},"394":{"start":{"line":395,"column":0},"end":{"line":395,"column":49}},"395":{"start":{"line":396,"column":0},"end":{"line":396,"column":5}},"396":{"start":{"line":397,"column":0},"end":{"line":397,"column":49}},"397":{"start":{"line":398,"column":0},"end":{"line":398,"column":0}},"398":{"start":{"line":399,"column":0},"end":{"line":399,"column":54}},"399":{"start":{"line":400,"column":0},"end":{"line":400,"column":54}},"400":{"start":{"line":401,"column":0},"end":{"line":401,"column":0}},"401":{"start":{"line":402,"column":0},"end":{"line":402,"column":22}},"402":{"start":{"line":403,"column":0},"end":{"line":403,"column":0}},"403":{"start":{"line":404,"column":0},"end":{"line":404,"column":31}},"404":{"start":{"line":405,"column":0},"end":{"line":405,"column":24}},"405":{"start":{"line":406,"column":0},"end":{"line":406,"column":24}},"406":{"start":{"line":407,"column":0},"end":{"line":407,"column":24}},"407":{"start":{"line":408,"column":0},"end":{"line":408,"column":5}},"408":{"start":{"line":409,"column":0},"end":{"line":409,"column":0}},"409":{"start":{"line":410,"column":0},"end":{"line":410,"column":74}},"410":{"start":{"line":411,"column":0},"end":{"line":411,"column":0}},"411":{"start":{"line":412,"column":0},"end":{"line":412,"column":47}},"412":{"start":{"line":413,"column":0},"end":{"line":413,"column":3}},"413":{"start":{"line":414,"column":0},"end":{"line":414,"column":0}},"414":{"start":{"line":415,"column":0},"end":{"line":415,"column":51}},"415":{"start":{"line":416,"column":0},"end":{"line":416,"column":29}},"416":{"start":{"line":417,"column":0},"end":{"line":417,"column":0}},"417":{"start":{"line":418,"column":0},"end":{"line":418,"column":43}},"418":{"start":{"line":419,"column":0},"end":{"line":419,"column":43}},"419":{"start":{"line":420,"column":0},"end":{"line":420,"column":43}},"420":{"start":{"line":421,"column":0},"end":{"line":421,"column":0}},"421":{"start":{"line":422,"column":0},"end":{"line":422,"column":22}},"422":{"start":{"line":423,"column":0},"end":{"line":423,"column":0}},"423":{"start":{"line":424,"column":0},"end":{"line":424,"column":38}},"424":{"start":{"line":425,"column":0},"end":{"line":425,"column":49}},"425":{"start":{"line":426,"column":0},"end":{"line":426,"column":5}},"426":{"start":{"line":427,"column":0},"end":{"line":427,"column":49}},"427":{"start":{"line":428,"column":0},"end":{"line":428,"column":0}},"428":{"start":{"line":429,"column":0},"end":{"line":429,"column":54}},"429":{"start":{"line":430,"column":0},"end":{"line":430,"column":54}},"430":{"start":{"line":431,"column":0},"end":{"line":431,"column":0}},"431":{"start":{"line":432,"column":0},"end":{"line":432,"column":22}},"432":{"start":{"line":433,"column":0},"end":{"line":433,"column":0}},"433":{"start":{"line":434,"column":0},"end":{"line":434,"column":31}},"434":{"start":{"line":435,"column":0},"end":{"line":435,"column":24}},"435":{"start":{"line":436,"column":0},"end":{"line":436,"column":24}},"436":{"start":{"line":437,"column":0},"end":{"line":437,"column":24}},"437":{"start":{"line":438,"column":0},"end":{"line":438,"column":5}},"438":{"start":{"line":439,"column":0},"end":{"line":439,"column":0}},"439":{"start":{"line":440,"column":0},"end":{"line":440,"column":30}},"440":{"start":{"line":441,"column":0},"end":{"line":441,"column":19}},"441":{"start":{"line":442,"column":0},"end":{"line":442,"column":65}},"442":{"start":{"line":443,"column":0},"end":{"line":443,"column":14}},"443":{"start":{"line":444,"column":0},"end":{"line":444,"column":0}},"444":{"start":{"line":445,"column":0},"end":{"line":445,"column":64}},"445":{"start":{"line":446,"column":0},"end":{"line":446,"column":3}},"446":{"start":{"line":447,"column":0},"end":{"line":447,"column":0}},"447":{"start":{"line":448,"column":0},"end":{"line":448,"column":29}},"448":{"start":{"line":449,"column":0},"end":{"line":449,"column":29}},"449":{"start":{"line":450,"column":0},"end":{"line":450,"column":43}},"450":{"start":{"line":451,"column":0},"end":{"line":451,"column":43}},"451":{"start":{"line":452,"column":0},"end":{"line":452,"column":43}},"452":{"start":{"line":453,"column":0},"end":{"line":453,"column":22}},"453":{"start":{"line":454,"column":0},"end":{"line":454,"column":0}},"454":{"start":{"line":455,"column":0},"end":{"line":455,"column":56}},"455":{"start":{"line":456,"column":0},"end":{"line":456,"column":3}},"456":{"start":{"line":457,"column":0},"end":{"line":457,"column":0}},"457":{"start":{"line":458,"column":0},"end":{"line":458,"column":57}},"458":{"start":{"line":459,"column":0},"end":{"line":459,"column":34}},"459":{"start":{"line":460,"column":0},"end":{"line":460,"column":38}},"460":{"start":{"line":461,"column":0},"end":{"line":461,"column":26}},"461":{"start":{"line":462,"column":0},"end":{"line":462,"column":45}},"462":{"start":{"line":463,"column":0},"end":{"line":463,"column":16}},"463":{"start":{"line":464,"column":0},"end":{"line":464,"column":40}},"464":{"start":{"line":465,"column":0},"end":{"line":465,"column":9}},"465":{"start":{"line":466,"column":0},"end":{"line":466,"column":40}},"466":{"start":{"line":467,"column":0},"end":{"line":467,"column":8}},"467":{"start":{"line":468,"column":0},"end":{"line":468,"column":25}},"468":{"start":{"line":469,"column":0},"end":{"line":469,"column":45}},"469":{"start":{"line":470,"column":0},"end":{"line":470,"column":16}},"470":{"start":{"line":471,"column":0},"end":{"line":471,"column":39}},"471":{"start":{"line":472,"column":0},"end":{"line":472,"column":9}},"472":{"start":{"line":473,"column":0},"end":{"line":473,"column":40}},"473":{"start":{"line":474,"column":0},"end":{"line":474,"column":8}},"474":{"start":{"line":475,"column":0},"end":{"line":475,"column":28}},"475":{"start":{"line":476,"column":0},"end":{"line":476,"column":45}},"476":{"start":{"line":477,"column":0},"end":{"line":477,"column":16}},"477":{"start":{"line":478,"column":0},"end":{"line":478,"column":42}},"478":{"start":{"line":479,"column":0},"end":{"line":479,"column":9}},"479":{"start":{"line":480,"column":0},"end":{"line":480,"column":40}},"480":{"start":{"line":481,"column":0},"end":{"line":481,"column":8}},"481":{"start":{"line":482,"column":0},"end":{"line":482,"column":27}},"482":{"start":{"line":483,"column":0},"end":{"line":483,"column":45}},"483":{"start":{"line":484,"column":0},"end":{"line":484,"column":16}},"484":{"start":{"line":485,"column":0},"end":{"line":485,"column":41}},"485":{"start":{"line":486,"column":0},"end":{"line":486,"column":9}},"486":{"start":{"line":487,"column":0},"end":{"line":487,"column":40}},"487":{"start":{"line":488,"column":0},"end":{"line":488,"column":8}},"488":{"start":{"line":489,"column":0},"end":{"line":489,"column":26}},"489":{"start":{"line":490,"column":0},"end":{"line":490,"column":45}},"490":{"start":{"line":491,"column":0},"end":{"line":491,"column":16}},"491":{"start":{"line":492,"column":0},"end":{"line":492,"column":40}},"492":{"start":{"line":493,"column":0},"end":{"line":493,"column":9}},"493":{"start":{"line":494,"column":0},"end":{"line":494,"column":40}},"494":{"start":{"line":495,"column":0},"end":{"line":495,"column":8}},"495":{"start":{"line":496,"column":0},"end":{"line":496,"column":25}},"496":{"start":{"line":497,"column":0},"end":{"line":497,"column":45}},"497":{"start":{"line":498,"column":0},"end":{"line":498,"column":16}},"498":{"start":{"line":499,"column":0},"end":{"line":499,"column":39}},"499":{"start":{"line":500,"column":0},"end":{"line":500,"column":9}},"500":{"start":{"line":501,"column":0},"end":{"line":501,"column":40}},"501":{"start":{"line":502,"column":0},"end":{"line":502,"column":8}},"502":{"start":{"line":503,"column":0},"end":{"line":503,"column":28}},"503":{"start":{"line":504,"column":0},"end":{"line":504,"column":45}},"504":{"start":{"line":505,"column":0},"end":{"line":505,"column":16}},"505":{"start":{"line":506,"column":0},"end":{"line":506,"column":42}},"506":{"start":{"line":507,"column":0},"end":{"line":507,"column":9}},"507":{"start":{"line":508,"column":0},"end":{"line":508,"column":40}},"508":{"start":{"line":509,"column":0},"end":{"line":509,"column":8}},"509":{"start":{"line":510,"column":0},"end":{"line":510,"column":28}},"510":{"start":{"line":511,"column":0},"end":{"line":511,"column":45}},"511":{"start":{"line":512,"column":0},"end":{"line":512,"column":16}},"512":{"start":{"line":513,"column":0},"end":{"line":513,"column":42}},"513":{"start":{"line":514,"column":0},"end":{"line":514,"column":9}},"514":{"start":{"line":515,"column":0},"end":{"line":515,"column":40}},"515":{"start":{"line":516,"column":0},"end":{"line":516,"column":8}},"516":{"start":{"line":517,"column":0},"end":{"line":517,"column":5}},"517":{"start":{"line":518,"column":0},"end":{"line":518,"column":0}},"518":{"start":{"line":519,"column":0},"end":{"line":519,"column":57}},"519":{"start":{"line":520,"column":0},"end":{"line":520,"column":52}},"520":{"start":{"line":521,"column":0},"end":{"line":521,"column":3}},"521":{"start":{"line":522,"column":0},"end":{"line":522,"column":0}},"522":{"start":{"line":523,"column":0},"end":{"line":523,"column":56}},"523":{"start":{"line":524,"column":0},"end":{"line":524,"column":34}},"524":{"start":{"line":525,"column":0},"end":{"line":525,"column":38}},"525":{"start":{"line":526,"column":0},"end":{"line":526,"column":24}},"526":{"start":{"line":527,"column":0},"end":{"line":527,"column":64}},"527":{"start":{"line":528,"column":0},"end":{"line":528,"column":79}},"528":{"start":{"line":529,"column":0},"end":{"line":529,"column":26}},"529":{"start":{"line":530,"column":0},"end":{"line":530,"column":66}},"530":{"start":{"line":531,"column":0},"end":{"line":531,"column":25}},"531":{"start":{"line":532,"column":0},"end":{"line":532,"column":65}},"532":{"start":{"line":533,"column":0},"end":{"line":533,"column":24}},"533":{"start":{"line":534,"column":0},"end":{"line":534,"column":64}},"534":{"start":{"line":535,"column":0},"end":{"line":535,"column":79}},"535":{"start":{"line":536,"column":0},"end":{"line":536,"column":26}},"536":{"start":{"line":537,"column":0},"end":{"line":537,"column":66}},"537":{"start":{"line":538,"column":0},"end":{"line":538,"column":26}},"538":{"start":{"line":539,"column":0},"end":{"line":539,"column":66}},"539":{"start":{"line":540,"column":0},"end":{"line":540,"column":5}},"540":{"start":{"line":541,"column":0},"end":{"line":541,"column":0}},"541":{"start":{"line":542,"column":0},"end":{"line":542,"column":57}},"542":{"start":{"line":543,"column":0},"end":{"line":543,"column":52}},"543":{"start":{"line":544,"column":0},"end":{"line":544,"column":3}},"544":{"start":{"line":545,"column":0},"end":{"line":545,"column":0}},"545":{"start":{"line":546,"column":0},"end":{"line":546,"column":18}},"546":{"start":{"line":547,"column":0},"end":{"line":547,"column":29}},"547":{"start":{"line":548,"column":0},"end":{"line":548,"column":28}},"548":{"start":{"line":549,"column":0},"end":{"line":549,"column":17}},"549":{"start":{"line":550,"column":0},"end":{"line":550,"column":35}},"550":{"start":{"line":551,"column":0},"end":{"line":551,"column":35}},"551":{"start":{"line":552,"column":0},"end":{"line":552,"column":0}},"552":{"start":{"line":553,"column":0},"end":{"line":553,"column":37}},"553":{"start":{"line":554,"column":0},"end":{"line":554,"column":37}},"554":{"start":{"line":555,"column":0},"end":{"line":555,"column":0}},"555":{"start":{"line":556,"column":0},"end":{"line":556,"column":36}},"556":{"start":{"line":557,"column":0},"end":{"line":557,"column":23}},"557":{"start":{"line":558,"column":0},"end":{"line":558,"column":10}},"558":{"start":{"line":559,"column":0},"end":{"line":559,"column":69}},"559":{"start":{"line":560,"column":0},"end":{"line":560,"column":5}},"560":{"start":{"line":561,"column":0},"end":{"line":561,"column":23}},"561":{"start":{"line":562,"column":0},"end":{"line":562,"column":10}},"562":{"start":{"line":563,"column":0},"end":{"line":563,"column":69}},"563":{"start":{"line":564,"column":0},"end":{"line":564,"column":5}},"564":{"start":{"line":565,"column":0},"end":{"line":565,"column":23}},"565":{"start":{"line":566,"column":0},"end":{"line":566,"column":10}},"566":{"start":{"line":567,"column":0},"end":{"line":567,"column":69}},"567":{"start":{"line":568,"column":0},"end":{"line":568,"column":5}},"568":{"start":{"line":569,"column":0},"end":{"line":569,"column":0}},"569":{"start":{"line":570,"column":0},"end":{"line":570,"column":48}},"570":{"start":{"line":571,"column":0},"end":{"line":571,"column":3}},"571":{"start":{"line":572,"column":0},"end":{"line":572,"column":0}},"572":{"start":{"line":573,"column":0},"end":{"line":573,"column":68}},"573":{"start":{"line":574,"column":0},"end":{"line":574,"column":38}},"574":{"start":{"line":575,"column":0},"end":{"line":575,"column":38}},"575":{"start":{"line":576,"column":0},"end":{"line":576,"column":47}},"576":{"start":{"line":577,"column":0},"end":{"line":577,"column":0}},"577":{"start":{"line":578,"column":0},"end":{"line":578,"column":30}},"578":{"start":{"line":579,"column":0},"end":{"line":579,"column":3}},"579":{"start":{"line":580,"column":0},"end":{"line":580,"column":1}}},"s":{"0":1,"1":1,"2":1,"3":1,"4":1,"5":1,"6":1,"7":1,"8":1,"9":1,"10":1,"11":1,"12":1,"13":1,"14":1,"15":1,"16":1,"17":1,"18":1,"19":1,"20":1,"21":1,"22":1,"23":1,"24":1,"25":1,"26":1,"27":1,"28":1,"29":1,"30":1,"31":1,"32":1,"33":1,"34":1,"35":1,"36":1,"37":1,"38":1,"39":1,"40":1,"41":1,"42":1,"43":1,"44":1,"45":1,"46":1,"47":1,"48":1,"49":1,"50":1,"51":1,"52":1,"53":8,"54":8,"55":8,"56":8,"57":8,"58":8,"59":8,"60":8,"61":8,"62":1,"63":1,"64":81,"65":81,"66":81,"67":81,"68":81,"69":81,"70":81,"71":81,"72":81,"73":81,"74":81,"75":81,"76":81,"77":81,"78":81,"79":81,"80":81,"81":81,"82":81,"83":81,"84":81,"85":81,"86":81,"87":81,"88":81,"89":81,"90":81,"91":81,"92":81,"93":81,"94":81,"95":81,"96":81,"97":81,"98":81,"99":81,"100":81,"101":81,"102":81,"103":22,"104":22,"105":21,"106":21,"107":22,"108":81,"109":81,"110":35,"111":34,"112":35,"113":33,"114":33,"115":33,"116":33,"117":33,"118":33,"119":33,"120":33,"121":33,"122":0,"123":0,"124":35,"125":81,"126":81,"127":45,"128":45,"129":18,"130":18,"131":45,"132":81,"133":81,"134":1,"135":1,"136":1,"137":1,"138":0,"139":0,"140":1,"141":81,"142":81,"143":7,"144":7,"145":7,"146":7,"147":7,"148":7,"149":7,"150":7,"151":7,"152":7,"153":6,"154":6,"155":7,"156":81,"157":81,"158":4,"159":4,"160":4,"161":4,"162":4,"163":4,"164":4,"165":4,"166":4,"167":4,"168":4,"169":0,"170":0,"171":4,"172":4,"173":4,"174":81,"175":81,"176":3,"177":3,"178":3,"179":3,"180":3,"181":3,"182":3,"183":3,"184":3,"185":3,"186":2,"187":2,"188":3,"189":81,"190":81,"191":0,"192":0,"193":0,"194":0,"195":0,"196":0,"197":0,"198":0,"199":0,"200":0,"201":0,"202":0,"203":0,"204":0,"205":0,"206":0,"207":81,"208":81,"209":3,"210":3,"211":3,"212":3,"213":3,"214":3,"215":3,"216":3,"217":3,"218":3,"219":3,"220":3,"221":0,"222":0,"223":0,"224":3,"225":0,"226":0,"227":0,"228":3,"229":3,"230":3,"231":3,"232":3,"233":3,"234":3,"235":3,"236":3,"237":3,"238":2,"239":2,"240":3,"241":81,"242":81,"243":0,"244":0,"245":0,"246":0,"247":0,"248":0,"249":0,"250":0,"251":0,"252":0,"253":0,"254":0,"255":0,"256":0,"257":0,"258":0,"259":0,"260":0,"261":0,"262":0,"263":0,"264":0,"265":0,"266":0,"267":0,"268":0,"269":0,"270":0,"271":0,"272":0,"273":0,"274":0,"275":81,"276":81,"277":3,"278":3,"279":3,"280":3,"281":3,"282":3,"283":3,"284":3,"285":3,"286":3,"287":3,"288":3,"289":0,"290":0,"291":0,"292":3,"293":0,"294":0,"295":0,"296":3,"297":3,"298":3,"299":3,"300":3,"301":3,"302":3,"303":3,"304":3,"305":3,"306":3,"307":3,"308":3,"309":2,"310":2,"311":3,"312":81,"313":81,"314":0,"315":0,"316":0,"317":0,"318":0,"319":0,"320":0,"321":0,"322":0,"323":0,"324":0,"325":0,"326":0,"327":0,"328":0,"329":0,"330":0,"331":0,"332":0,"333":0,"334":0,"335":0,"336":0,"337":0,"338":0,"339":0,"340":0,"341":0,"342":0,"343":0,"344":0,"345":0,"346":0,"347":0,"348":0,"349":81,"350":81,"351":3,"352":3,"353":3,"354":3,"355":3,"356":3,"357":3,"358":3,"359":3,"360":3,"361":2,"362":2,"363":3,"364":81,"365":81,"366":0,"367":0,"368":0,"369":0,"370":0,"371":0,"372":0,"373":0,"374":0,"375":0,"376":0,"377":0,"378":0,"379":0,"380":0,"381":0,"382":81,"383":81,"384":3,"385":3,"386":3,"387":3,"388":3,"389":3,"390":3,"391":3,"392":3,"393":3,"394":3,"395":3,"396":3,"397":3,"398":3,"399":3,"400":3,"401":3,"402":3,"403":3,"404":3,"405":3,"406":3,"407":3,"408":3,"409":3,"410":2,"411":2,"412":3,"413":81,"414":81,"415":0,"416":0,"417":0,"418":0,"419":0,"420":0,"421":0,"422":0,"423":0,"424":0,"425":0,"426":0,"427":0,"428":0,"429":0,"430":0,"431":0,"432":0,"433":0,"434":0,"435":0,"436":0,"437":0,"438":0,"439":0,"440":0,"441":0,"442":0,"443":0,"444":0,"445":0,"446":81,"447":81,"448":0,"449":0,"450":0,"451":0,"452":0,"453":0,"454":0,"455":0,"456":81,"457":81,"458":33,"459":33,"460":33,"461":1,"462":1,"463":1,"464":1,"465":1,"466":1,"467":33,"468":1,"469":1,"470":1,"471":1,"472":1,"473":1,"474":33,"475":1,"476":1,"477":1,"478":1,"479":1,"480":1,"481":33,"482":1,"483":1,"484":1,"485":1,"486":1,"487":1,"488":33,"489":1,"490":1,"491":1,"492":1,"493":1,"494":1,"495":33,"496":1,"497":1,"498":1,"499":1,"500":1,"501":1,"502":33,"503":1,"504":1,"505":1,"506":1,"507":1,"508":1,"509":33,"510":1,"511":1,"512":1,"513":1,"514":1,"515":1,"516":33,"517":33,"518":33,"519":33,"520":33,"521":81,"522":81,"523":41,"524":41,"525":41,"526":0,"527":41,"528":41,"529":0,"530":41,"531":0,"532":41,"533":0,"534":41,"535":41,"536":0,"537":41,"538":0,"539":41,"540":41,"541":41,"542":41,"543":41,"544":81,"545":81,"546":4,"547":4,"548":4,"549":4,"550":4,"551":4,"552":4,"553":4,"554":2,"555":2,"556":2,"557":2,"558":2,"559":2,"560":2,"561":2,"562":2,"563":2,"564":2,"565":2,"566":2,"567":2,"568":2,"569":2,"570":4,"571":81,"572":81,"573":1,"574":1,"575":1,"576":1,"577":1,"578":1,"579":81},"branchMap":{"0":{"type":"branch","line":53,"loc":{"start":{"line":53,"column":25},"end":{"line":62,"column":1}},"locations":[{"start":{"line":53,"column":25},"end":{"line":62,"column":1}}]},"1":{"type":"branch","line":64,"loc":{"start":{"line":64,"column":27},"end":{"line":580,"column":1}},"locations":[{"start":{"line":64,"column":27},"end":{"line":580,"column":1}}]},"2":{"type":"branch","line":74,"loc":{"start":{"line":74,"column":2},"end":{"line":101,"column":3}},"locations":[{"start":{"line":74,"column":2},"end":{"line":101,"column":3}}]},"3":{"type":"branch","line":103,"loc":{"start":{"line":103,"column":14},"end":{"line":108,"column":3}},"locations":[{"start":{"line":103,"column":14},"end":{"line":108,"column":3}}]},"4":{"type":"branch","line":104,"loc":{"start":{"line":104,"column":36},"end":{"line":104,"column":71}},"locations":[{"start":{"line":104,"column":36},"end":{"line":104,"column":71}}]},"5":{"type":"branch","line":105,"loc":{"start":{"line":105,"column":38},"end":{"line":105,"column":73}},"locations":[{"start":{"line":105,"column":38},"end":{"line":105,"column":73}}]},"6":{"type":"branch","line":105,"loc":{"start":{"line":105,"column":70},"end":{"line":107,"column":33}},"locations":[{"start":{"line":105,"column":70},"end":{"line":107,"column":33}}]},"7":{"type":"branch","line":110,"loc":{"start":{"line":110,"column":17},"end":{"line":125,"column":3}},"locations":[{"start":{"line":110,"column":17},"end":{"line":125,"column":3}}]},"8":{"type":"branch","line":111,"loc":{"start":{"line":111,"column":40},"end":{"line":111,"column":53}},"locations":[{"start":{"line":111,"column":40},"end":{"line":111,"column":53}}]},"9":{"type":"branch","line":111,"loc":{"start":{"line":111,"column":47},"end":{"line":113,"column":13}},"locations":[{"start":{"line":111,"column":47},"end":{"line":113,"column":13}}]},"10":{"type":"branch","line":113,"loc":{"start":{"line":113,"column":6},"end":{"line":113,"column":64}},"locations":[{"start":{"line":113,"column":6},"end":{"line":113,"column":64}}]},"11":{"type":"branch","line":113,"loc":{"start":{"line":113,"column":58},"end":{"line":122,"column":5}},"locations":[{"start":{"line":113,"column":58},"end":{"line":122,"column":5}}]},"12":{"type":"branch","line":122,"loc":{"start":{"line":122,"column":4},"end":{"line":124,"column":17}},"locations":[{"start":{"line":122,"column":4},"end":{"line":124,"column":17}}]},"13":{"type":"branch","line":127,"loc":{"start":{"line":127,"column":13},"end":{"line":132,"column":3}},"locations":[{"start":{"line":127,"column":13},"end":{"line":132,"column":3}}]},"14":{"type":"branch","line":129,"loc":{"start":{"line":129,"column":6},"end":{"line":131,"column":55}},"locations":[{"start":{"line":129,"column":6},"end":{"line":131,"column":55}}]},"15":{"type":"branch","line":129,"loc":{"start":{"line":129,"column":56},"end":{"line":131,"column":55}},"locations":[{"start":{"line":129,"column":56},"end":{"line":131,"column":55}}]},"16":{"type":"branch","line":134,"loc":{"start":{"line":134,"column":22},"end":{"line":141,"column":3}},"locations":[{"start":{"line":134,"column":22},"end":{"line":141,"column":3}}]},"17":{"type":"branch","line":138,"loc":{"start":{"line":138,"column":13},"end":{"line":140,"column":72}},"locations":[{"start":{"line":138,"column":13},"end":{"line":140,"column":72}}]},"18":{"type":"branch","line":143,"loc":{"start":{"line":143,"column":8},"end":{"line":156,"column":3}},"locations":[{"start":{"line":143,"column":8},"end":{"line":156,"column":3}}]},"19":{"type":"branch","line":153,"loc":{"start":{"line":153,"column":31},"end":{"line":153,"column":74}},"locations":[{"start":{"line":153,"column":31},"end":{"line":153,"column":74}}]},"20":{"type":"branch","line":153,"loc":{"start":{"line":153,"column":73},"end":{"line":155,"column":47}},"locations":[{"start":{"line":153,"column":73},"end":{"line":155,"column":47}}]},"21":{"type":"branch","line":158,"loc":{"start":{"line":158,"column":9},"end":{"line":174,"column":3}},"locations":[{"start":{"line":158,"column":9},"end":{"line":174,"column":3}}]},"22":{"type":"branch","line":169,"loc":{"start":{"line":169,"column":6},"end":{"line":171,"column":14}},"locations":[{"start":{"line":169,"column":6},"end":{"line":171,"column":14}}]},"23":{"type":"branch","line":176,"loc":{"start":{"line":176,"column":10},"end":{"line":189,"column":3}},"locations":[{"start":{"line":176,"column":10},"end":{"line":189,"column":3}}]},"24":{"type":"branch","line":186,"loc":{"start":{"line":186,"column":31},"end":{"line":186,"column":74}},"locations":[{"start":{"line":186,"column":31},"end":{"line":186,"column":74}}]},"25":{"type":"branch","line":186,"loc":{"start":{"line":186,"column":73},"end":{"line":188,"column":47}},"locations":[{"start":{"line":186,"column":73},"end":{"line":188,"column":47}}]},"26":{"type":"branch","line":209,"loc":{"start":{"line":209,"column":8},"end":{"line":241,"column":3}},"locations":[{"start":{"line":209,"column":8},"end":{"line":241,"column":3}}]},"27":{"type":"branch","line":215,"loc":{"start":{"line":215,"column":21},"end":{"line":215,"column":32}},"locations":[{"start":{"line":215,"column":21},"end":{"line":215,"column":32}}]},"28":{"type":"branch","line":216,"loc":{"start":{"line":216,"column":27},"end":{"line":216,"column":38}},"locations":[{"start":{"line":216,"column":27},"end":{"line":216,"column":38}}]},"29":{"type":"branch","line":221,"loc":{"start":{"line":221,"column":28},"end":{"line":221,"column":57}},"locations":[{"start":{"line":221,"column":28},"end":{"line":221,"column":57}}]},"30":{"type":"branch","line":221,"loc":{"start":{"line":221,"column":57},"end":{"line":224,"column":5}},"locations":[{"start":{"line":221,"column":57},"end":{"line":224,"column":5}}]},"31":{"type":"branch","line":225,"loc":{"start":{"line":225,"column":28},"end":{"line":225,"column":58}},"locations":[{"start":{"line":225,"column":28},"end":{"line":225,"column":58}}]},"32":{"type":"branch","line":225,"loc":{"start":{"line":225,"column":58},"end":{"line":228,"column":5}},"locations":[{"start":{"line":225,"column":58},"end":{"line":228,"column":5}}]},"33":{"type":"branch","line":238,"loc":{"start":{"line":238,"column":31},"end":{"line":238,"column":74}},"locations":[{"start":{"line":238,"column":31},"end":{"line":238,"column":74}}]},"34":{"type":"branch","line":238,"loc":{"start":{"line":238,"column":73},"end":{"line":240,"column":47}},"locations":[{"start":{"line":238,"column":73},"end":{"line":240,"column":47}}]},"35":{"type":"branch","line":277,"loc":{"start":{"line":277,"column":10},"end":{"line":312,"column":3}},"locations":[{"start":{"line":277,"column":10},"end":{"line":312,"column":3}}]},"36":{"type":"branch","line":283,"loc":{"start":{"line":283,"column":21},"end":{"line":283,"column":32}},"locations":[{"start":{"line":283,"column":21},"end":{"line":283,"column":32}}]},"37":{"type":"branch","line":284,"loc":{"start":{"line":284,"column":27},"end":{"line":284,"column":38}},"locations":[{"start":{"line":284,"column":27},"end":{"line":284,"column":38}}]},"38":{"type":"branch","line":289,"loc":{"start":{"line":289,"column":28},"end":{"line":289,"column":57}},"locations":[{"start":{"line":289,"column":28},"end":{"line":289,"column":57}}]},"39":{"type":"branch","line":289,"loc":{"start":{"line":289,"column":57},"end":{"line":292,"column":5}},"locations":[{"start":{"line":289,"column":57},"end":{"line":292,"column":5}}]},"40":{"type":"branch","line":293,"loc":{"start":{"line":293,"column":28},"end":{"line":293,"column":58}},"locations":[{"start":{"line":293,"column":28},"end":{"line":293,"column":58}}]},"41":{"type":"branch","line":293,"loc":{"start":{"line":293,"column":58},"end":{"line":296,"column":5}},"locations":[{"start":{"line":293,"column":58},"end":{"line":296,"column":5}}]},"42":{"type":"branch","line":298,"loc":{"start":{"line":298,"column":31},"end":{"line":298,"column":42}},"locations":[{"start":{"line":298,"column":31},"end":{"line":298,"column":42}}]},"43":{"type":"branch","line":299,"loc":{"start":{"line":299,"column":31},"end":{"line":299,"column":42}},"locations":[{"start":{"line":299,"column":31},"end":{"line":299,"column":42}}]},"44":{"type":"branch","line":309,"loc":{"start":{"line":309,"column":31},"end":{"line":309,"column":74}},"locations":[{"start":{"line":309,"column":31},"end":{"line":309,"column":74}}]},"45":{"type":"branch","line":309,"loc":{"start":{"line":309,"column":73},"end":{"line":311,"column":47}},"locations":[{"start":{"line":309,"column":73},"end":{"line":311,"column":47}}]},"46":{"type":"branch","line":351,"loc":{"start":{"line":351,"column":8},"end":{"line":364,"column":3}},"locations":[{"start":{"line":351,"column":8},"end":{"line":364,"column":3}}]},"47":{"type":"branch","line":361,"loc":{"start":{"line":361,"column":31},"end":{"line":361,"column":74}},"locations":[{"start":{"line":361,"column":31},"end":{"line":361,"column":74}}]},"48":{"type":"branch","line":361,"loc":{"start":{"line":361,"column":73},"end":{"line":363,"column":47}},"locations":[{"start":{"line":361,"column":73},"end":{"line":363,"column":47}}]},"49":{"type":"branch","line":384,"loc":{"start":{"line":384,"column":10},"end":{"line":413,"column":3}},"locations":[{"start":{"line":384,"column":10},"end":{"line":413,"column":3}}]},"50":{"type":"branch","line":399,"loc":{"start":{"line":399,"column":37},"end":{"line":399,"column":54}},"locations":[{"start":{"line":399,"column":37},"end":{"line":399,"column":54}}]},"51":{"type":"branch","line":400,"loc":{"start":{"line":400,"column":37},"end":{"line":400,"column":54}},"locations":[{"start":{"line":400,"column":37},"end":{"line":400,"column":54}}]},"52":{"type":"branch","line":410,"loc":{"start":{"line":410,"column":31},"end":{"line":410,"column":74}},"locations":[{"start":{"line":410,"column":31},"end":{"line":410,"column":74}}]},"53":{"type":"branch","line":410,"loc":{"start":{"line":410,"column":73},"end":{"line":412,"column":47}},"locations":[{"start":{"line":410,"column":73},"end":{"line":412,"column":47}}]},"54":{"type":"branch","line":458,"loc":{"start":{"line":458,"column":26},"end":{"line":521,"column":3}},"locations":[{"start":{"line":458,"column":26},"end":{"line":521,"column":3}}]},"55":{"type":"branch","line":520,"loc":{"start":{"line":520,"column":34},"end":{"line":520,"column":52}},"locations":[{"start":{"line":520,"column":34},"end":{"line":520,"column":52}}]},"56":{"type":"branch","line":460,"loc":{"start":{"line":460,"column":12},"end":{"line":460,"column":38}},"locations":[{"start":{"line":460,"column":12},"end":{"line":460,"column":38}}]},"57":{"type":"branch","line":461,"loc":{"start":{"line":461,"column":19},"end":{"line":467,"column":8}},"locations":[{"start":{"line":461,"column":19},"end":{"line":467,"column":8}}]},"58":{"type":"branch","line":468,"loc":{"start":{"line":468,"column":18},"end":{"line":474,"column":8}},"locations":[{"start":{"line":468,"column":18},"end":{"line":474,"column":8}}]},"59":{"type":"branch","line":475,"loc":{"start":{"line":475,"column":21},"end":{"line":481,"column":8}},"locations":[{"start":{"line":475,"column":21},"end":{"line":481,"column":8}}]},"60":{"type":"branch","line":482,"loc":{"start":{"line":482,"column":20},"end":{"line":488,"column":8}},"locations":[{"start":{"line":482,"column":20},"end":{"line":488,"column":8}}]},"61":{"type":"branch","line":489,"loc":{"start":{"line":489,"column":19},"end":{"line":495,"column":8}},"locations":[{"start":{"line":489,"column":19},"end":{"line":495,"column":8}}]},"62":{"type":"branch","line":496,"loc":{"start":{"line":496,"column":18},"end":{"line":502,"column":8}},"locations":[{"start":{"line":496,"column":18},"end":{"line":502,"column":8}}]},"63":{"type":"branch","line":503,"loc":{"start":{"line":503,"column":21},"end":{"line":509,"column":8}},"locations":[{"start":{"line":503,"column":21},"end":{"line":509,"column":8}}]},"64":{"type":"branch","line":510,"loc":{"start":{"line":510,"column":21},"end":{"line":516,"column":8}},"locations":[{"start":{"line":510,"column":21},"end":{"line":516,"column":8}}]},"65":{"type":"branch","line":523,"loc":{"start":{"line":523,"column":26},"end":{"line":544,"column":3}},"locations":[{"start":{"line":523,"column":26},"end":{"line":544,"column":3}}]},"66":{"type":"branch","line":543,"loc":{"start":{"line":543,"column":34},"end":{"line":543,"column":52}},"locations":[{"start":{"line":543,"column":34},"end":{"line":543,"column":52}}]},"67":{"type":"branch","line":525,"loc":{"start":{"line":525,"column":12},"end":{"line":525,"column":38}},"locations":[{"start":{"line":525,"column":12},"end":{"line":525,"column":38}}]},"68":{"type":"branch","line":546,"loc":{"start":{"line":546,"column":17},"end":{"line":571,"column":3}},"locations":[{"start":{"line":546,"column":17},"end":{"line":571,"column":3}}]},"69":{"type":"branch","line":553,"loc":{"start":{"line":553,"column":18},"end":{"line":554,"column":25}},"locations":[{"start":{"line":553,"column":18},"end":{"line":554,"column":25}}]},"70":{"type":"branch","line":554,"loc":{"start":{"line":554,"column":18},"end":{"line":554,"column":37}},"locations":[{"start":{"line":554,"column":18},"end":{"line":554,"column":37}}]},"71":{"type":"branch","line":554,"loc":{"start":{"line":554,"column":36},"end":{"line":570,"column":48}},"locations":[{"start":{"line":554,"column":36},"end":{"line":570,"column":48}}]},"72":{"type":"branch","line":573,"loc":{"start":{"line":573,"column":17},"end":{"line":579,"column":3}},"locations":[{"start":{"line":573,"column":17},"end":{"line":579,"column":3}}]}},"b":{"0":[8],"1":[81],"2":[81],"3":[22],"4":[0],"5":[1],"6":[21],"7":[35],"8":[1],"9":[34],"10":[1],"11":[33],"12":[0],"13":[45],"14":[27],"15":[18],"16":[1],"17":[0],"18":[7],"19":[1],"20":[6],"21":[4],"22":[0],"23":[3],"24":[1],"25":[2],"26":[3],"27":[0],"28":[0],"29":[0],"30":[0],"31":[0],"32":[0],"33":[1],"34":[2],"35":[3],"36":[0],"37":[0],"38":[0],"39":[0],"40":[0],"41":[0],"42":[0],"43":[0],"44":[1],"45":[2],"46":[3],"47":[1],"48":[2],"49":[3],"50":[0],"51":[0],"52":[1],"53":[2],"54":[33],"55":[0],"56":[25],"57":[1],"58":[1],"59":[1],"60":[1],"61":[1],"62":[1],"63":[1],"64":[1],"65":[41],"66":[0],"67":[41],"68":[4],"69":[2],"70":[0],"71":[2],"72":[1]},"fnMap":{"0":{"name":"applyColorMatrix","decl":{"start":{"line":53,"column":25},"end":{"line":62,"column":1}},"loc":{"start":{"line":53,"column":25},"end":{"line":62,"column":1}},"line":53},"1":{"name":"<instance_members_initializer>","decl":{"start":{"line":64,"column":27},"end":{"line":580,"column":1}},"loc":{"start":{"line":64,"column":27},"end":{"line":580,"column":1}},"line":64},"2":{"name":"Color","decl":{"start":{"line":74,"column":2},"end":{"line":101,"column":3}},"loc":{"start":{"line":74,"column":2},"end":{"line":101,"column":3}},"line":74},"3":{"name":"adjustHue","decl":{"start":{"line":103,"column":14},"end":{"line":108,"column":3}},"loc":{"start":{"line":103,"column":14},"end":{"line":108,"column":3}},"line":103},"4":{"name":"adjustChroma","decl":{"start":{"line":110,"column":17},"end":{"line":125,"column":3}},"loc":{"start":{"line":110,"column":17},"end":{"line":125,"column":3}},"line":110},"5":{"name":"setColor","decl":{"start":{"line":127,"column":13},"end":{"line":132,"column":3}},"loc":{"start":{"line":127,"column":13},"end":{"line":132,"column":3}},"line":127},"6":{"name":"setColorWithAlpha","decl":{"start":{"line":134,"column":22},"end":{"line":141,"column":3}},"loc":{"start":{"line":134,"column":22},"end":{"line":141,"column":3}},"line":134},"7":{"name":"lch","decl":{"start":{"line":143,"column":8},"end":{"line":156,"column":3}},"loc":{"start":{"line":143,"column":8},"end":{"line":156,"column":3}},"line":143},"8":{"name":"lcha","decl":{"start":{"line":158,"column":9},"end":{"line":174,"column":3}},"loc":{"start":{"line":158,"column":9},"end":{"line":174,"column":3}},"line":158},"9":{"name":"oklch","decl":{"start":{"line":176,"column":10},"end":{"line":189,"column":3}},"loc":{"start":{"line":176,"column":10},"end":{"line":189,"column":3}},"line":176},"10":{"name":"oklcha","decl":{"start":{"line":191,"column":11},"end":{"line":207,"column":3}},"loc":{"start":{"line":191,"column":11},"end":{"line":207,"column":3}},"line":191},"11":{"name":"lab","decl":{"start":{"line":209,"column":8},"end":{"line":241,"column":3}},"loc":{"start":{"line":209,"column":8},"end":{"line":241,"column":3}},"line":209},"12":{"name":"laba","decl":{"start":{"line":243,"column":9},"end":{"line":275,"column":3}},"loc":{"start":{"line":243,"column":9},"end":{"line":275,"column":3}},"line":243},"13":{"name":"oklab","decl":{"start":{"line":277,"column":10},"end":{"line":312,"column":3}},"loc":{"start":{"line":277,"column":10},"end":{"line":312,"column":3}},"line":277},"14":{"name":"oklaba","decl":{"start":{"line":314,"column":11},"end":{"line":349,"column":3}},"loc":{"start":{"line":314,"column":11},"end":{"line":349,"column":3}},"line":314},"15":{"name":"hsl","decl":{"start":{"line":351,"column":8},"end":{"line":364,"column":3}},"loc":{"start":{"line":351,"column":8},"end":{"line":364,"column":3}},"line":351},"16":{"name":"hsla","decl":{"start":{"line":366,"column":9},"end":{"line":382,"column":3}},"loc":{"start":{"line":366,"column":9},"end":{"line":382,"column":3}},"line":366},"17":{"name":"hsluv","decl":{"start":{"line":384,"column":10},"end":{"line":413,"column":3}},"loc":{"start":{"line":384,"column":10},"end":{"line":413,"column":3}},"line":384},"18":{"name":"hsluva","decl":{"start":{"line":415,"column":11},"end":{"line":446,"column":3}},"loc":{"start":{"line":415,"column":11},"end":{"line":446,"column":3}},"line":415},"19":{"name":"getHsluv","decl":{"start":{"line":448,"column":13},"end":{"line":456,"column":3}},"loc":{"start":{"line":448,"column":13},"end":{"line":456,"column":3}},"line":448},"20":{"name":"simulateColorBlindHex","decl":{"start":{"line":458,"column":26},"end":{"line":521,"column":3}},"loc":{"start":{"line":458,"column":26},"end":{"line":521,"column":3}},"line":458},"21":{"name":"NONE","decl":{"start":{"line":460,"column":12},"end":{"line":460,"column":38}},"loc":{"start":{"line":460,"column":12},"end":{"line":460,"column":38}},"line":460},"22":{"name":"PROTANOMALY","decl":{"start":{"line":461,"column":19},"end":{"line":467,"column":8}},"loc":{"start":{"line":461,"column":19},"end":{"line":467,"column":8}},"line":461},"23":{"name":"PROTANOPIA","decl":{"start":{"line":468,"column":18},"end":{"line":474,"column":8}},"loc":{"start":{"line":468,"column":18},"end":{"line":474,"column":8}},"line":468},"24":{"name":"DEUTERANOMALY","decl":{"start":{"line":475,"column":21},"end":{"line":481,"column":8}},"loc":{"start":{"line":475,"column":21},"end":{"line":481,"column":8}},"line":475},"25":{"name":"DEUTERANOPIA","decl":{"start":{"line":482,"column":20},"end":{"line":488,"column":8}},"loc":{"start":{"line":482,"column":20},"end":{"line":488,"column":8}},"line":482},"26":{"name":"TRITANOMALY","decl":{"start":{"line":489,"column":19},"end":{"line":495,"column":8}},"loc":{"start":{"line":489,"column":19},"end":{"line":495,"column":8}},"line":489},"27":{"name":"TRITANOPIA","decl":{"start":{"line":496,"column":18},"end":{"line":502,"column":8}},"loc":{"start":{"line":496,"column":18},"end":{"line":502,"column":8}},"line":496},"28":{"name":"ACHROMATOMALY","decl":{"start":{"line":503,"column":21},"end":{"line":509,"column":8}},"loc":{"start":{"line":503,"column":21},"end":{"line":509,"column":8}},"line":503},"29":{"name":"ACHROMATOPSIA","decl":{"start":{"line":510,"column":21},"end":{"line":516,"column":8}},"loc":{"start":{"line":510,"column":21},"end":{"line":516,"column":8}},"line":510},"30":{"name":"simulateColorBlindRgb","decl":{"start":{"line":523,"column":26},"end":{"line":544,"column":3}},"loc":{"start":{"line":523,"column":26},"end":{"line":544,"column":3}},"line":523},"31":{"name":"NONE","decl":{"start":{"line":525,"column":12},"end":{"line":525,"column":38}},"loc":{"start":{"line":525,"column":12},"end":{"line":525,"column":38}},"line":525},"32":{"name":"PROTANOMALY","decl":{"start":{"line":526,"column":19},"end":{"line":527,"column":64}},"loc":{"start":{"line":526,"column":19},"end":{"line":527,"column":64}},"line":526},"33":{"name":"PROTANOPIA","decl":{"start":{"line":528,"column":18},"end":{"line":528,"column":79}},"loc":{"start":{"line":528,"column":18},"end":{"line":528,"column":79}},"line":528},"34":{"name":"DEUTERANOMALY","decl":{"start":{"line":529,"column":21},"end":{"line":530,"column":66}},"loc":{"start":{"line":529,"column":21},"end":{"line":530,"column":66}},"line":529},"35":{"name":"DEUTERANOPIA","decl":{"start":{"line":531,"column":20},"end":{"line":532,"column":65}},"loc":{"start":{"line":531,"column":20},"end":{"line":532,"column":65}},"line":531},"36":{"name":"TRITANOMALY","decl":{"start":{"line":533,"column":19},"end":{"line":534,"column":64}},"loc":{"start":{"line":533,"column":19},"end":{"line":534,"column":64}},"line":533},"37":{"name":"TRITANOPIA","decl":{"start":{"line":535,"column":18},"end":{"line":535,"column":79}},"loc":{"start":{"line":535,"column":18},"end":{"line":535,"column":79}},"line":535},"38":{"name":"ACHROMATOMALY","decl":{"start":{"line":536,"column":21},"end":{"line":537,"column":66}},"loc":{"start":{"line":536,"column":21},"end":{"line":537,"column":66}},"line":536},"39":{"name":"ACHROMATOPSIA","decl":{"start":{"line":538,"column":21},"end":{"line":539,"column":66}},"loc":{"start":{"line":538,"column":21},"end":{"line":539,"column":66}},"line":538},"40":{"name":"mixColorsRgb","decl":{"start":{"line":546,"column":17},"end":{"line":571,"column":3}},"loc":{"start":{"line":546,"column":17},"end":{"line":571,"column":3}},"line":546},"41":{"name":"mixColorsHex","decl":{"start":{"line":573,"column":17},"end":{"line":579,"column":3}},"loc":{"start":{"line":573,"column":17},"end":{"line":579,"column":3}},"line":573}},"f":{"0":8,"1":81,"2":81,"3":22,"4":35,"5":45,"6":1,"7":7,"8":4,"9":3,"10":0,"11":3,"12":0,"13":3,"14":0,"15":3,"16":0,"17":3,"18":0,"19":0,"20":33,"21":25,"22":1,"23":1,"24":1,"25":1,"26":1,"27":1,"28":1,"29":1,"30":41,"31":41,"32":0,"33":0,"34":0,"35":0,"36":0,"37":0,"38":0,"39":0,"40":4,"41":1}}
,"/Users/a_ng_d/DEV/utils-ui-color-palette/src/modules/contrast/contrast.ts": {"path":"/Users/a_ng_d/DEV/utils-ui-color-palette/src/modules/contrast/contrast.ts","all":false,"statementMap":{"0":{"start":{"line":1,"column":0},"end":{"line":1,"column":63}},"1":{"start":{"line":2,"column":0},"end":{"line":2,"column":30}},"2":{"start":{"line":3,"column":0},"end":{"line":3,"column":62}},"3":{"start":{"line":4,"column":0},"end":{"line":4,"column":0}},"4":{"start":{"line":5,"column":0},"end":{"line":5,"column":31}},"5":{"start":{"line":6,"column":0},"end":{"line":6,"column":34}},"6":{"start":{"line":7,"column":0},"end":{"line":7,"column":29}},"7":{"start":{"line":8,"column":0},"end":{"line":8,"column":0}},"8":{"start":{"line":9,"column":0},"end":{"line":9,"column":15}},"9":{"start":{"line":10,"column":0},"end":{"line":10,"column":32}},"10":{"start":{"line":11,"column":0},"end":{"line":11,"column":26}},"11":{"start":{"line":12,"column":0},"end":{"line":12,"column":6}},"12":{"start":{"line":13,"column":0},"end":{"line":13,"column":29}},"13":{"start":{"line":14,"column":0},"end":{"line":14,"column":24}},"14":{"start":{"line":15,"column":0},"end":{"line":15,"column":6}},"15":{"start":{"line":16,"column":0},"end":{"line":16,"column":42}},"16":{"start":{"line":17,"column":0},"end":{"line":17,"column":30}},"17":{"start":{"line":18,"column":0},"end":{"line":18,"column":3}},"18":{"start":{"line":19,"column":0},"end":{"line":19,"column":0}},"19":{"start":{"line":20,"column":0},"end":{"line":20,"column":35}},"20":{"start":{"line":21,"column":0},"end":{"line":21,"column":78}},"21":{"start":{"line":22,"column":0},"end":{"line":22,"column":3}},"22":{"start":{"line":23,"column":0},"end":{"line":23,"column":0}},"23":{"start":{"line":24,"column":0},"end":{"line":24,"column":35}},"24":{"start":{"line":25,"column":0},"end":{"line":25,"column":20}},"25":{"start":{"line":26,"column":0},"end":{"line":26,"column":19}},"26":{"start":{"line":27,"column":0},"end":{"line":27,"column":46}},"27":{"start":{"line":28,"column":0},"end":{"line":28,"column":37}},"28":{"start":{"line":29,"column":0},"end":{"line":29,"column":17}},"29":{"start":{"line":30,"column":0},"end":{"line":30,"column":5}},"30":{"start":{"line":31,"column":0},"end":{"line":31,"column":3}},"31":{"start":{"line":32,"column":0},"end":{"line":32,"column":0}},"32":{"start":{"line":33,"column":0},"end":{"line":33,"column":44}},"33":{"start":{"line":34,"column":0},"end":{"line":34,"column":39}},"34":{"start":{"line":35,"column":0},"end":{"line":35,"column":11}},"35":{"start":{"line":36,"column":0},"end":{"line":36,"column":67}},"36":{"start":{"line":37,"column":0},"end":{"line":37,"column":14}},"37":{"start":{"line":38,"column":0},"end":{"line":38,"column":15}},"38":{"start":{"line":39,"column":0},"end":{"line":39,"column":3}},"39":{"start":{"line":40,"column":0},"end":{"line":40,"column":0}},"40":{"start":{"line":41,"column":0},"end":{"line":41,"column":39}},"41":{"start":{"line":42,"column":0},"end":{"line":42,"column":36}},"42":{"start":{"line":43,"column":0},"end":{"line":43,"column":14}},"43":{"start":{"line":44,"column":0},"end":{"line":44,"column":24}},"44":{"start":{"line":45,"column":0},"end":{"line":45,"column":24}},"45":{"start":{"line":46,"column":0},"end":{"line":46,"column":24}},"46":{"start":{"line":47,"column":0},"end":{"line":47,"column":7}},"47":{"start":{"line":48,"column":0},"end":{"line":48,"column":8}},"48":{"start":{"line":49,"column":0},"end":{"line":49,"column":14}},"49":{"start":{"line":50,"column":0},"end":{"line":50,"column":24}},"50":{"start":{"line":51,"column":0},"end":{"line":51,"column":24}},"51":{"start":{"line":52,"column":0},"end":{"line":52,"column":24}},"52":{"start":{"line":53,"column":0},"end":{"line":53,"column":7}},"53":{"start":{"line":54,"column":0},"end":{"line":54,"column":3}},"54":{"start":{"line":55,"column":0},"end":{"line":55,"column":0}},"55":{"start":{"line":56,"column":0},"end":{"line":56,"column":39}},"56":{"start":{"line":57,"column":0},"end":{"line":57,"column":47}},"57":{"start":{"line":58,"column":0},"end":{"line":58,"column":14}},"58":{"start":{"line":59,"column":0},"end":{"line":59,"column":24}},"59":{"start":{"line":60,"column":0},"end":{"line":60,"column":24}},"60":{"start":{"line":61,"column":0},"end":{"line":61,"column":24}},"61":{"start":{"line":62,"column":0},"end":{"line":62,"column":7}},"62":{"start":{"line":63,"column":0},"end":{"line":63,"column":8}},"63":{"start":{"line":64,"column":0},"end":{"line":64,"column":14}},"64":{"start":{"line":65,"column":0},"end":{"line":65,"column":24}},"65":{"start":{"line":66,"column":0},"end":{"line":66,"column":24}},"66":{"start":{"line":67,"column":0},"end":{"line":67,"column":24}},"67":{"start":{"line":68,"column":0},"end":{"line":68,"column":7}},"68":{"start":{"line":69,"column":0},"end":{"line":69,"column":3}},"69":{"start":{"line":70,"column":0},"end":{"line":70,"column":0}},"70":{"start":{"line":71,"column":0},"end":{"line":71,"column":51}},"71":{"start":{"line":72,"column":0},"end":{"line":72,"column":49}},"72":{"start":{"line":73,"column":0},"end":{"line":73,"column":3}},"73":{"start":{"line":74,"column":0},"end":{"line":74,"column":0}},"74":{"start":{"line":75,"column":0},"end":{"line":75,"column":39}},"75":{"start":{"line":76,"column":0},"end":{"line":76,"column":58}},"76":{"start":{"line":77,"column":0},"end":{"line":77,"column":68}},"77":{"start":{"line":78,"column":0},"end":{"line":78,"column":27}},"78":{"start":{"line":79,"column":0},"end":{"line":79,"column":68}},"79":{"start":{"line":80,"column":0},"end":{"line":80,"column":24}},"80":{"start":{"line":81,"column":0},"end":{"line":81,"column":68}},"81":{"start":{"line":82,"column":0},"end":{"line":82,"column":24}},"82":{"start":{"line":83,"column":0},"end":{"line":83,"column":68}},"83":{"start":{"line":84,"column":0},"end":{"line":84,"column":24}},"84":{"start":{"line":85,"column":0},"end":{"line":85,"column":68}},"85":{"start":{"line":86,"column":0},"end":{"line":86,"column":23}},"86":{"start":{"line":87,"column":0},"end":{"line":87,"column":51}},"87":{"start":{"line":88,"column":0},"end":{"line":88,"column":0}},"88":{"start":{"line":89,"column":0},"end":{"line":89,"column":20}},"89":{"start":{"line":90,"column":0},"end":{"line":90,"column":3}},"90":{"start":{"line":91,"column":0},"end":{"line":91,"column":0}},"91":{"start":{"line":92,"column":0},"end":{"line":92,"column":65}},"92":{"start":{"line":93,"column":0},"end":{"line":93,"column":53}},"93":{"start":{"line":94,"column":0},"end":{"line":94,"column":65}},"94":{"start":{"line":95,"column":0},"end":{"line":95,"column":3}},"95":{"start":{"line":96,"column":0},"end":{"line":96,"column":0}},"96":{"start":{"line":97,"column":0},"end":{"line":97,"column":34}},"97":{"start":{"line":98,"column":0},"end":{"line":98,"column":24}},"98":{"start":{"line":99,"column":0},"end":{"line":99,"column":19}},"99":{"start":{"line":100,"column":0},"end":{"line":100,"column":16}},"100":{"start":{"line":101,"column":0},"end":{"line":101,"column":64}},"101":{"start":{"line":102,"column":0},"end":{"line":102,"column":15}},"102":{"start":{"line":103,"column":0},"end":{"line":103,"column":17}},"103":{"start":{"line":104,"column":0},"end":{"line":104,"column":48}},"104":{"start":{"line":105,"column":0},"end":{"line":105,"column":0}},"105":{"start":{"line":106,"column":0},"end":{"line":106,"column":35}},"106":{"start":{"line":107,"column":0},"end":{"line":107,"column":40}},"107":{"start":{"line":108,"column":0},"end":{"line":108,"column":78}},"108":{"start":{"line":109,"column":0},"end":{"line":109,"column":0}},"109":{"start":{"line":110,"column":0},"end":{"line":110,"column":22}},"110":{"start":{"line":111,"column":0},"end":{"line":111,"column":62}},"111":{"start":{"line":112,"column":0},"end":{"line":112,"column":35}},"112":{"start":{"line":113,"column":0},"end":{"line":113,"column":65}},"113":{"start":{"line":114,"column":0},"end":{"line":114,"column":33}},"114":{"start":{"line":115,"column":0},"end":{"line":115,"column":5}},"115":{"start":{"line":116,"column":0},"end":{"line":116,"column":0}},"116":{"start":{"line":117,"column":0},"end":{"line":117,"column":27}},"117":{"start":{"line":118,"column":0},"end":{"line":118,"column":3}},"118":{"start":{"line":119,"column":0},"end":{"line":119,"column":1}}},"s":{"0":1,"1":1,"2":1,"3":1,"4":1,"5":10,"6":10,"7":10,"8":10,"9":10,"10":10,"11":10,"12":10,"13":10,"14":10,"15":10,"16":10,"17":10,"18":10,"19":10,"20":8,"21":8,"22":10,"23":10,"24":5,"25":5,"26":5,"27":5,"28":5,"29":5,"30":5,"31":10,"32":10,"33":2,"34":0,"35":2,"36":0,"37":2,"38":2,"39":10,"40":10,"41":1,"42":1,"43":1,"44":1,"45":1,"46":1,"47":0,"48":0,"49":0,"50":0,"51":0,"52":0,"53":1,"54":10,"55":10,"56":1,"57":1,"58":1,"59":1,"60":1,"61":1,"62":0,"63":0,"64":0,"65":0,"66":0,"67":0,"68":1,"69":10,"70":10,"71":1,"72":1,"73":10,"74":10,"75":3,"76":0,"77":3,"78":0,"79":3,"80":0,"81":3,"82":0,"83":3,"84":0,"85":3,"86":0,"87":0,"88":0,"89":3,"90":10,"91":10,"92":21,"93":21,"94":21,"95":10,"96":10,"97":2,"98":2,"99":2,"100":2,"101":2,"102":2,"103":2,"104":2,"105":2,"106":20,"107":20,"108":20,"109":20,"110":20,"111":1,"112":10,"113":3,"114":20,"115":2,"116":2,"117":2,"118":10},"branchMap":{"0":{"type":"branch","line":5,"loc":{"start":{"line":5,"column":30},"end":{"line":119,"column":1}},"locations":[{"start":{"line":5,"column":30},"end":{"line":119,"column":1}}]},"1":{"type":"branch","line":9,"loc":{"start":{"line":9,"column":2},"end":{"line":18,"column":3}},"locations":[{"start":{"line":9,"column":2},"end":{"line":18,"column":3}}]},"2":{"type":"branch","line":20,"loc":{"start":{"line":20,"column":20},"end":{"line":22,"column":3}},"locations":[{"start":{"line":20,"column":20},"end":{"line":22,"column":3}}]},"3":{"type":"branch","line":24,"loc":{"start":{"line":24,"column":20},"end":{"line":31,"column":3}},"locations":[{"start":{"line":24,"column":20},"end":{"line":31,"column":3}}]},"4":{"type":"branch","line":33,"loc":{"start":{"line":33,"column":17},"end":{"line":39,"column":3}},"locations":[{"start":{"line":33,"column":17},"end":{"line":39,"column":3}}]},"5":{"type":"branch","line":34,"loc":{"start":{"line":34,"column":36},"end":{"line":35,"column":11}},"locations":[{"start":{"line":34,"column":36},"end":{"line":35,"column":11}}]},"6":{"type":"branch","line":36,"loc":{"start":{"line":36,"column":66},"end":{"line":37,"column":14}},"locations":[{"start":{"line":36,"column":66},"end":{"line":37,"column":14}}]},"7":{"type":"branch","line":41,"loc":{"start":{"line":41,"column":22},"end":{"line":54,"column":3}},"locations":[{"start":{"line":41,"column":22},"end":{"line":54,"column":3}}]},"8":{"type":"branch","line":47,"loc":{"start":{"line":47,"column":6},"end":{"line":53,"column":7}},"locations":[{"start":{"line":47,"column":6},"end":{"line":53,"column":7}}]},"9":{"type":"branch","line":56,"loc":{"start":{"line":56,"column":22},"end":{"line":69,"column":3}},"locations":[{"start":{"line":56,"column":22},"end":{"line":69,"column":3}}]},"10":{"type":"branch","line":62,"loc":{"start":{"line":62,"column":6},"end":{"line":68,"column":7}},"locations":[{"start":{"line":62,"column":6},"end":{"line":68,"column":7}}]},"11":{"type":"branch","line":71,"loc":{"start":{"line":71,"column":20},"end":{"line":73,"column":3}},"locations":[{"start":{"line":71,"column":20},"end":{"line":73,"column":3}}]},"12":{"type":"branch","line":75,"loc":{"start":{"line":75,"column":24},"end":{"line":90,"column":3}},"locations":[{"start":{"line":75,"column":24},"end":{"line":90,"column":3}}]},"13":{"type":"branch","line":76,"loc":{"start":{"line":76,"column":45},"end":{"line":77,"column":68}},"locations":[{"start":{"line":76,"column":45},"end":{"line":77,"column":68}}]},"14":{"type":"branch","line":78,"loc":{"start":{"line":78,"column":6},"end":{"line":79,"column":68}},"locations":[{"start":{"line":78,"column":6},"end":{"line":79,"column":68}}]},"15":{"type":"branch","line":80,"loc":{"start":{"line":80,"column":6},"end":{"line":81,"column":68}},"locations":[{"start":{"line":80,"column":6},"end":{"line":81,"column":68}}]},"16":{"type":"branch","line":82,"loc":{"start":{"line":82,"column":6},"end":{"line":83,"column":68}},"locations":[{"start":{"line":82,"column":6},"end":{"line":83,"column":68}}]},"17":{"type":"branch","line":84,"loc":{"start":{"line":84,"column":6},"end":{"line":85,"column":68}},"locations":[{"start":{"line":84,"column":6},"end":{"line":85,"column":68}}]},"18":{"type":"branch","lin
[...]
,"186":16,"187":16,"188":16,"189":16,"190":16,"191":16,"192":16,"193":16,"194":16,"195":16,"196":16,"197":16,"198":16,"199":6,"200":16,"201":2,"202":16,"203":2,"204":16,"205":2,"206":16,"207":2,"208":16,"209":2,"210":16,"211":0,"212":16,"213":16,"214":9,"215":9,"216":9,"217":9,"218":9,"219":9,"220":9,"221":9,"222":9,"223":9,"224":9,"225":9,"226":9,"227":9,"228":9,"229":9,"230":9,"231":9,"232":9,"233":9,"234":9,"235":9,"236":9,"237":9,"238":9,"239":9,"240":9,"241":9,"242":9,"243":9,"244":9,"245":9,"246":9,"247":9,"248":9,"249":9,"250":9,"251":9,"252":9,"253":9,"254":9,"255":9,"256":9,"257":9,"258":9,"259":9,"260":9,"261":18,"262":18,"263":18,"264":18,"265":18,"266":9,"267":9,"268":9,"269":9,"270":18,"271":18,"272":18,"273":18,"274":18,"275":18,"276":18,"277":18,"278":18,"279":18,"280":18,"281":18,"282":18,"283":18,"284":18,"285":18,"286":18,"287":18,"288":18,"289":18,"290":18,"291":18,"292":18,"293":9,"294":0,"295":18,"296":0,"297":0,"298":0,"299":18,"300":18,"301":18,"302":18,"303":18,"304":18,"305":18,"306":18,"307":18,"308":18,"309":18,"310":18,"311":18,"312":18,"313":9,"314":0,"315":0,"316":18,"317":18,"318":18,"319":9,"320":0,"321":0,"322":18,"323":18,"324":18,"325":9,"326":0,"327":0,"328":18,"329":18,"330":18,"331":9,"332":0,"333":0,"334":18,"335":18,"336":18,"337":9,"338":0,"339":0,"340":18,"341":18,"342":18,"343":9,"344":0,"345":0,"346":18,"347":18,"348":18,"349":9,"350":0,"351":0,"352":18,"353":18,"354":18,"355":9,"356":0,"357":0,"358":18,"359":18,"360":18,"361":2,"362":16,"363":18,"364":18,"365":2,"366":16,"367":18,"368":18,"369":2,"370":2,"371":2,"372":2,"373":2,"374":2,"375":2,"376":2,"377":2,"378":2,"379":2,"380":16,"381":18,"382":18,"383":18,"384":18,"385":18,"386":18,"387":18,"388":18,"389":18,"390":9,"391":0,"392":18,"393":18,"394":18,"395":9,"396":9,"397":9,"398":9,"399":9,"400":9,"401":9,"402":9,"403":9,"404":12,"405":12,"406":1,"407":1,"408":1,"409":1,"410":1,"411":1,"412":1,"413":1,"414":1,"415":1,"416":1,"417":12},"branchMap":{"0":{"type":"branch","line":18,"loc":{"start":{"line":18,"column":26},"end":{"line":418,"column":1}},"locations":[{"start":{"line":18,"column":26},"end":{"line":418,"column":1}}]},"1":{"type":"branch","line":25,"loc":{"start":{"line":25,"column":2},"end":{"line":47,"column":3}},"locations":[{"start":{"line":25,"column":2},"end":{"line":47,"column":3}}]},"2":{"type":"branch","line":38,"loc":{"start":{"line":38,"column":17},"end":{"line":38,"column":44}},"locations":[{"start":{"line":38,"column":17},"end":{"line":38,"column":44}}]},"3":{"type":"branch","line":45,"loc":{"start":{"line":45,"column":47},"end":{"line":46,"column":32}},"locations":[{"start":{"line":45,"column":47},"end":{"line":46,"column":32}}]},"4":{"type":"branch","line":45,"loc":{"start":{"line":45,"column":18},"end":{"line":45,"column":44}},"locations":[{"start":{"line":45,"column":18},"end":{"line":45,"column":44}}]},"5":{"type":"branch","line":49,"loc":{"start":{"line":49,"column":26},"end":{"line":67,"column":3}},"locations":[{"start":{"line":49,"column":26},"end":{"line":67,"column":3}}]},"6":{"type":"branch","line":57,"loc":{"start":{"line":57,"column":23},"end":{"line":58,"column":21}},"locations":[{"start":{"line":57,"column":23},"end":{"line":58,"column":21}}]},"7":{"type":"branch","line":58,"loc":{"start":{"line":58,"column":12},"end":{"line":59,"column":68}},"locations":[{"start":{"line":58,"column":12},"end":{"line":59,"column":68}}]},"8":{"type":"branch","line":61,"loc":{"start":{"line":61,"column":23},"end":{"line":62,"column":21}},"locations":[{"start":{"line":61,"column":23},"end":{"line":62,"column":21}}]},"9":{"type":"branch","line":62,"loc":{"start":{"line":62,"column":12},"end":{"line":63,"column":72}},"locations":[{"start":{"line":62,"column":12},"end":{"line":63,"column":72}}]},"10":{"type":"branch","line":64,"loc":{"start":{"line":64,"column":31},"end":{"line":64,"column":48}},"locations":[{"start":{"line":64,"column":31},"end":{"line":64,"column":48}}]},"11":{"type":"branch","line":64,"loc":{"start":{"line":64,"column":43},"end":{"line":64,"column":66}},"locations":[{"start":{"line":64,"column":43},"end":{"line":64,"column":66}}]},"12":{"type":"branch","line":66,"loc":{"start":{"line":66,"column":23},"end":{"line":66,"column":40}},"locations":[{"start":{"line":66,"column":23},"end":{"line":66,"column":40}}]},"13":{"type":"branch","line":55,"loc":{"start":{"line":55,"column":35},"end":{"line":55,"column":66}},"locations":[{"start":{"line":55,"column":35},"end":{"line":55,"column":66}}]},"14":{"type":"branch","line":59,"loc":{"start":{"line":59,"column":35},"end":{"line":59,"column":66}},"locations":[{"start":{"line":59,"column":35},"end":{"line":59,"column":66}}]},"15":{"type":"branch","line":63,"loc":{"start":{"line":63,"column":35},"end":{"line":63,"column":70}},"locations":[{"start":{"line":63,"column":35},"end":{"line":63,"column":70}}]},"16":{"type":"branch","line":69,"loc":{"start":{"line":69,"column":20},"end":{"line":404,"column":3}},"locations":[{"start":{"line":69,"column":20},"end":{"line":404,"column":3}}]},"17":{"type":"branch","line":70,"loc":{"start":{"line":70,"column":24},"end":{"line":401,"column":5}},"locations":[{"start":{"line":70,"column":24},"end":{"line":401,"column":5}}]},"18":{"type":"branch","line":78,"loc":{"start":{"line":78,"column":31},"end":{"line":399,"column":7}},"locations":[{"start":{"line":78,"column":31},"end":{"line":399,"column":7}}]},"19":{"type":"branch","line":253,"loc":{"start":{"line":253,"column":12},"end":{"line":253,"column":36}},"locations":[{"start":{"line":253,"column":12},"end":{"line":253,"column":36}}]},"20":{"type":"branch","line":81,"loc":{"start":{"line":81,"column":15},"end":{"line":215,"column":11}},"locations":[{"start":{"line":81,"column":15},"end":{"line":215,"column":11}}]},"21":{"type":"branch","line":82,"loc":{"start":{"line":82,"column":39},"end":{"line":181,"column":19}},"locations":[{"start":{"line":82,"column":39},"end":{"line":181,"column":19}}]},"22":{"type":"branch","line":92,"loc":{"start":{"line":92,"column":60},"end":{"line":92,"column":70}},"locations":[{"start":{"line":92,"column":60},"end":{"line":92,"column":70}}]},"23":{"type":"branch","line":94,"loc":{"start":{"line":94,"column":66},"end":{"line":94,"column":78}},"locations":[{"start":{"line":94,"column":66},"end":{"line":94,"column":78}}]},"24":{"type":"branch","line":107,"loc":{"start":{"line":107,"column":35},"end":{"line":112,"column":23}},"locations":[{"start":{"line":107,"column":35},"end":{"line":112,"column":23}}]},"25":{"type":"branch","line":118,"loc":{"start":{"line":118,"column":16},"end":{"line":129,"column":23}},"locations":[{"start":{"line":118,"column":16},"end":{"line":129,"column":23}}]},"26":{"type":"branch","line":130,"loc":{"start":{"line":130,"column":16},"end":{"line":141,"column":23}},"locations":[{"start":{"line":130,"column":16},"end":{"line":141,"column":23}}]},"27":{"type":"branch","line":142,"loc":{"start":{"line":142,"column":16},"end":{"line":153,"column":23}},"locations":[{"start":{"line":142,"column":16},"end":{"line":153,"column":23}}]},"28":{"type":"branch","line":154,"loc":{"start":{"line":154,"column":16},"end":{"line":165,"column":23}},"locations":[{"start":{"line":154,"column":16},"end":{"line":165,"column":23}}]},"29":{"type":"branch","line":166,"loc":{"start":{"line":166,"column":16},"end":{"line":177,"column":23}},"locations":[{"start":{"line":166,"column":16},"end":{"line":177,"column":23}}]},"30":{"type":"branch","line":178,"loc":{"start":{"line":178,"column":16},"end":{"line":179,"column":64}},"locations":[{"start":{"line":178,"column":16},"end":{"line":179,"column":64}}]},"31":{"type":"branch","line":181,"loc":{"start":{"line":181,"column":12},"end":{"line":214,"column":13}},"locations":[{"start":{"line":181,"column":12},"end":{"line":214,"column":13}}]},"32":{"type":"branch","line":191,"loc":{"start":{"line":191,"column":60},"end":{"line":191,"column":70}},"locations":[{"start":{"line":191,"column":60},"end":{"line":191,"column":70}}]},"33":{"type":"branch","line":193,"loc":{"start":{"line":193,"column":66},"end":{"line":193,"column":78}},"locations":[{"start":{"line":193,"column":66},"end":{"line":193,"column":78}}]},"34":{"type":"branch","line":199,"loc":{"start":{"line":199,"column":16},"end":{"line":200,"column":53}},"locations":[{"start":{"line":199,"column":16},"end":{"line":200,"column":53}}]},"35":{"type":"branch","line":201,"loc":{"start":{"line":201,"column":16},"end":{"line":202,"column":55}},"locations":[{"start":{"line":201,"column":16},"end":{"line":202,"column":55}}]},"36":{"type":"branch","line":203,"loc":{"start":{"line":203,"column":16},"end":{"line":204,"column":53}},"locations":[{"start":{"line":203,"column":16},"end":{"line":204,"column":53}}]},"37":{"type":"branch","line":205,"loc":{"start":{"line":205,"column":16},"end":{"line":206,"column":55}},"locations":[{"start":{"line":205,"column":16},"end":{"line":206,"column":55}}]},"38":{"type":"branch","line":207,"loc":{"start":{"line":207,"column":16},"end":{"line":208,"column":53}},"locations":[{"start":{"line":207,"column":16},"end":{"line":208,"column":53}}]},"39":{"type":"branch","line":209,"loc":{"start":{"line":209,"column":16},"end":{"line":210,"column":55}},"locations":[{"start":{"line":209,"column":16},"end":{"line":210,"column":55}}]},"40":{"type":"branch","line":211,"loc":{"start":{"line":211,"column":16},"end":{"line":212,"column":47}},"locations":[{"start":{"line":211,"column":16},"end":{"line":212,"column":47}}]},"41":{"type":"branch","line":261,"loc":{"start":{"line":261,"column":43},"end":{"line":266,"column":11}},"locations":[{"start":{"line":261,"column":43},"end":{"line":266,"column":11}}]},"42":{"type":"branch","line":270,"loc":{"start":{"line":270,"column":29},"end":{"line":396,"column":9}},"locations":[{"start":{"line":270,"column":29},"end":{"line":396,"column":9}}]},"43":{"type":"branch","line":279,"loc":{"start":{"line":279,"column":12},"end":{"line":279,"column":20}},"locations":[{"start":{"line":279,"column":12},"end":{"line":279,"column":20}}]},"44":{"type":"branch","line":293,"loc":{"start":{"line":293,"column":22},"end":{"line":294,"column":46}},"locations":[{"start":{"line":293,"column":22},"end":{"line":294,"column":46}}]},"45":{"type":"branch","line":294,"loc":{"start":{"line":294,"column":22},"end":{"line":295,"column":34}},"locations":[{"start":{"line":294,"column":22},"end":{"line":295,"column":34}}]},"46":{"type":"branch","line":296,"loc":{"start":{"line":296,"column":12},"end":{"line":300,"column":17}},"locations":[{"start":{"line":296,"column":12},"end":{"line":300,"column":17}}]},"47":{"type":"branch","line":309,"loc":{"start":{"line":309,"column":112},"end":{"line":309,"column":133}},"locations":[{"start":{"line":309,"column":112},"end":{"line":309,"column":133}}]},"48":{"type":"branch","line":310,"loc":{"start":{"line":310,"column":26},"end":{"line":310,"column":50}},"locations":[{"start":{"line":310,"column":26},"end":{"line":310,"column":50}}]},"49":{"type":"branch","line":310,"loc":{"start":{"line":310,"column":38},"end":{"line":310,"column":61}},"locations":[{"start":{"line":310,"column":38},"end":{"line":310,"column":61}}]},"50":{"type":"branch","line":313,"loc":{"start":{"line":313,"column":24},"end":{"line":314,"column":48}},"locations":[{"start":{"line":313,"column":24},"end":{"line":314,"column":48}}]},"51":{"type":"branch","line":314,"loc":{"start":{"line":314,"column":24},"end":{"line":315,"column":36}},"locations":[{"start":{"line":314,"column":24},"end":{"line":315,"column":36}}]},"52":{"type":"branch","line":315,"loc":{"start":{"line":315,"column":27},"end":{"line":316,"column":55}},"locations":[{"start":{"line":315,"column":27},"end":{"line":316,"column":55}}]},"53":{"type":"branch","line":319,"loc":{"start":{"line":319,"column":24},"end":{"line":320,"column":48}},"locations":[{"start":{"line":319,"column":24},"end":{"line":320,"column":48}}]},"54":{"type":"branch","line":320,"loc":{"start":{"line":320,"column":24},"end":{"line":321,"column":36}},"locations":[{"start":{"line":320,"column":24},"end":{"line":321,"column":36}}]},"55":{"type":"branch","line":321,"loc":{"start":{"line":321,"column":27},"end":{"line":322,"column":55}},"locations":[{"start":{"line":321,"column":27},"end":{"line":322,"column":55}}]},"56":{"type":"branch","line":325,"loc":{"start":{"line":325,"column":24},"end":{"line":326,"column":48}},"locations":[{"start":{"line":325,"column":24},"end":{"line":326,"column":48}}]},"57":{"type":"branch","line":326,"loc":{"start":{"line":326,"column":24},"end":{"line":327,"column":36}},"locations":[{"start":{"line":326,"column":24},"end":{"line":327,"column":36}}]},"58":{"type":"branch","line":327,"loc":{"start":{"line":327,"column":27},"end":{"line":328,"column":54}},"locations":[{"start":{"line":327,"column":27},"end":{"line":328,"column":54}}]},"59":{"type":"branch","line":331,"loc":{"start":{"line":331,"column":24},"end":{"line":332,"column":48}},"locations":[{"start":{"line":331,"column":24},"end":{"line":332,"column":48}}]},"60":{"type":"branch","line":332,"loc":{"start":{"line":332,"column":24},"end":{"line":333,"column":36}},"locations":[{"start":{"line":332,"column":24},"end":{"line":333,"column":36}}]},"61":{"type":"branch","line":333,"loc":{"start":{"line":333,"column":27},"end":{"line":334,"column":55}},"locations":[{"start":{"line":333,"column":27},"end":{"line":334,"column":55}}]},"62":{"type":"branch","line":337,"loc":{"start":{"line":337,"column":24},"end":{"line":338,"column":48}},"locations":[{"start":{"line":337,"column":24},"end":{"line":338,"column":48}}]},"63":{"type":"branch","line":338,"loc":{"start":{"line":338,"column":24},"end":{"line":339,"column":36}},"locations":[{"start":{"line":338,"column":24},"end":{"line":339,"column":36}}]},"64":{"type":"branch","line":339,"loc":{"start":{"line":339,"column":27},"end":{"line":340,"column":57}},"locations":[{"start":{"line":339,"column":27},"end":{"line":340,"column":57}}]},"65":{"type":"branch","line":343,"loc":{"start":{"line":343,"column":24},"end":{"line":344,"column":48}},"locations":[{"start":{"line":343,"column":24},"end":{"line":344,"column":48}}]},"66":{"type":"branch","line":344,"loc":{"start":{"line":344,"column":24},"end":{"line":345,"column":36}},"locations":[{"start":{"line":344,"column":24},"end":{"line":345,"column":36}}]},"67":{"type":"branch","line":345,"loc":{"start":{"line":345,"column":27},"end":{"line":346,"column":55}},"locations":[{"start":{"line":345,"column":27},"end":{"line":346,"column":55}}]},"68":{"type":"branch","line":349,"loc":{"start":{"line":349,"column":24},"end":{"line":350,"column":48}},"locations":[{"start":{"line":349,"column":24},"end":{"line":350,"column":48}}]},"69":{"type":"branch","line":350,"loc":{"start":{"line":350,"column":24},"end":{"line":351,"column":36}},"locations":[{"start":{"line":350,"column":24},"end":{"line":351,"column":36}}]},"70":{"type":"branch","line":351,"loc":{"start":{"line":351,"column":27},"end":{"line":352,"column":57}},"locations":[{"start":{"line":351,"column":27},"end":{"line":352,"column":57}}]},"71":{"type":"branch","line":355,"loc":{"start":{"line":355,"column":24},"end":{"line":356,"column":48}},"locations":[{"start":{"line":355,"column":24},"end":{"line":356,"column":48}}]},"72":{"type":"branch","line":356,"loc":{"start":{"line":356,"column":24},"end":{"line":357,"column":36}},"locations":[{"start":{"line":356,"column":24},"end":{"line":357,"column":36}}]},"73":{"type":"branch","line":357,"loc":{"start":{"line":357,"column":27},"end":{"line":358,"column":55}},"locations":[{"start":{"line":357,"column":27},"end":{"line":358,"column":55}}]},"74":{"type":"branch","line":361,"loc":{"start":{"line":361,"column":31},"end":{"line":362,"column":76}},"locations":[{"start":{"line":361,"column":31},"end":{"line":362,"column":76}}]},"75":{"type":"branch","line":362,"loc":{"start":{"line":362,"column":75},"end":{"line":363,"column":26}},"locations":[{"start":{"line":362,"column":75},"end":{"line":363,"column":26}}]},"76":{"type":"branch","line":365,"loc":{"start":{"line":365,"column":26},"end":{"line":365,"column":66}},"locations":[{"start":{"line":365,"column":26},"end":{"line":365,"column":66}}]},"77":{"type":"branch","line":365,"loc":{"start":{"line":365,"column":51},"end":{"line":366,"column":57}},"locations":[{"start":{"line":365,"column":51},"end":{"line":366,"column":57}}]},"78":{"type":"branch","line":366,"loc":{"start":{"line":366,"column":56},"end":{"line":367,"column":28}},"locations":[{"start":{"line":366,"column":56},"end":{"line":367,"column":28}}]},"79":{"type":"branch","line":369,"loc":{"start":{"line":369,"column":26},"end":{"line":369,"column":66}},"locations":[{"start":{"line":369,"column":26},"end":{"line":369,"column":66}}]},"80":{"type":"branch","line":369,"loc":{"start":{"line":369,"column":51},"end":{"line":380,"column":19}},"locations":[{"start":{"line":369,"column":51},"end":{"line":380,"column":19}}]},"81":{"type":"branch","line":380,"loc":{"start":{"line":380,"column":18},"end":{"line":381,"column":28}},"locations":[{"start":{"line":380,"column":18},"end":{"line":381,"column":28}}]},"82":{"type":"branch","line":383,"loc":{"start":{"line":383,"column":14},"end":{"line":383,"column":38}},"locations":[{"start":{"line":383,"column":14},"end":{"line":383,"column":38}}]},"83":{"type":"branch","line":388,"loc":{"start":{"line":388,"column":39},"end":{"line":388,"column":77}},"locations":[{"start":{"line":388,"column":39},"end":{"line":388,"column":77}}]},"84":{"type":"branch","line":390,"loc":{"start":{"line":390,"column":24},"end":{"line":391,"column":48}},"locations":[{"start":{"line":390,"column":24},"end":{"line":391,"column":48}}]},"85":{"type":"branch","line":391,"loc":{"start":{"line":391,"column":24},"end":{"line":392,"column":37}},"locations":[{"start":{"line":391,"column":24},"end":{"line":392,"column":37}}]},"86":{"type":"branch","line":278,"loc":{"start":{"line":278,"column":14},"end":{"line":278,"column":48}},"locations":[{"start":{"line":278,"column":14},"end":{"line":278,"column":48}}]},"87":{"type":"branch","line":406,"loc":{"start":{"line":406,"column":24},"end":{"line":417,"column":3}},"locations":[{"start":{"line":406,"column":24},"end":{"line":417,"column":3}}]}},"b":{"0":[12],"1":[12],"2":[0],"3":[0],"4":[12],"5":[29],"6":[28],"7":[1],"8":[28],"9":[1],"10":[28],"11":[1],"12":[0],"13":[1],"14":[1],"15":[1],"16":[9],"17":[9],"18":[9],"19":[0],"20":[18],"21":[2],"22":[0],"23":[0],"24":[0],"25":[0],"26":[0],"27":[0],"28":[0],"29":[0],"30":[0],"31":[16],"32":[0],"33":[0],"34":[6],"35":[2],"36":[2],"37":[2],"38":[2],"39":[2],"40":[0],"41":[18],"42":[18],"43":[0],"44":[9],"45":[0],"46":[0],"47":[0],"48":[2],"49":[16],"50":[9],"51":[0],"52":[0],"53":[9],"54":[0],"55":[0],"56":[9],"57":[0],"58":[0],"59":[9],"60":[0],"61":[0],"62":[9],"63":[0],"64":[0],"65":[9],"66":[0],"67":[0],"68":[9],"69":[0],"70":[0],"71":[9],"72":[0],"73":[0],"74":[2],"75":[16],"76":[2],"77":[2],"78":[16],"79":[2],"80":[2],"81":[16],"82":[0],"83":[0],"84":[9],"85":[0],"86":[27],"87":[1]},"fnMap":{"0":{"name":"<instance_members_initializer>","decl":{"start":{"line":18,"column":26},"end":{"line":418,"column":1}},"loc":{"start":{"line":18,"column":26},"end":{"line":418,"column":1}},"line":18},"1":{"name":"Data","decl":{"start":{"line":25,"column":2},"end":{"line":47,"column":3}},"loc":{"start":{"line":25,"column":2},"end":{"line":47,"column":3}},"line":25},"2":{"name":"searchForShadeStyleId","decl":{"start":{"line":49,"column":26},"end":{"line":67,"column":3}},"loc":{"start":{"line":49,"column":26},"end":{"line":67,"column":3}},"line":49},"3":{"name":"makePaletteData","decl":{"start":{"line":69,"column":20},"end":{"line":404,"column":3}},"loc":{"start":{"line":69,"column":20},"end":{"line":404,"column":3}},"line":69},"4":{"name":"makePaletteFullData","decl":{"start":{"line":406,"column":24},"end":{"line":417,"column":3}},"loc":{"start":{"line":406,"column":24},"end":{"line":417,"column":3}},"line":406}},"f":{"0":12,"1":12,"2":29,"3":9,"4":1}}
}
