{"/Users/a_ng_d/DEV/utils-ui-color-palette/src/modules/color/color.ts": {"path":"/Users/a_ng_d/DEV/utils-ui-color-palette/src/modules/color/color.ts","all":false,"statementMap":{"0":{"start":{"line":1,"column":0},"end":{"line":1,"column":29}},"1":{"start":{"line":2,"column":0},"end":{"line":2,"column":30}},"9":{"start":{"line":10,"column":0},"end":{"line":10,"column":28}},"10":{"start":{"line":11,"column":0},"end":{"line":11,"column":15}},"11":{"start":{"line":12,"column":0},"end":{"line":12,"column":22}},"12":{"start":{"line":13,"column":0},"end":{"line":13,"column":22}},"13":{"start":{"line":14,"column":0},"end":{"line":14,"column":22}},"14":{"start":{"line":15,"column":0},"end":{"line":15,"column":4}},"15":{"start":{"line":16,"column":0},"end":{"line":16,"column":16}},"16":{"start":{"line":17,"column":0},"end":{"line":17,"column":22}},"17":{"start":{"line":18,"column":0},"end":{"line":18,"column":22}},"18":{"start":{"line":19,"column":0},"end":{"line":19,"column":22}},"19":{"start":{"line":20,"column":0},"end":{"line":20,"column":4}},"20":{"start":{"line":21,"column":0},"end":{"line":21,"column":17}},"21":{"start":{"line":22,"column":0},"end":{"line":22,"column":22}},"22":{"start":{"line":23,"column":0},"end":{"line":23,"column":18}},"23":{"start":{"line":24,"column":0},"end":{"line":24,"column":18}},"24":{"start":{"line":25,"column":0},"end":{"line":25,"column":4}},"25":{"start":{"line":26,"column":0},"end":{"line":26,"column":18}},"26":{"start":{"line":27,"column":0},"end":{"line":27,"column":18}},"27":{"start":{"line":28,"column":0},"end":{"line":28,"column":22}},"28":{"start":{"line":29,"column":0},"end":{"line":29,"column":22}},"29":{"start":{"line":30,"column":0},"end":{"line":30,"column":4}},"30":{"start":{"line":31,"column":0},"end":{"line":31,"column":15}},"31":{"start":{"line":32,"column":0},"end":{"line":32,"column":20}},"32":{"start":{"line":33,"column":0},"end":{"line":33,"column":22}},"33":{"start":{"line":34,"column":0},"end":{"line":34,"column":22}},"34":{"start":{"line":35,"column":0},"end":{"line":35,"column":4}},"35":{"start":{"line":36,"column":0},"end":{"line":36,"column":16}},"36":{"start":{"line":37,"column":0},"end":{"line":37,"column":22}},"37":{"start":{"line":38,"column":0},"end":{"line":38,"column":22}},"38":{"start":{"line":39,"column":0},"end":{"line":39,"column":22}},"39":{"start":{"line":40,"column":0},"end":{"line":40,"column":4}},"40":{"start":{"line":41,"column":0},"end":{"line":41,"column":18}},"41":{"start":{"line":42,"column":0},"end":{"line":42,"column":26}},"42":{"start":{"line":43,"column":0},"end":{"line":43,"column":26}},"43":{"start":{"line":44,"column":0},"end":{"line":44,"column":26}},"44":{"start":{"line":45,"column":0},"end":{"line":45,"column":4}},"45":{"start":{"line":46,"column":0},"end":{"line":46,"column":18}},"46":{"start":{"line":47,"column":0},"end":{"line":47,"column":25}},"47":{"start":{"line":48,"column":0},"end":{"line":48,"column":26}},"48":{"start":{"line":49,"column":0},"end":{"line":49,"column":25}},"49":{"start":{"line":50,"column":0},"end":{"line":50,"column":4}},"50":{"start":{"line":51,"column":0},"end":{"line":51,"column":1}},"52":{"start":{"line":53,"column":0},"end":{"line":53,"column":75}},"53":{"start":{"line":54,"column":0},"end":{"line":54,"column":25}},"54":{"start":{"line":55,"column":0},"end":{"line":55,"column":29}},"56":{"start":{"line":57,"column":0},"end":{"line":57,"column":10}},"57":{"start":{"line":58,"column":0},"end":{"line":58,"column":50}},"58":{"start":{"line":59,"column":0},"end":{"line":59,"column":50}},"59":{"start":{"line":60,"column":0},"end":{"line":60,"column":50}},"60":{"start":{"line":61,"column":0},"end":{"line":61,"column":3}},"61":{"start":{"line":62,"column":0},"end":{"line":62,"column":1}},"63":{"start":{"line":64,"column":0},"end":{"line":64,"column":28}},"64":{"start":{"line":65,"column":0},"end":{"line":65,"column":31}},"65":{"start":{"line":66,"column":0},"end":{"line":66,"column":30}},"66":{"start":{"line":67,"column":0},"end":{"line":67,"column":27}},"67":{"start":{"line":68,"column":0},"end":{"line":68,"column":23}},"68":{"start":{"line":69,"column":0},"end":{"line":69,"column":29}},"69":{"start":{"line":70,"column":0},"end":{"line":70,"column":32}},"70":{"start":{"line":71,"column":0},"end":{"line":71,"column":57}},"71":{"start":{"line":72,"column":0},"end":{"line":72,"column":65}},"73":{"start":{"line":74,"column":0},"end":{"line":74,"column":15}},"74":{"start":{"line":75,"column":0},"end":{"line":75,"column":19}},"75":{"start":{"line":76,"column":0},"end":{"line":76,"column":28}},"76":{"start":{"line":77,"column":0},"end":{"line":77,"column":79}},"77":{"start":{"line":78,"column":0},"end":{"line":78,"column":14}},"78":{"start":{"line":79,"column":0},"end":{"line":79,"column":20}},"79":{"start":{"line":80,"column":0},"end":{"line":80,"column":25}},"80":{"start":{"line":81,"column":0},"end":{"line":81,"column":28}},"81":{"start":{"line":82,"column":0},"end":{"line":82,"column":34}},"82":{"start":{"line":83,"column":0},"end":{"line":83,"column":6}},"91":{"start":{"line":92,"column":0},"end":{"line":92,"column":6}},"92":{"start":{"line":93,"column":0},"end":{"line":93,"column":24}},"93":{"start":{"line":94,"column":0},"end":{"line":94,"column":34}},"94":{"start":{"line":95,"column":0},"end":{"line":95,"column":30}},"95":{"start":{"line":96,"column":0},"end":{"line":96,"column":22}},"96":{"start":{"line":97,"column":0},"end":{"line":97,"column":34}},"97":{"start":{"line":98,"column":0},"end":{"line":98,"column":40}},"98":{"start":{"line":99,"column":0},"end":{"line":99,"column":44}},"99":{"start":{"line":100,"column":0},"end":{"line":100,"column":52}},"100":{"start":{"line":101,"column":0},"end":{"line":101,"column":3}},"102":{"start":{"line":103,"column":0},"end":{"line":103,"column":40}},"103":{"start":{"line":104,"column":0},"end":{"line":104,"column":71}},"104":{"start":{"line":105,"column":0},"end":{"line":105,"column":73}},"106":{"start":{"line":107,"column":0},"end":{"line":107,"column":33}},"107":{"start":{"line":108,"column":0},"end":{"line":108,"column":3}},"109":{"start":{"line":110,"column":0},"end":{"line":110,"column":46}},"110":{"start":{"line":111,"column":0},"end":{"line":111,"column":53}},"111":{"start":{"line":112,"column":0},"end":{"line":112,"column":39}},"112":{"start":{"line":113,"column":0},"end":{"line":113,"column":64}},"113":{"start":{"line":114,"column":0},"end":{"line":114,"column":41}},"114":{"start":{"line":115,"column":0},"end":{"line":115,"column":50}},"115":{"start":{"line":116,"column":0},"end":{"line":116,"column":62}},"116":{"start":{"line":117,"column":0},"end":{"line":117,"column":64}},"117":{"start":{"line":118,"column":0},"end":{"line":118,"column":72}},"118":{"start":{"line":119,"column":0},"end":{"line":119,"column":64}},"120":{"start":{"line":121,"column":0},"end":{"line":121,"column":39}},"121":{"start":{"line":122,"column":0},"end":{"line":122,"column":5}},"123":{"start":{"line":124,"column":0},"end":{"line":124,"column":17}},"124":{"start":{"line":125,"column":0},"end":{"line":125,"column":3}},"126":{"start":{"line":127,"column":0},"end":{"line":127,"column":53}},"127":{"start":{"line":128,"column":0},"end":{"line":128,"column":30}},"128":{"start":{"line":129,"column":0},"end":{"line":129,"column":57}},"130":{"start":{"line":131,"column":0},"end":{"line":131,"column":55}},"131":{"start":{"line":132,"column":0},"end":{"line":132,"column":3}},"133":{"start":{"line":134,"column":0},"end":{"line":134,"column":62}},"134":{"start":{"line":135,"column":0},"end":{"line":135,"column":30}},"135":{"start":{"line":136,"column":0},"end":{"line":136,"column":19}},"136":{"start":{"line":137,"column":0},"end":{"line":137,"column":73}},"137":{"start":{"line":138,"column":0},"end":{"line":138,"column":14}},"139":{"start":{"line":140,"column":0},"end":{"line":140,"column":72}},"140":{"start":{"line":141,"column":0},"end":{"line":141,"column":3}},"142":{"start":{"line":143,"column":0},"end":{"line":143,"column":48}},"143":{"start":{"line":144,"column":0},"end":{"line":144,"column":47}},"144":{"start":{"line":145,"column":0},"end":{"line":145,"column":23}},"145":{"start":{"line":146,"column":0},"end":{"line":146,"column":13}},"146":{"start":{"line":147,"column":0},"end":{"line":147,"column":25}},"147":{"start":{"line":148,"column":0},"end":{"line":148,"column":66}},"148":{"start":{"line":149,"column":0},"end":{"line":149,"column":32}},"149":{"start":{"line":150,"column":0},"end":{"line":150,"column":9}},"150":{"start":{"line":151,"column":0},"end":{"line":151,"column":14}},"152":{"start":{"line":153,"column":0},"end":{"line":153,"column":74}},"154":{"start":{"line":155,"column":0},"end":{"line":155,"column":47}},"155":{"start":{"line":156,"column":0},"end":{"line":156,"column":3}},"157":{"start":{"line":158,"column":0},"end":{"line":158,"column":49}},"158":{"start":{"line":159,"column":0},"end":{"line":159,"column":47}},"159":{"start":{"line":160,"column":0},"end":{"line":160,"column":23}},"160":{"start":{"line":161,"column":0},"end":{"line":161,"column":13}},"161":{"start":{"line":162,"column":0},"end":{"line":162,"column":17}},"162":{"start":{"line":163,"column":0},"end":{"line":163,"column":66}},"163":{"start":{"line":164,"column":0},"end":{"line":164,"column":32}},"164":{"start":{"line":165,"column":0},"end":{"line":165,"column":9}},"165":{"start":{"line":166,"column":0},"end":{"line":166,"column":14}},"167":{"start":{"line":168,"column":0},"end":{"line":168,"column":30}},"168":{"start":{"line":169,"column":0},"end":{"line":169,"column":19}},"169":{"start":{"line":170,"column":0},"end":{"line":170,"column":65}},"170":{"start":{"line":171,"column":0},"end":{"line":171,"column":14}},"172":{"start":{"line":173,"column":0},"end":{"line":173,"column":64}},"173":{"start":{"line":174,"column":0},"end":{"line":174,"column":3}},"175":{"start":{"line":176,"column":0},"end":{"line":176,"column":50}},"176":{"start":{"line":177,"column":0},"end":{"line":177,"column":51}},"177":{"start":{"line":178,"column":0},"end":{"line":178,"column":23}},"178":{"start":{"line":179,"column":0},"end":{"line":179,"column":15}},"179":{"start":{"line":180,"column":0},"end":{"line":180,"column":31}},"180":{"start":{"line":181,"column":0},"end":{"line":181,"column":68}},"181":{"start":{"line":182,"column":0},"end":{"line":182,"column":34}},"182":{"start":{"line":183,"column":0},"end":{"line":183,"column":9}},"183":{"start":{"line":184,"column":0},"end":{"line":184,"column":14}},"185":{"start":{"line":186,"column":0},"end":{"line":186,"column":74}},"187":{"start":{"line":188,"column":0},"end":{"line":188,"column":47}},"188":{"start":{"line":189,"column":0},"end":{"line":189,"column":3}},"190":{"start":{"line":191,"column":0},"end":{"line":191,"column":51}},"191":{"start":{"line":192,"column":0},"end":{"line":192,"column":51}},"192":{"start":{"line":193,"column":0},"end":{"line":193,"column":23}},"193":{"start":{"line":194,"column":0},"end":{"line":194,"column":15}},"194":{"start":{"line":195,"column":0},"end":{"line":195,"column":19}},"195":{"start":{"line":196,"column":0},"end":{"line":196,"column":68}},"196":{"start":{"line":197,"column":0},"end":{"line":197,"column":34}},"197":{"start":{"line":198,"column":0},"end":{"line":198,"column":9}},"198":{"start":{"line":199,"column":0},"end":{"line":199,"column":14}},"200":{"start":{"line":201,"column":0},"end":{"line":201,"column":30}},"201":{"start":{"line":202,"column":0},"end":{"line":202,"column":19}},"202":{"start":{"line":203,"column":0},"end":{"line":203,"column":65}},"203":{"start":{"line":204,"column":0},"end":{"line":204,"column":14}},"205":{"start":{"line":206,"column":0},"end":{"line":206,"column":64}},"206":{"start":{"line":207,"column":0},"end":{"line":207,"column":3}},"208":{"start":{"line":209,"column":0},"end":{"line":209,"column":48}},"209":{"start":{"line":210,"column":0},"end":{"line":210,"column":55}},"210":{"start":{"line":211,"column":0},"end":{"line":211,"column":51}},"211":{"start":{"line":212,"column":0},"end":{"line":212,"column":74}},"212":{"start":{"line":213,"column":0},"end":{"line":213,"column":71}},"214":{"start":{"line":215,"column":0},"end":{"line":215,"column":32}},"215":{"start":{"line":216,"column":0},"end":{"line":216,"column":38}},"217":{"start":{"line":218,"column":0},"end":{"line":218,"column":36}},"218":{"start":{"line":219,"column":0},"end":{"line":219,"column":33}},"220":{"start":{"line":221,"column":0},"end":{"line":221,"column":58}},"221":{"start":{"line":222,"column":0},"end":{"line":222,"column":19}},"222":{"start":{"line":223,"column":0},"end":{"line":223,"column":19}},"223":{"start":{"line":224,"column":0},"end":{"line":224,"column":5}},"224":{"start":{"line":225,"column":0},"end":{"line":225,"column":59}},"225":{"start":{"line":226,"column":0},"end":{"line":226,"column":19}},"226":{"start":{"line":227,"column":0},"end":{"line":227,"column":19}},"227":{"start":{"line":228,"column":0},"end":{"line":228,"column":5}},"229":{"start":{"line":230,"column":0},"end":{"line":230,"column":27}},"230":{"start":{"line":231,"column":0},"end":{"line":231,"column":11}},"231":{"start":{"line":232,"column":0},"end":{"line":232,"column":23}},"232":{"start":{"line":233,"column":0},"end":{"line":233,"column":35}},"233":{"start":{"line":234,"column":0},"end":{"line":234,"column":34}},"234":{"start":{"line":235,"column":0},"end":{"line":235,"column":7}},"235":{"start":{"line":236,"column":0},"end":{"line":236,"column":12}},"237":{"start":{"line":238,"column":0},"end":{"line":238,"column":74}},"239":{"start":{"line":240,"column":0},"end":{"line":240,"column":47}},"240":{"start":{"line":241,"column":0},"end":{"line":241,"column":3}},"242":{"start":{"line":243,"column":0},"end":{"line":243,"column":49}},"243":{"start":{"line":244,"column":0},"end":{"line":244,"column":55}},"244":{"start":{"line":245,"column":0},"end":{"line":245,"column":51}},"245":{"start":{"line":246,"column":0},"end":{"line":246,"column":51}},"246":{"start":{"line":247,"column":0},"end":{"line":247,"column":74}},"247":{"start":{"line":248,"column":0},"end":{"line":248,"column":71}},"249":{"start":{"line":250,"column":0},"end":{"line":250,"column":32}},"250":{"start":{"line":251,"column":0},"end":{"line":251,"column":38}},"252":{"start":{"line":253,"column":0},"end":{"line":253,"column":36}},"253":{"start":{"line":254,"column":0},"end":{"line":254,"column":33}},"255":{"start":{"line":256,"column":0},"end":{"line":256,"column":58}},"256":{"start":{"line":257,"column":0},"end":{"line":257,"column":19}},"257":{"start":{"line":258,"column":0},"end":{"line":258,"column":19}},"258":{"start":{"line":259,"column":0},"end":{"line":259,"column":5}},"259":{"start":{"line":260,"column":0},"end":{"line":260,"column":59}},"260":{"start":{"line":261,"column":0},"end":{"line":261,"column":19}},"261":{"start":{"line":262,"column":0},"end":{"line":262,"column":19}},"262":{"start":{"line":263,"column":0},"end":{"line":263,"column":5}},"264":{"start":{"line":265,"column":0},"end":{"line":265,"column":27}},"265":{"start":{"line":266,"column":0},"end":{"line":266,"column":72}},"266":{"start":{"line":267,"column":0},"end":{"line":267,"column":12}},"268":{"start":{"line":269,"column":0},"end":{"line":269,"column":30}},"269":{"start":{"line":270,"column":0},"end":{"line":270,"column":19}},"270":{"start":{"line":271,"column":0},"end":{"line":271,"column":65}},"271":{"start":{"line":272,"column":0},"end":{"line":272,"column":14}},"273":{"start":{"line":274,"column":0},"end":{"line":274,"column":64}},"274":{"start":{"line":275,"column":0},"end":{"line":275,"column":3}},"276":{"start":{"line":277,"column":0},"end":{"line":277,"column":50}},"277":{"start":{"line":278,"column":0},"end":{"line":278,"column":57}},"278":{"start":{"line":279,"column":0},"end":{"line":279,"column":53}},"279":{"start":{"line":280,"column":0},"end":{"line":280,"column":74}},"280":{"start":{"line":281,"column":0},"end":{"line":281,"column":71}},"282":{"start":{"line":283,"column":0},"end":{"line":283,"column":32}},"283":{"start":{"line":284,"column":0},"end":{"line":284,"column":38}},"285":{"start":{"line":286,"column":0},"end":{"line":286,"column":36}},"286":{"start":{"line":287,"column":0},"end":{"line":287,"column":33}},"288":{"start":{"line":289,"column":0},"end":{"line":289,"column":58}},"289":{"start":{"line":290,"column":0},"end":{"line":290,"column":19}},"290":{"start":{"line":291,"column":0},"end":{"line":291,"column":19}},"291":{"start":{"line":292,"column":0},"end":{"line":292,"column":5}},"292":{"start":{"line":293,"column":0},"end":{"line":293,"column":59}},"293":{"start":{"line":294,"column":0},"end":{"line":294,"column":19}},"294":{"start":{"line":295,"column":0},"end":{"line":295,"column":19}},"295":{"start":{"line":296,"column":0},"end":{"line":296,"column":5}},"297":{"start":{"line":298,"column":0},"end":{"line":298,"column":42}},"298":{"start":{"line":299,"column":0},"end":{"line":299,"column":42}},"300":{"start":{"line":301,"column":0},"end":{"line":301,"column":27}},"301":{"start":{"line":302,"column":0},"end":{"line":302,"column":13}},"302":{"start":{"line":303,"column":0},"end":{"line":303,"column":29}},"303":{"start":{"line":304,"column":0},"end":{"line":304,"column":35}},"304":{"start":{"line":305,"column":0},"end":{"line":305,"column":34}},"305":{"start":{"line":306,"column":0},"end":{"line":306,"column":7}},"306":{"start":{"line":307,"column":0},"end":{"line":307,"column":12}},"308":{"start":{"line":309,"column":0},"end":{"line":309,"column":74}},"310":{"start":{"line":311,"column":0},"end":{"line":311,"column":47}},"311":{"start":{"line":312,"column":0},"end":{"line":312,"column":3}},"313":{"start":{"line":314,"column":0},"end":{"line":314,"column":51}},"314":{"start":{"line":315,"column":0},"end":{"line":315,"column":57}},"315":{"start":{"line":316,"column":0},"end":{"line":316,"column":53}},"316":{"start":{"line":317,"column":0},"end":{"line":317,"column":53}},"317":{"start":{"line":318,"column":0},"end":{"line":318,"column":74}},"318":{"start":{"line":319,"column":0},"end":{"line":319,"column":71}},"320":{"start":{"line":321,"column":0},"end":{"line":321,"column":32}},"321":{"start":{"line":322,"column":0},"end":{"line":322,"column":38}},"323":{"start":{"line":324,"column":0},"end":{"line":324,"column":36}},"324":{"start":{"line":325,"column":0},"end":{"line":325,"column":33}},"326":{"start":{"line":327,"column":0},"end":{"line":327,"column":58}},"327":{"start":{"line":328,"column":0},"end":{"line":328,"column":19}},"328":{"start":{"line":329,"column":0},"end":{"line":329,"column":19}},"329":{"start":{"line":330,"column":0},"end":{"line":330,"column":5}},"330":{"start":{"line":331,"column":0},"end":{"line":331,"column":59}},"331":{"start":{"line":332,"column":0},"end":{"line":332,"column":19}},"332":{"start":{"line":333,"column":0},"end":{"line":333,"column":19}},"333":{"start":{"line":334,"column":0},"end":{"line":334,"column":5}},"335":{"start":{"line":336,"column":0},"end":{"line":336,"column":42}},"336":{"start":{"line":337,"column":0},"end":{"line":337,"column":42}},"338":{"start":{"line":339,"column":0},"end":{"line":339,"column":27}},"339":{"start":{"line":340,"column":0},"end":{"line":340,"column":74}},"340":{"start":{"line":341,"column":0},"end":{"line":341,"column":12}},"342":{"start":{"line":343,"column":0},"end":{"line":343,"column":30}},"343":{"start":{"line":344,"column":0},"end":{"line":344,"column":19}},"344":{"start":{"line":345,"column":0},"end":{"line":345,"column":65}},"345":{"start":{"line":346,"column":0},"end":{"line":346,"column":14}},"347":{"start":{"line":348,"column":0},"end":{"line":348,"column":64}},"348":{"start":{"line":349,"column":0},"end":{"line":349,"column":3}},"350":{"start":{"line":351,"column":0},"end":{"line":351,"column":48}},"351":{"start":{"line":352,"column":0},"end":{"line":352,"column":47}},"352":{"start":{"line":353,"column":0},"end":{"line":353,"column":23}},"353":{"start":{"line":354,"column":0},"end":{"line":354,"column":13}},"354":{"start":{"line":355,"column":0},"end":{"line":355,"column":33}},"355":{"start":{"line":356,"column":0},"end":{"line":356,"column":66}},"356":{"start":{"line":357,"column":0},"end":{"line":357,"column":30}},"357":{"start":{"line":358,"column":0},"end":{"line":358,"column":9}},"358":{"start":{"line":359,"column":0},"end":{"line":359,"column":14}},"360":{"start":{"line":361,"column":0},"end":{"line":361,"column":74}},"362":{"start":{"line":363,"column":0},"end":{"line":363,"column":47}},"363":{"start":{"line":364,"column":0},"end":{"line":364,"column":3}},"365":{"start":{"line":366,"column":0},"end":{"line":366,"column":49}},"366":{"start":{"line":367,"column":0},"end":{"line":367,"column":47}},"367":{"start":{"line":368,"column":0},"end":{"line":368,"column":23}},"368":{"start":{"line":369,"column":0},"end":{"line":369,"column":13}},"369":{"start":{"line":370,"column":0},"end":{"line":370,"column":33}},"370":{"start":{"line":371,"column":0},"end":{"line":371,"column":66}},"371":{"start":{"line":372,"column":0},"end":{"line":372,"column":16}},"372":{"start":{"line":373,"column":0},"end":{"line":373,"column":9}},"373":{"start":{"line":374,"column":0},"end":{"line":374,"column":14}},"375":{"start":{"line":376,"column":0},"end":{"line":376,"column":30}},"376":{"start":{"line":377,"column":0},"end":{"line":377,"column":19}},"377":{"start":{"line":378,"column":0},"end":{"line":378,"column":65}},"378":{"start":{"line":379,"column":0},"end":{"line":379,"column":14}},"380":{"start":{"line":381,"column":0},"end":{"line":381,"column":64}},"381":{"start":{"line":382,"column":0},"end":{"line":382,"column":3}},"383":{"start":{"line":384,"column":0},"end":{"line":384,"column":50}},"384":{"start":{"line":385,"column":0},"end":{"line":385,"column":29}},"386":{"start":{"line":387,"column":0},"end":{"line":387,"column":43}},"387":{"start":{"line":388,"column":0},"end":{"line":388,"column":43}},"388":{"start":{"line":389,"column":0},"end":{"line":389,"column":43}},"390":{"start":{"line":391,"column":0},"end":{"line":391,"column":22}},"392":{"start":{"line":393,"column":0},"end":{"line":393,"column":34}},"393":{"start":{"line":394,"column":0},"end":{"line":394,"column":38}},"394":{"start":{"line":395,"column":0},"end":{"line":395,"column":49}},"395":{"start":{"line":396,"column":0},"end":{"line":396,"column":5}},"396":{"start":{"line":397,"column":0},"end":{"line":397,"column":49}},"398":{"start":{"line":399,"column":0},"end":{"line":399,"column":54}},"399":{"start":{"line":400,"column":0},"end":{"line":400,"column":54}},"401":{"start":{"line":402,"column":0},"end":{"line":402,"column":22}},"403":{"start":{"line":404,"column":0},"end":{"line":404,"column":31}},"404":{"start":{"line":405,"column":0},"end":{"line":405,"column":24}},"405":{"start":{"line":406,"column":0},"end":{"line":406,"column":24}},"406":{"start":{"line":407,"column":0},"end":{"line":407,"column":24}},"407":{"start":{"line":408,"column":0},"end":{"line":408,"column":5}},"409":{"start":{"line":410,"column":0},"end":{"line":410,"column":74}},"411":{"start":{"line":412,"column":0},"end":{"line":412,"column":47}},"412":{"start":{"line":413,"column":0},"end":{"line":413,"column":3}},"414":{"start":{"line":415,"column":0},"end":{"line":415,"column":51}},"415":{"start":{"line":416,"column":0},"end":{"line":416,"column":29}},"417":{"start":{"line":418,"column":0},"end":{"line":418,"column":43}},"418":{"start":{"line":419,"column":0},"end":{"line":419,"column":43}},"419":{"start":{"line":420,"column":0},"end":{"line":420,"column":43}},"421":{"start":{"line":422,"column":0},"end":{"line":422,"column":22}},"423":{"start":{"line":424,"column":0},"end":{"line":424,"column":38}},"424":{"start":{"line":425,"column":0},"end":{"line":425,"column":49}},"425":{"start":{"line":426,"column":0},"end":{"line":426,"column":5}},"426":{"start":{"line":427,"column":0},"end":{"line":427,"column":49}},"428":{"start":{"line":429,"column":0},"end":{"line":429,"column":54}},"429":{"start":{"line":430,"column":0},"end":{"line":430,"column":54}},"431":{"start":{"line":432,"column":0},"end":{"line":432,"column":22}},"433":{"start":{"line":434,"column":0},"end":{"line":434,"column":31}},"434":{"start":{"line":435,"column":0},"end":{"line":435,"column":24}},"435":{"start":{"line":436,"column":0},"end":{"line":436,"column":24}},"436":{"start":{"line":437,"column":0},"end":{"line":437,"column":24}},"437":{"start":{"line":438,"column":0},"end":{"line":438,"column":5}},"439":{"start":{"line":440,"column":0},"end":{"line":440,"column":30}},"440":{"start":{"line":441,"column":0},"end":{"line":441,"column":19}},"441":{"start":{"line":442,"column":0},"end":{"line":442,"column":65}},"442":{"start":{"line":443,"column":0},"end":{"line":443,"column":14}},"444":{"start":{"line":445,"column":0},"end":{"line":445,"column":64}},"445":{"start":{"line":446,"column":0},"end":{"line":446,"column":3}},"447":{"start":{"line":448,"column":0},"end":{"line":448,"column":29}},"448":{"start":{"line":449,"column":0},"end":{"line":449,"column":29}},"449":{"start":{"line":450,"column":0},"end":{"line":450,"column":43}},"450":{"start":{"line":451,"column":0},"end":{"line":451,"column":43}},"451":{"start":{"line":452,"column":0},"end":{"line":452,"column":43}},"452":{"start":{"line":453,"column":0},"end":{"line":453,"column":22}},"454":{"start":{"line":455,"column":0},"end":{"line":455,"column":56}},"455":{"start":{"line":456,"column":0},"end":{"line":456,"column":3}},"457":{"start":{"line":458,"column":0},"end":{"line":458,"column":57}},"458":{"start":{"line":459,"column":0},"end":{"line":459,"column":20}},"460":{"start":{"line":461,"column":0},"end":{"line":461,"column":9}},"461":{"start":{"line":462,"column":0},"end":{"line":462,"column":38}},"462":{"start":{"line":463,"column":0},"end":{"line":463,"column":26}},"463":{"start":{"line":464,"column":0},"end":{"line":464,"column":45}},"464":{"start":{"line":465,"column":0},"end":{"line":465,"column":16}},"465":{"start":{"line":466,"column":0},"end":{"line":466,"column":40}},"466":{"start":{"line":467,"column":0},"end":{"line":467,"column":9}},"467":{"start":{"line":468,"column":0},"end":{"line":468,"column":40}},"468":{"start":{"line":469,"column":0},"end":{"line":469,"column":8}},"469":{"start":{"line":470,"column":0},"end":{"line":470,"column":25}},"470":{"start":{"line":471,"column":0},"end":{"line":471,"column":45}},"471":{"start":{"line":472,"column":0},"end":{"line":472,"column":16}},"472":{"start":{"line":473,"column":0},"end":{"line":473,"column":39}},"473":{"start":{"line":474,"column":0},"end":{"line":474,"column":9}},"474":{"start":{"line":475,"column":0},"end":{"line":475,"column":40}},"475":{"start":{"line":476,"column":0},"end":{"line":476,"column":8}},"476":{"start":{"line":477,"column":0},"end":{"line":477,"column":28}},"477":{"start":{"line":478,"column":0},"end":{"line":478,"column":45}},"478":{"start":{"line":479,"column":0},"end":{"line":479,"column":16}},"479":{"start":{"line":480,"column":0},"end":{"line":480,"column":42}},"480":{"start":{"line":481,"column":0},"end":{"line":481,"column":9}},"481":{"start":{"line":482,"column":0},"end":{"line":482,"column":40}},"482":{"start":{"line":483,"column":0},"end":{"line":483,"column":8}},"483":{"start":{"line":484,"column":0},"end":{"line":484,"column":27}},"484":{"start":{"line":485,"column":0},"end":{"line":485,"column":45}},"485":{"start":{"line":486,"column":0},"end":{"line":486,"column":16}},"486":{"start":{"line":487,"column":0},"end":{"line":487,"column":41}},"487":{"start":{"line":488,"column":0},"end":{"line":488,"column":9}},"488":{"start":{"line":489,"column":0},"end":{"line":489,"column":40}},"489":{"start":{"line":490,"column":0},"end":{"line":490,"column":8}},"490":{"start":{"line":491,"column":0},"end":{"line":491,"column":26}},"491":{"start":{"line":492,"column":0},"end":{"line":492,"column":45}},"492":{"start":{"line":493,"column":0},"end":{"line":493,"column":16}},"493":{"start":{"line":494,"column":0},"end":{"line":494,"column":40}},"494":{"start":{"line":495,"column":0},"end":{"line":495,"column":9}},"495":{"start":{"line":496,"column":0},"end":{"line":496,"column":40}},"496":{"start":{"line":497,"column":0},"end":{"line":497,"column":8}},"497":{"start":{"line":498,"column":0},"end":{"line":498,"column":25}},"498":{"start":{"line":499,"column":0},"end":{"line":499,"column":45}},"499":{"start":{"line":500,"column":0},"end":{"line":500,"column":16}},"500":{"start":{"line":501,"column":0},"end":{"line":501,"column":39}},"501":{"start":{"line":502,"column":0},"end":{"line":502,"column":9}},"502":{"start":{"line":503,"column":0},"end":{"line":503,"column":40}},"503":{"start":{"line":504,"column":0},"end":{"line":504,"column":8}},"504":{"start":{"line":505,"column":0},"end":{"line":505,"column":28}},"505":{"start":{"line":506,"column":0},"end":{"line":506,"column":45}},"506":{"start":{"line":507,"column":0},"end":{"line":507,"column":16}},"507":{"start":{"line":508,"column":0},"end":{"line":508,"column":42}},"508":{"start":{"line":509,"column":0},"end":{"line":509,"column":9}},"509":{"start":{"line":510,"column":0},"end":{"line":510,"column":40}},"510":{"start":{"line":511,"column":0},"end":{"line":511,"column":8}},"511":{"start":{"line":512,"column":0},"end":{"line":512,"column":28}},"512":{"start":{"line":513,"column":0},"end":{"line":513,"column":45}},"513":{"start":{"line":514,"column":0},"end":{"line":514,"column":16}},"514":{"start":{"line":515,"column":0},"end":{"line":515,"column":42}},"515":{"start":{"line":516,"column":0},"end":{"line":516,"column":9}},"516":{"start":{"line":517,"column":0},"end":{"line":517,"column":40}},"517":{"start":{"line":518,"column":0},"end":{"line":518,"column":8}},"518":{"start":{"line":519,"column":0},"end":{"line":519,"column":5}},"520":{"start":{"line":521,"column":0},"end":{"line":521,"column":57}},"521":{"start":{"line":522,"column":0},"end":{"line":522,"column":52}},"522":{"start":{"line":523,"column":0},"end":{"line":523,"column":3}},"524":{"start":{"line":525,"column":0},"end":{"line":525,"column":56}},"525":{"start":{"line":526,"column":0},"end":{"line":526,"column":20}},"527":{"start":{"line":528,"column":0},"end":{"line":528,"column":9}},"528":{"start":{"line":529,"column":0},"end":{"line":529,"column":38}},"529":{"start":{"line":530,"column":0},"end":{"line":530,"column":24}},"530":{"start":{"line":531,"column":0},"end":{"line":531,"column":64}},"531":{"start":{"line":532,"column":0},"end":{"line":532,"column":79}},"532":{"start":{"line":533,"column":0},"end":{"line":533,"column":26}},"533":{"start":{"line":534,"column":0},"end":{"line":534,"column":66}},"534":{"start":{"line":535,"column":0},"end":{"line":535,"column":25}},"535":{"start":{"line":536,"column":0},"end":{"line":536,"column":65}},"536":{"start":{"line":537,"column":0},"end":{"line":537,"column":24}},"537":{"start":{"line":538,"column":0},"end":{"line":538,"column":64}},"538":{"start":{"line":539,"column":0},"end":{"line":539,"column":79}},"539":{"start":{"line":540,"column":0},"end":{"line":540,"column":26}},"540":{"start":{"line":541,"column":0},"end":{"line":541,"column":66}},"541":{"start":{"line":542,"column":0},"end":{"line":542,"column":26}},"542":{"start":{"line":543,"column":0},"end":{"line":543,"column":66}},"543":{"start":{"line":544,"column":0},"end":{"line":544,"column":5}},"545":{"start":{"line":546,"column":0},"end":{"line":546,"column":57}},"546":{"start":{"line":547,"column":0},"end":{"line":547,"column":52}},"547":{"start":{"line":548,"column":0},"end":{"line":548,"column":3}},"549":{"start":{"line":550,"column":0},"end":{"line":550,"column":18}},"550":{"start":{"line":551,"column":0},"end":{"line":551,"column":29}},"551":{"start":{"line":552,"column":0},"end":{"line":552,"column":28}},"552":{"start":{"line":553,"column":0},"end":{"line":553,"column":17}},"553":{"start":{"line":554,"column":0},"end":{"line":554,"column":35}},"554":{"start":{"line":555,"column":0},"end":{"line":555,"column":35}},"556":{"start":{"line":557,"column":0},"end":{"line":557,"column":37}},"557":{"start":{"line":558,"column":0},"end":{"line":558,"column":37}},"559":{"start":{"line":560,"column":0},"end":{"line":560,"column":36}},"560":{"start":{"line":561,"column":0},"end":{"line":561,"column":23}},"561":{"start":{"line":562,"column":0},"end":{"line":562,"column":10}},"562":{"start":{"line":563,"column":0},"end":{"line":563,"column":69}},"563":{"start":{"line":564,"column":0},"end":{"line":564,"column":5}},"564":{"start":{"line":565,"column":0},"end":{"line":565,"column":23}},"565":{"start":{"line":566,"column":0},"end":{"line":566,"column":10}},"566":{"start":{"line":567,"column":0},"end":{"line":567,"column":69}},"567":{"start":{"line":568,"column":0},"end":{"line":568,"column":5}},"568":{"start":{"line":569,"column":0},"end":{"line":569,"column":23}},"569":{"start":{"line":570,"column":0},"end":{"line":570,"column":10}},"570":{"start":{"line":571,"column":0},"end":{"line":571,"column":69}},"571":{"start":{"line":572,"column":0},"end":{"line":572,"column":5}},"573":{"start":{"line":574,"column":0},"end":{"line":574,"column":48}},"574":{"start":{"line":575,"column":0},"end":{"line":575,"column":3}},"576":{"start":{"line":577,"column":0},"end":{"line":577,"column":68}},"577":{"start":{"line":578,"column":0},"end":{"line":578,"column":64}},"578":{"start":{"line":579,"column":0},"end":{"line":579,"column":45}},"579":{"start":{"line":580,"column":0},"end":{"line":580,"column":45}},"581":{"start":{"line":582,"column":0},"end":{"line":582,"column":38}},"582":{"start":{"line":583,"column":0},"end":{"line":583,"column":38}},"583":{"start":{"line":584,"column":0},"end":{"line":584,"column":47}},"585":{"start":{"line":586,"column":0},"end":{"line":586,"column":30}},"586":{"start":{"line":587,"column":0},"end":{"line":587,"column":3}},"587":{"start":{"line":588,"column":0},"end":{"line":588,"column":1}}},"s":{"0":1,"1":1,"9":1,"10":1,"11":1,"12":1,"13":1,"14":1,"15":1,"16":1,"17":1,"18":1,"19":1,"20":1,"21":1,"22":1,"23":1,"24":1,"25":1,"26":1,"27":1,"28":1,"29":1,"30":1,"31":1,"32":1,"33":1,"34":1,"35":1,"36":1,"37":1,"38":1,"39":1,"40":1,"41":1,"42":1,"43":1,"44":1,"45":1,"46":1,"47":1,"48":1,"49":1,"50":1,"52":1,"53":14,"54":14,"56":14,"57":14,"58":14,"59":14,"60":14,"61":14,"63":1,"64":155,"65":155,"66":155,"67":155,"68":155,"69":155,"70":155,"71":155,"73":155,"74":155,"75":155,"76":155,"77":155,"78":155,"79":155,"80":155,"81":155,"82":155,"91":155,"92":155,"93":155,"94":155,"95":155,"96":155,"97":155,"98":155,"99":155,"100":155,"102":155,"103":47,"104":47,"106":45,"107":47,"109":155,"110":64,"111":63,"112":64,"113":62,"114":62,"115":62,"116":62,"117":62,"118":62,"120":62,"121":62,"123":0,"124":64,"126":155,"127":92,"128":92,"130":40,"131":92,"133":155,"134":2,"135":2,"136":2,"137":2,"139":0,"140":2,"142":155,"143":30,"144":30,"145":30,"146":30,"147":30,"148":30,"149":30,"150":30,"152":30,"154":28,"155":30,"157":155,"158":4,"159":4,"160":4,"161":4,"162":4,"163":4,"164":4,"165":4,"167":4,"168":4,"169":0,"170":0,"172":4,"173":4,"175":155,"176":4,"177":4,"178":4,"179":4,"180":4,"181":4,"182":4,"183":4,"185":4,"187":2,"188":4,"190":155,"191":0,"192":0,"193":0,"194":0,"195":0,"196":0,"197":0,"198":0,"200":0,"201":0,"202":0,"203":0,"205":0,"206":0,"208":155,"209":4,"210":4,"211":4,"212":4,"214":4,"215":4,"217":4,"218":4,"220":4,"221":0,"222":0,"223":0,"224":4,"225":0,"226":0,"227":0,"229":4,"230":4,"231":4,"232":4,"233":4,"234":4,"235":4,"237":4,"239":2,"240":4,"242":155,"243":0,"244":0,"245":0,"246":0,"247":0,"249":0,"250":0,"252":0,"253":0,"255":0,"256":0,"257":0,"258":0,"259":0,"260":0,"261":0,"262":0,"264":0,"265":0,"266":0,"268":0,"269":0,"270":0,"271":0,"273":0,"274":0,"276":155,"277":4,"278":4,"279":4,"280":4,"282":4,"283":4,"285":4,"286":4,"288":4,"289":0,"290":0,"291":0,"292":4,"293":0,"294":0,"295":0,"297":4,"298":4,"300":4,"301":4,"302":4,"303":4,"304":4,"305":4,"306":4,"308":4,"310":2,"311":4,"313":155,"314":0,"315":0,"316":0,"317":0,"318":0,"320":0,"321":0,"323":0,"324":0,"326":0,"327":0,"328":0,"329":0,"330":0,"331":0,"332":0,"333":0,"335":0,"336":0,"338":0,"339":0,"340":0,"342":0,"343":0,"344":0,"345":0,"347":0,"348":0,"350":155,"351":3,"352":3,"353":3,"354":3,"355":3,"356":3,"357":3,"358":3,"360":3,"362":2,"363":3,"365":155,"366":0,"367":0,"368":0,"369":0,"370":0,"371":0,"372":0,"373":0,"375":0,"376":0,"377":0,"378":0,"380":0,"381":0,"383":155,"384":3,"386":3,"387":3,"388":3,"390":3,"392":3,"393":3,"394":3,"395":3,"396":3,"398":3,"399":3,"401":3,"403":3,"404":3,"405":3,"406":3,"407":3,"409":3,"411":2,"412":3,"414":155,"415":0,"417":0,"418":0,"419":0,"421":0,"423":0,"424":0,"425":0,"426":0,"428":0,"429":0,"431":0,"433":0,"434":0,"435":0,"436":0,"437":0,"439":0,"440":0,"441":0,"442":0,"444":0,"445":0,"447":155,"448":0,"449":0,"450":0,"451":0,"452":0,"454":0,"455":0,"457":155,"458":62,"460":62,"461":62,"462":62,"463":1,"464":1,"465":1,"466":1,"467":1,"468":1,"469":62,"470":3,"471":3,"472":3,"473":3,"474":3,"475":3,"476":62,"477":1,"478":1,"479":1,"480":1,"481":1,"482":1,"483":62,"484":1,"485":1,"486":1,"487":1,"488":1,"489":1,"490":62,"491":1,"492":1,"493":1,"494":1,"495":1,"496":1,"497":62,"498":1,"499":1,"500":1,"501":1,"502":1,"503":1,"504":62,"505":1,"506":1,"507":1,"508":1,"509":1,"510":1,"511":62,"512":1,"513":1,"514":1,"515":1,"516":1,"517":1,"518":62,"520":62,"521":62,"522":62,"524":155,"525":89,"527":89,"528":89,"529":89,"530":0,"531":89,"532":89,"533":0,"534":89,"535":0,"536":89,"537":0,"538":89,"539":89,"540":0,"541":89,"542":0,"543":89,"545":89,"546":89,"547":89,"549":155,"550":9,"551":9,"552":9,"553":9,"554":9,"556":9,"557":9,"559":5,"560":5,"561":5,"562":5,"563":5,"564":5,"565":5,"566":5,"567":5,"568":5,"569":5,"570":5,"571":5,"573":5,"574":9,"576":155,"577":4,"578":4,"579":4,"581":1,"582":1,"583":1,"585":1,"586":4,"587":155},"branchMap":{"0":{"type":"branch","line":53,"loc":{"start":{"line":53,"column":25},"end":{"line":62,"column":1}},"locations":[{"start":{"line":53,"column":25},"end":{"line":62,"column":1}}]},"1":{"type":"branch","line":64,"loc":{"start":{"line":64,"column":27},"end":{"line":588,"column":1}},"locations":[{"start":{"line":64,"column":27},"end":{"line":588,"column":1}}]},"2":{"type":"branch","line":74,"loc":{"start":{"line":74,"column":2},"end":{"line":101,"column":3}},"locations":[{"start":{"line":74,"column":2},"end":{"line":101,"column":3}}]},"3":{"type":"branch","line":103,"loc":{"start":{"line":103,"column":14},"end":{"line":108,"column":3}},"locations":[{"start":{"line":103,"column":14},"end":{"line":108,"column":3}}]},"4":{"type":"branch","line":104,"loc":{"start":{"line":104,"column":36},"end":{"line":104,"column":71}},"locations":[{"start":{"line":104,"column":36},"end":{"line":104,"column":71}}]},"5":{"type":"branch","line":104,"loc":{"start":{"line":104,"column":68},"end":{"line":105,"column":45}},"locations":[{"start":{"line":104,"column":68},"end":{"line":105,"column":45}}]},"6":{"type":"branch","line":105,"loc":{"start":{"line":105,"column":38},"end":{"line":105,"column":73}},"locations":[{"start":{"line":105,"column":38},"end":{"line":105,"column":73}}]},"7":{"type":"branch","line":105,"loc":{"start":{"line":105,"column":70},"end":{"line":107,"column":33}},"locations":[{"start":{"line":105,"column":70},"end":{"line":107,"column":33}}]},"8":{"type":"branch","line":110,"loc":{"start":{"line":110,"column":17},"end":{"line":125,"column":3}},"locations":[{"start":{"line":110,"column":17},"end":{"line":125,"column":3}}]},"9":{"type":"branch","line":111,"loc":{"start":{"line":111,"column":40},"end":{"line":111,"column":53}},"locations":[{"start":{"line":111,"column":40},"end":{"line":111,"column":53}}]},"10":{"type":"branch","line":111,"loc":{"start":{"line":111,"column":47},"end":{"line":113,"column":13}},"locations":[{"start":{"line":111,"column":47},"end":{"line":113,"column":13}}]},"11":{"type":"branch","line":113,"loc":{"start":{"line":113,"column":6},"end":{"line":113,"column":64}},"locations":[{"start":{"line":113,"column":6},"end":{"line":113,"column":64}}]},"12":{"type":"branch","line":113,"loc":{"start":{"line":113,"column":58},"end":{"line":122,"column":5}},"locations":[{"start":{"line":113,"column":58},"end":{"line":122,"column":5}}]},"13":{"type":"branch","line":122,"loc":{"start":{"line":122,"column":4},"end":{"line":124,"column":17}},"locations":[{"start":{"line":122,"column":4},"end":{"line":124,"column":17}}]},"14":{"type":"branch","line":127,"loc":{"start":{"line":127,"column":13},"end":{"line":132,"column":3}},"locations":[{"start":{"line":127,"column":13},"end":{"line":132,"column":3}}]},"15":{"type":"branch","line":129,"loc":{"start":{"line":129,"column":6},"end":{"line":131,"column":55}},"locations":[{"start":{"line":129,"column":6},"end":{"line":131,"column":55}}]},"16":{"type":"branch","line":129,"loc":{"start":{"line":129,"column":56},"end":{"line":131,"column":55}},"locations":[{"start":{"line":129,"column":56},"end":{"line":131,"column":55}}]},"17":{"type":"branch","line":134,"loc":{"start":{"line":134,"column":22},"end":{"line":141,"column":3}},"locations":[{"start":{"line":134,"column":22},"end":{"line":141,"column":3}}]},"18":{"type":"branch","line":138,"loc":{"start":{"line":138,"column":13},"end":{"line":140,"column":72}},"locations":[{"start":{"line":138,"column":13},"end":{"line":140,"column":72}}]},"19":{"type":"branch","line":143,"loc":{"start":{"line":143,"column":8},"end":{"line":156,"column":3}},"locations":[{"start":{"line":143,"column":8},"end":{"line":156,"column":3}}]},"20":{"type":"branch","line":153,"loc":{"start":{"line":153,"column":31},"end":{"line":153,"column":74}},"locations":[{"start":{"line":153,"column":31},"end":{"line":153,"column":74}}]},"21":{"type":"branch","line":153,"loc":{"start":{"line":153,"column":73},"end":{"line":155,"column":47}},"locations":[{"start":{"line":153,"column":73},"end":{"line":155,"column":47}}]},"22":{"type":"branch","line":158,"loc":{"start":{"line":158,"column":9},"end":{"line":174,"column":3}},"locations":[{"start":{"line":158,"column":9},"end":{"line":174,"column":3}}]},"23":{"type":"branch","line":169,"loc":{"start":{"line":169,"column":6},"end":{"line":171,"column":14}},"locations":[{"start":{"line":169,"column":6},"end":{"line":171,"column":14}}]},"24":{"type":"branch","line":176,"loc":{"start":{"line":176,"column":10},"end":{"line":189,"column":3}},"locations":[{"start":{"line":176,"column":10},"end":{"line":189,"column":3}}]},"25":{"type":"branch","line":186,"loc":{"start":{"line":186,"column":31},"end":{"line":188,"column":47}},"locations":[{"start":{"line":186,"column":31},"end":{"line":188,"column":47}}]},"26":{"type":"branch","line":209,"loc":{"start":{"line":209,"column":8},"end":{"line":241,"column":3}},"locations":[{"start":{"line":209,"column":8},"end":{"line":241,"column":3}}]},"27":{"type":"branch","line":215,"loc":{"start":{"line":215,"column":21},"end":{"line":215,"column":32}},"locations":[{"start":{"line":215,"column":21},"end":{"line":215,"column":32}}]},"28":{"type":"branch","line":216,"loc":{"start":{"line":216,"column":27},"end":{"line":216,"column":38}},"locations":[{"start":{"line":216,"column":27},"end":{"line":216,"column":38}}]},"29":{"type":"branch","line":221,"loc":{"start":{"line":221,"column":28},"end":{"line":221,"column":57}},"locations":[{"start":{"line":221,"column":28},"end":{"line":221,"column":57}}]},"30":{"type":"branch","line":221,"loc":{"start":{"line":221,"column":57},"end":{"line":224,"column":5}},"locations":[{"start":{"line":221,"column":57},"end":{"line":224,"column":5}}]},"31":{"type":"branch","line":225,"loc":{"start":{"line":225,"column":28},"end":{"line":225,"column":58}},"locations":[{"start":{"line":225,"column":28},"end":{"line":225,"column":58}}]},"32":{"type":"branch","line":225,"loc":{"start":{"line":225,"column":58},"end":{"line":228,"column":5}},"locations":[{"start":{"line":225,"column":58},"end":{"line":228,"column":5}}]},"33":{"type":"branch","line":238,"loc":{"start":{"line":238,"column":31},"end":{"line":240,"column":47}},"locations":[{"start":{"line":238,"column":31},"end":{"line":240,"column":47}}]},"34":{"type":"branch","line":277,"loc":{"start":{"line":277,"column":10},"end":{"line":312,"column":3}},"locations":[{"start":{"line":277,"column":10},"end":{"line":312,"column":3}}]},"35":{"type":"branch","line":283,"loc":{"start":{"line":283,"column":21},"end":{"line":283,"column":32}},"locations":[{"start":{"line":283,"column":21},"end":{"line":283,"column":32}}]},"36":{"type":"branch","line":284,"loc":{"start":{"line":284,"column":27},"end":{"line":284,"column":38}},"locations":[{"start":{"line":284,"column":27},"end":{"line":284,"column":38}}]},"37":{"type":"branch","line":289,"loc":{"start":{"line":289,"column":28},"end":{"line":289,"column":57}},"locations":[{"start":{"line":289,"column":28},"end":{"line":289,"column":57}}]},"38":{"type":"branch","line":289,"loc":{"start":{"line":289,"column":57},"end":{"line":292,"column":5}},"locations":[{"start":{"line":289,"column":57},"end":{"line":292,"column":5}}]},"39":{"type":"branch","line":293,"loc":{"start":{"line":293,"column":28},"end":{"line":293,"column":58}},"locations":[{"start":{"line":293,"column":28},"end":{"line":293,"column":58}}]},"40":{"type":"branch","line":293,"loc":{"start":{"line":293,"column":58},"end":{"line":296,"column":5}},"locations":[{"start":{"line":293,"column":58},"end":{"line":296,"column":5}}]},"41":{"type":"branch","line":298,"loc":{"start":{"line":298,"column":31},"end":{"line":298,"column":42}},"locations":[{"start":{"line":298,"column":31},"end":{"line":298,"column":42}}]},"42":{"type":"branch","line":299,"loc":{"start":{"line":299,"column":31},"end":{"line":299,"column":42}},"locations":[{"start":{"line":299,"column":31},"end":{"line":299,"column":42}}]},"43":{"type":"branch","line":309,"loc":{"start":{"line":309,"column":31},"end":{"line":311,"column":47}},"locations":[{"start":{"line":309,"column":31},"end":{"line":311,"column":47}}]},"44":{"type":"branch","line":351,"loc":{"start":{"line":351,"column":8},"end":{"line":364,"column":3}},"locations":[{"start":{"line":351,"column":8},"end":{"line":364,"column":3}}]},"45":{"type":"branch","line":361,"loc":{"start":{"line":361,"column":31},"end":{"line":361,"column":74}},"locations":[{"start":{"line":361,"column":31},"end":{"line":361,"column":74}}]},"46":{"type":"branch","line":361,"loc":{"start":{"line":361,"column":73},"end":{"line":363,"column":47}},"locations":[{"start":{"line":361,"column":73},"end":{"line":363,"column":47}}]},"47":{"type":"branch","line":384,"loc":{"start":{"line":384,"column":10},"end":{"line":413,"column":3}},"locations":[{"start":{"line":384,"column":10},"end":{"line":413,"column":3}}]},"48":{"type":"branch","line":399,"loc":{"start":{"line":399,"column":37},"end":{"line":399,"column":54}},"locations":[{"start":{"line":399,"column":37},"end":{"line":399,"column":54}}]},"49":{"type":"branch","line":400,"loc":{"start":{"line":400,"column":37},"end":{"line":400,"column":54}},"locations":[{"start":{"line":400,"column":37},"end":{"line":400,"column":54}}]},"50":{"type":"branch","line":410,"loc":{"start":{"line":410,"column":31},"end":{"line":410,"column":74}},"locations":[{"start":{"line":410,"column":31},"end":{"line":410,"column":74}}]},"51":{"type":"branch","line":410,"loc":{"start":{"line":410,"column":73},"end":{"line":412,"column":47}},"locations":[{"start":{"line":410,"column":73},"end":{"line":412,"column":47}}]},"52":{"type":"branch","line":458,"loc":{"start":{"line":458,"column":26},"end":{"line":523,"column":3}},"locations":[{"start":{"line":458,"column":26},"end":{"line":523,"column":3}}]},"53":{"type":"branch","line":522,"loc":{"start":{"line":522,"column":34},"end":{"line":522,"column":52}},"locations":[{"start":{"line":522,"column":34},"end":{"line":522,"column":52}}]},"54":{"type":"branch","line":462,"loc":{"start":{"line":462,"column":12},"end":{"line":462,"column":38}},"locations":[{"start":{"line":462,"column":12},"end":{"line":462,"column":38}}]},"55":{"type":"branch","line":463,"loc":{"start":{"line":463,"column":19},"end":{"line":469,"column":8}},"locations":[{"start":{"line":463,"column":19},"end":{"line":469,"column":8}}]},"56":{"type":"branch","line":470,"loc":{"start":{"line":470,"column":18},"end":{"line":476,"column":8}},"locations":[{"start":{"line":470,"column":18},"end":{"line":476,"column":8}}]},"57":{"type":"branch","line":477,"loc":{"start":{"line":477,"column":21},"end":{"line":483,"column":8}},"locations":[{"start":{"line":477,"column":21},"end":{"line":483,"column":8}}]},"58":{"type":"branch","line":484,"loc":{"start":{"line":484,"column":20},"end":{"line":490,"column":8}},"locations":[{"start":{"line":484,"column":20},"end":{"line":490,"column":8}}]},"59":{"type":"branch","line":491,"loc":{"start":{"line":491,"column":19},"end":{"line":497,"column":8}},"locations":[{"start":{"line":491,"column":19},"end":{"line":497,"column":8}}]},"60":{"type":"branch","line":498,"loc":{"start":{"line":498,"column":18},"end":{"line":504,"column":8}},"locations":[{"start":{"line":498,"column":18},"end":{"line":504,"column":8}}]},"61":{"type":"branch","line":505,"loc":{"start":{"line":505,"column":21},"end":{"line":511,"column":8}},"locations":[{"start":{"line":505,"column":21},"end":{"line":511,"column":8}}]},"62":{"type":"branch","line":512,"loc":{"start":{"line":512,"column":21},"end":{"line":518,"column":8}},"locations":[{"start":{"line":512,"column":21},"end":{"line":518,"column":8}}]},"63":{"type":"branch","line":525,"loc":{"start":{"line":525,"column":26},"end":{"line":548,"column":3}},"locations":[{"start":{"line":525,"column":26},"end":{"line":548,"column":3}}]},"64":{"type":"branch","line":547,"loc":{"start":{"line":547,"column":34},"end":{"line":547,"column":52}},"locations":[{"start":{"line":547,"column":34},"end":{"line":547,"column":52}}]},"65":{"type":"branch","line":529,"loc":{"start":{"line":529,"column":12},"end":{"line":529,"column":38}},"locations":[{"start":{"line":529,"column":12},"end":{"line":529,"column":38}}]},"66":{"type":"branch","line":532,"loc":{"start":{"line":532,"column":18},"end":{"line":532,"column":79}},"locations":[{"start":{"line":532,"column":18},"end":{"line":532,"column":79}}]},"67":{"type":"branch","line":550,"loc":{"start":{"line":550,"column":17},"end":{"line":575,"column":3}},"locations":[{"start":{"line":550,"column":17},"end":{"line":575,"column":3}}]},"68":{"type":"branch","line":557,"loc":{"start":{"line":557,"column":18},"end":{"line":558,"column":25}},"locations":[{"start":{"line":557,"column":18},"end":{"line":558,"column":25}}]},"69":{"type":"branch","line":557,"loc":{"start":{"line":557,"column":18},"end":{"line":557,"column":37}},"locations":[{"start":{"line":557,"column":18},"end":{"line":557,"column":37}}]},"70":{"type":"branch","line":557,"loc":{"start":{"line":557,"column":36},"end":{"line":558,"column":25}},"locations":[{"start":{"line":557,"column":36},"end":{"line":558,"column":25}}]},"71":{"type":"branch","line":558,"loc":{"start":{"line":558,"column":18},"end":{"line":558,"column":37}},"locations":[{"start":{"line":558,"column":18},"end":{"line":558,"column":37}}]},"72":{"type":"branch","line":558,"loc":{"start":{"line":558,"column":36},"end":{"line":574,"column":48}},"locations":[{"start":{"line":558,"column":36},"end":{"line":574,"column":48}}]},"73":{"type":"branch","line":577,"loc":{"start":{"line":577,"column":17},"end":{"line":587,"column":3}},"locations":[{"start":{"line":577,"column":17},"end":{"line":587,"column":3}}]},"74":{"type":"branch","line":579,"loc":{"start":{"line":579,"column":32},"end":{"line":580,"column":39}},"locations":[{"start":{"line":579,"column":32},"end":{"line":580,"column":39}}]},"75":{"type":"branch","line":580,"loc":{"start":{"line":580,"column":32},"end":{"line":586,"column":30}},"locations":[{"start":{"line":580,"column":32},"end":{"line":586,"column":30}}]}},"b":{"0":[14],"1":[155],"2":[155],"3":[47],"4":[1],"5":[46],"6":[1],"7":[45],"8":[64],"9":[1],"10":[63],"11":[1],"12":[62],"13":[0],"14":[92],"15":[52],"16":[40],"17":[2],"18":[0],"19":[30],"20":[2],"21":[28],"22":[4],"23":[0],"24":[4],"25":[2],"26":[4],"27":[0],"28":[0],"29":[0],"30":[0],"31":[0],"32":[0],"33":[2],"34":[4],"35":[0],"36":[0],"37":[0],"38":[0],"39":[0],"40":[0],"41":[0],"42":[0],"43":[2],"44":[3],"45":[1],"46":[2],"47":[3],"48":[0],"49":[0],"50":[1],"51":[2],"52":[62],"53":[0],"54":[52],"55":[1],"56":[3],"57":[1],"58":[1],"59":[1],"60":[1],"61":[1],"62":[1],"63":[89],"64":[0],"65":[85],"66":[4],"67":[9],"68":[8],"69":[3],"70":[6],"71":[1],"72":[5],"73":[4],"74":[2],"75":[1]},"fnMap":{"0":{"name":"applyColorMatrix","decl":{"start":{"line":53,"column":25},"end":{"line":62,"column":1}},"loc":{"start":{"line":53,"column":25},"end":{"line":62,"column":1}},"line":53},"1":{"name":"<instance_members_initializer>","decl":{"start":{"line":64,"column":27},"end":{"line":588,"column":1}},"loc":{"start":{"line":64,"column":27},"end":{"line":588,"column":1}},"line":64},"2":{"name":"Color","decl":{"start":{"line":74,"column":2},"end":{"line":101,"column":3}},"loc":{"start":{"line":74,"column":2},"end":{"line":101,"column":3}},"line":74},"3":{"name":"adjustHue","decl":{"start":{"line":103,"column":14},"end":{"line":108,"column":3}},"loc":{"start":{"line":103,"column":14},"end":{"line":108,"column":3}},"line":103},"4":{"name":"adjustChroma","decl":{"start":{"line":110,"column":17},"end":{"line":125,"column":3}},"loc":{"start":{"line":110,"column":17},"end":{"line":125,"column":3}},"line":110},"5":{"name":"setColor","decl":{"start":{"line":127,"column":13},"end":{"line":132,"column":3}},"loc":{"start":{"line":127,"column":13},"end":{"line":132,"column":3}},"line":127},"6":{"name":"setColorWithAlpha","decl":{"start":{"line":134,"column":22},"end":{"line":141,"column":3}},"loc":{"start":{"line":134,"column":22},"end":{"line":141,"column":3}},"line":134},"7":{"name":"lch","decl":{"start":{"line":143,"column":8},"end":{"line":156,"column":3}},"loc":{"start":{"line":143,"column":8},"end":{"line":156,"column":3}},"line":143},"8":{"name":"lcha","decl":{"start":{"line":158,"column":9},"end":{"line":174,"column":3}},"loc":{"start":{"line":158,"column":9},"end":{"line":174,"column":3}},"line":158},"9":{"name":"oklch","decl":{"start":{"line":176,"column":10},"end":{"line":189,"column":3}},"loc":{"start":{"line":176,"column":10},"end":{"line":189,"column":3}},"line":176},"10":{"name":"oklcha","decl":{"start":{"line":191,"column":11},"end":{"line":207,"column":3}},"loc":{"start":{"line":191,"column":11},"end":{"line":207,"column":3}},"line":191},"11":{"name":"lab","decl":{"start":{"line":209,"column":8},"end":{"line":241,"column":3}},"loc":{"start":{"line":209,"column":8},"end":{"line":241,"column":3}},"line":209},"12":{"name":"laba","decl":{"start":{"line":243,"column":9},"end":{"line":275,"column":3}},"loc":{"start":{"line":243,"column":9},"end":{"line":275,"column":3}},"line":243},"13":{"name":"oklab","decl":{"start":{"line":277,"column":10},"end":{"line":312,"column":3}},"loc":{"start":{"line":277,"column":10},"end":{"line":312,"column":3}},"line":277},"14":{"name":"oklaba","decl":{"start":{"line":314,"column":11},"end":{"line":349,"column":3}},"loc":{"start":{"line":314,"column":11},"end":{"line":349,"column":3}},"line":314},"15":{"name":"hsl","decl":{"start":{"line":351,"column":8},"end":{"line":364,"column":3}},"loc":{"start":{"line":351,"column":8},"end":{"line":364,"column":3}},"line":351},"16":{"name":"hsla","decl":{"start":{"line":366,"column":9},"end":{"line":382,"column":3}},"loc":{"start":{"line":366,"column":9},"end":{"line":382,"column":3}},"line":366},"17":{"name":"hsluv","decl":{"start":{"line":384,"column":10},"end":{"line":413,"column":3}},"loc":{"start":{"line":384,"column":10},"end":{"line":413,"column":3}},"line":384},"18":{"name":"hsluva","decl":{"start":{"line":415,"column":11},"end":{"line":446,"column":3}},"loc":{"start":{"line":415,"column":11},"end":{"line":446,"column":3}},"line":415},"19":{"name":"getHsluv","decl":{"start":{"line":448,"column":13},"end":{"line":456,"column":3}},"loc":{"start":{"line":448,"column":13},"end":{"line":456,"column":3}},"line":448},"20":{"name":"simulateColorBlindHex","decl":{"start":{"line":458,"column":26},"end":{"line":523,"column":3}},"loc":{"start":{"line":458,"column":26},"end":{"line":523,"column":3}},"line":458},"21":{"name":"NONE","decl":{"start":{"line":462,"column":12},"end":{"line":462,"column":38}},"loc":{"start":{"line":462,"column":12},"end":{"line":462,"column":38}},"line":462},"22":{"name":"PROTANOMALY","decl":{"start":{"line":463,"column":19},"end":{"line":469,"column":8}},"loc":{"start":{"line":463,"column":19},"end":{"line":469,"column":8}},"line":463},"23":{"name":"PROTANOPIA","decl":{"start":{"line":470,"column":18},"end":{"line":476,"column":8}},"loc":{"start":{"line":470,"column":18},"end":{"line":476,"column":8}},"line":470},"24":{"name":"DEUTERANOMALY","decl":{"start":{"line":477,"column":21},"end":{"line":483,"column":8}},"loc":{"start":{"line":477,"column":21},"end":{"line":483,"column":8}},"line":477},"25":{"name":"DEUTERANOPIA","decl":{"start":{"line":484,"column":20},"end":{"line":490,"column":8}},"loc":{"start":{"line":484,"column":20},"end":{"line":490,"column":8}},"line":484},"26":{"name":"TRITANOMALY","decl":{"start":{"line":491,"column":19},"end":{"line":497,"column":8}},"loc":{"start":{"line":491,"column":19},"end":{"line":497,"column":8}},"line":491},"27":{"name":"TRITANOPIA","decl":{"start":{"line":498,"column":18},"end":{"line":504,"column":8}},"loc":{"start":{"line":498,"column":18},"end":{"line":504,"column":8}},"line":498},"28":{"name":"ACHROMATOMALY","decl":{"start":{"line":505,"column":21},"end":{"line":511,"column":8}},"loc":{"start":{"line":505,"column":21},"end":{"line":511,"column":8}},"line":505},"29":{"name":"ACHROMATOPSIA","decl":{"start":{"line":512,"column":21},"end":{"line":518,"column":8}},"loc":{"start":{"line":512,"column":21},"end":{"line":518,"column":8}},"line":512},"30":{"name":"simulateColorBlindRgb","decl":{"start":{"line":525,"column":26},"end":{"line":548,"column":3}},"loc":{"start":{"line":525,"column":26},"end":{"line":548,"column":3}},"line":525},"31":{"name":"NONE","decl":{"start":{"line":529,"column":12},"end":{"line":529,"column":38}},"loc":{"start":{"line":529,"column":12},"end":{"line":529,"column":38}},"line":529},"32":{"name":"PROTANOMALY","decl":{"start":{"line":530,"column":19},"end":{"line":531,"column":64}},"loc":{"start":{"line":530,"column":19},"end":{"line":531,"column":64}},"line":530},"33":{"name":"PROTANOPIA","decl":{"start":{"line":532,"column":18},"end":{"line":532,"column":79}},"loc":{"start":{"line":532,"column":18},"end":{"line":532,"column":79}},"line":532},"34":{"name":"DEUTERANOMALY","decl":{"start":{"line":533,"column":21},"end":{"line":534,"column":66}},"loc":{"start":{"line":533,"column":21},"end":{"line":534,"column":66}},"line":533},"35":{"name":"DEUTERANOPIA","decl":{"start":{"line":535,"column":20},"end":{"line":536,"column":65}},"loc":{"start":{"line":535,"column":20},"end":{"line":536,"column":65}},"line":535},"36":{"name":"TRITANOMALY","decl":{"start":{"line":537,"column":19},"end":{"line":538,"column":64}},"loc":{"start":{"line":537,"column":19},"end":{"line":538,"column":64}},"line":537},"37":{"name":"TRITANOPIA","decl":{"start":{"line":539,"column":18},"end":{"line":539,"column":79}},"loc":{"start":{"line":539,"column":18},"end":{"line":539,"column":79}},"line":539},"38":{"name":"ACHROMATOMALY","decl":{"start":{"line":540,"column":21},"end":{"line":541,"column":66}},"loc":{"start":{"line":540,"column":21},"end":{"line":541,"column":66}},"line":540},"39":{"name":"ACHROMATOPSIA","decl":{"start":{"line":542,"column":21},"end":{"line":543,"column":66}},"loc":{"start":{"line":542,"column":21},"end":{"line":543,"column":66}},"line":542},"40":{"name":"mixColorsRgb","decl":{"start":{"line":550,"column":17},"end":{"line":575,"column":3}},"loc":{"start":{"line":550,"column":17},"end":{"line":575,"column":3}},"line":550},"41":{"name":"mixColorsHex","decl":{"start":{"line":577,"column":17},"end":{"line":587,"column":3}},"loc":{"start":{"line":577,"column":17},"end":{"line":587,"column":3}},"line":577}},"f":{"0":14,"1":155,"2":155,"3":47,"4":64,"5":92,"6":2,"7":30,"8":4,"9":4,"10":0,"11":4,"12":0,"13":4,"14":0,"15":3,"16":0,"17":3,"18":0,"19":0,"20":62,"21":52,"22":1,"23":3,"24":1,"25":1,"26":1,"27":1,"28":1,"29":1,"30":89,"31":85,"32":0,"33":4,"34":0,"35":0,"36":0,"37":0,"38":0,"39":0,"40":9,"41":4}}
,"/Users/a_ng_d/DEV/utils-ui-color-palette/src/modules/contrast/contrast.ts": {"path":"/Users/a_ng_d/DEV/utils-ui-color-palette/src/modules/contrast/contrast.ts","all":false,"statementMap":{"0":{"start":{"line":1,"column":0},"end":{"line":1,"column":30}},"1":{"start":{"line":2,"column":0},"end":{"line":2,"column":63}},"4":{"start":{"line":5,"column":0},"end":{"line":5,"column":31}},"5":{"start":{"line":6,"column":0},"end":{"line":6,"column":34}},"6":{"start":{"line":7,"column":0},"end":{"line":7,"column":29}},"8":{"start":{"line":9,"column":0},"end":{"line":9,"column":15}},"9":{"start":{"line":10,"column":0},"end":{"line":10,"column":32}},"10":{"start":{"line":11,"column":0},"end":{"line":11,"column":26}},"11":{"start":{"line":12,"column":0},"end":{"line":12,"column":6}},"14":{"start":{"line":15,"column":0},"end":{"line":15,"column":6}},"15":{"start":{"line":16,"column":0},"end":{"line":16,"column":42}},"16":{"start":{"line":17,"column":0},"end":{"line":17,"column":30}},"17":{"start":{"line":18,"column":0},"end":{"line":18,"column":3}},"19":{"start":{"line":20,"column":0},"end":{"line":20,"column":35}},"20":{"start":{"line":21,"column":0},"end":{"line":21,"column":78}},"21":{"start":{"line":22,"column":0},"end":{"line":22,"column":3}},"23":{"start":{"line":24,"column":0},"end":{"line":24,"column":35}},"24":{"start":{"line":25,"column":0},"end":{"line":25,"column":20}},"25":{"start":{"line":26,"column":0},"end":{"line":26,"column":19}},"26":{"start":{"line":27,"column":0},"end":{"line":27,"column":46}},"27":{"start":{"line":28,"column":0},"end":{"line":28,"column":37}},"28":{"start":{"line":29,"column":0},"end":{"line":29,"column":17}},"29":{"start":{"line":30,"column":0},"end":{"line":30,"column":5}},"30":{"start":{"line":31,"column":0},"end":{"line":31,"column":3}},"32":{"start":{"line":33,"column":0},"end":{"line":33,"column":44}},"33":{"start":{"line":34,"column":0},"end":{"line":34,"column":39}},"34":{"start":{"line":35,"column":0},"end":{"line":35,"column":11}},"35":{"start":{"line":36,"column":0},"end":{"line":36,"column":67}},"36":{"start":{"line":37,"column":0},"end":{"line":37,"column":14}},"37":{"start":{"line":38,"column":0},"end":{"line":38,"column":15}},"38":{"start":{"line":39,"column":0},"end":{"line":39,"column":3}},"40":{"start":{"line":41,"column":0},"end":{"line":41,"column":39}},"41":{"start":{"line":42,"column":0},"end":{"line":42,"column":36}},"42":{"start":{"line":43,"column":0},"end":{"line":43,"column":14}},"43":{"start":{"line":44,"column":0},"end":{"line":44,"column":24}},"44":{"start":{"line":45,"column":0},"end":{"line":45,"column":24}},"45":{"start":{"line":46,"column":0},"end":{"line":46,"column":24}},"46":{"start":{"line":47,"column":0},"end":{"line":47,"column":7}},"48":{"start":{"line":49,"column":0},"end":{"line":49,"column":14}},"49":{"start":{"line":50,"column":0},"end":{"line":50,"column":24}},"50":{"start":{"line":51,"column":0},"end":{"line":51,"column":24}},"51":{"start":{"line":52,"column":0},"end":{"line":52,"column":24}},"52":{"start":{"line":53,"column":0},"end":{"line":53,"column":7}},"53":{"start":{"line":54,"column":0},"end":{"line":54,"column":3}},"55":{"start":{"line":56,"column":0},"end":{"line":56,"column":39}},"56":{"start":{"line":57,"column":0},"end":{"line":57,"column":47}},"57":{"start":{"line":58,"column":0},"end":{"line":58,"column":14}},"58":{"start":{"line":59,"column":0},"end":{"line":59,"column":24}},"59":{"start":{"line":60,"column":0},"end":{"line":60,"column":24}},"60":{"start":{"line":61,"column":0},"end":{"line":61,"column":24}},"61":{"start":{"line":62,"column":0},"end":{"line":62,"column":7}},"63":{"start":{"line":64,"column":0},"end":{"line":64,"column":14}},"64":{"start":{"line":65,"column":0},"end":{"line":65,"column":24}},"65":{"start":{"line":66,"column":0},"end":{"line":66,"column":24}},"66":{"start":{"line":67,"column":0},"end":{"line":67,"column":24}},"67":{"start":{"line":68,"column":0},"end":{"line":68,"column":7}},"68":{"start":{"line":69,"column":0},"end":{"line":69,"column":3}},"70":{"start":{"line":71,"column":0},"end":{"line":71,"column":51}},"71":{"start":{"line":72,"column":0},"end":{"line":72,"column":49}},"72":{"start":{"line":73,"column":0},"end":{"line":73,"column":3}},"74":{"start":{"line":75,"column":0},"end":{"line":75,"column":27}},"82":{"start":{"line":83,"column":0},"end":{"line":83,"column":24}},"83":{"start":{"line":84,"column":0},"end":{"line":84,"column":58}},"84":{"start":{"line":85,"column":0},"end":{"line":85,"column":68}},"85":{"start":{"line":86,"column":0},"end":{"line":86,"column":27}},"86":{"start":{"line":87,"column":0},"end":{"line":87,"column":68}},"87":{"start":{"line":88,"column":0},"end":{"line":88,"column":24}},"88":{"start":{"line":89,"column":0},"end":{"line":89,"column":68}},"89":{"start":{"line":90,"column":0},"end":{"line":90,"column":24}},"90":{"start":{"line":91,"column":0},"end":{"line":91,"column":68}},"91":{"start":{"line":92,"column":0},"end":{"line":92,"column":24}},"92":{"start":{"line":93,"column":0},"end":{"line":93,"column":68}},"93":{"start":{"line":94,"column":0},"end":{"line":94,"column":23}},"94":{"start":{"line":95,"column":0},"end":{"line":95,"column":51}},"96":{"start":{"line":97,"column":0},"end":{"line":97,"column":20}},"97":{"start":{"line":98,"column":0},"end":{"line":98,"column":3}},"99":{"start":{"line":100,"column":0},"end":{"line":100,"column":65}},"100":{"start":{"line":101,"column":0},"end":{"line":101,"column":53}},"101":{"start":{"line":102,"column":0},"end":{"line":102,"column":65}},"102":{"start":{"line":103,"column":0},"end":{"line":103,"column":3}},"104":{"start":{"line":105,"column":0},"end":{"line":105,"column":34}},"105":{"start":{"line":106,"column":0},"end":{"line":106,"column":24}},"106":{"start":{"line":107,"column":0},"end":{"line":107,"column":19}},"107":{"start":{"line":108,"column":0},"end":{"line":108,"column":16}},"108":{"start":{"line":109,"column":0},"end":{"line":109,"column":64}},"109":{"start":{"line":110,"column":0},"end":{"line":110,"column":15}},"110":{"start":{"line":111,"column":0},"end":{"line":111,"column":17}},"111":{"start":{"line":112,"column":0},"end":{"line":112,"column":48}},"113":{"start":{"line":114,"column":0},"end":{"line":114,"column":35}},"114":{"start":{"line":115,"column":0},"end":{"line":115,"column":40}},"115":{"start":{"line":116,"column":0},"end":{"line":116,"column":78}},"117":{"start":{"line":118,"column":0},"end":{"line":118,"column":22}},"118":{"start":{"line":119,"column":0},"end":{"line":119,"column":62}},"119":{"start":{"line":120,"column":0},"end":{"line":120,"column":35}},"120":{"start":{"line":121,"column":0},"end":{"line":121,"column":65}},"121":{"start":{"line":122,"column":0},"end":{"line":122,"column":33}},"122":{"start":{"line":123,"column":0},"end":{"line":123,"column":5}},"124":{"start":{"line":125,"column":0},"end":{"line":125,"column":27}},"125":{"start":{"line":126,"column":0},"end":{"line":126,"column":3}},"126":{"start":{"line":127,"column":0},"end":{"line":127,"column":1}}},"s":{"0":1,"1":1,"4":1,"5":25,"6":25,"8":25,"9":25,"10":25,"11":25,"14":25,"15":25,"16":25,"17":25,"19":25,"20":22,"21":22,"23":25,"24":13,"25":13,"26":13,"27":13,"28":13,"29":13,"30":13,"32":25,"33":5,"34":1,"35":4,"36":1,"37":3,"38":5,"40":25,"41":1,"42":1,"43":1,"44":1,"45":1,"46":1,"48":0,"49":0,"50":0,"51":0,"52":0,"53":1,"55":25,"56":1,"57":1,"58":1,"59":1,"60":1,"61":1,"63":0,"64":0,"65":0,"66":0,"67":0,"68":1,"70":25,"71":1,"72":1,"74":25,"82":10,"83":10,"84":10,"85":10,"86":10,"87":10,"88":10,"89":10,"90":10,"91":10,"92":10,"93":10,"94":1,"96":0,"97":10,"99":25,"100":52,"101":52,"102":52,"104":25,"105":5,"106":5,"107":5,"108":5,"109":5,"110":5,"111":5,"113":5,"114":51,"115":51,"117":51,"118":51,"119":1,"120":41,"121":16,"122":51,"124":5,"125":5,"126":25},"branchMap":{"0":{"type":"branch","line":5,"loc":{"start":{"line":5,"column":30},"end":{"line":127,"column":1}},"locations":[{"start":{"line":5,"column":30},"end":{"line":127,"column":1}}]},"1":{"type":"branch","line":9,"loc":{"start":{"line":9,"column":2},"end":{"line":18,"column":3}},"locations":[{"start":{"line":9,"column":2},"end":{"line":18,"column":3}}]},"2":{"type":"branch","line":20,"loc":{"start":{"line":20,"column":20},"end":{"line":22,"column":3}},"locations":[{"start":{"line":20,"column":20},"end":{"line":22,"column":3}}]},"3":{"type":"branch","line":24,"loc":{"start":{"line":24,"column":20},"end":{"line":31,"column":3}},"locations":[{"start":{"line":24,"column":20},"end":{"line":31,"column":3}}]},"4":{"type":"branch","line":33,"loc":{"start":{"line":33,"column":17},"end":{"line":39,"column":3}},"locations":[{"start":{"line":33,"column":17},"end":{"line":39,"column":3}}]},"5":{"type":"branch","line":34,"loc":{"start":{"line":34,"column":36},"end":{"line":35,"column":11}},"locations":[{"start":{"line":34,"column":36},"end":{"line":35,"column":11}}]},"6":{"type":"branch","line":35,"loc":{"start":{"line":35,"column":8},"end":{"line":38,"column":15}},"locations":[{"start":{"line":35,"column":8},"end":{"line":38,"column":15}}]},"7":{"type":"branch","line":36,"loc":{"start":{"line":36,"column":66},"end":{"line":37,"column":14}},"locations":[{"start":{"line":36,"column":66},"end":{"line":37,"column":14}}]},"8":{"type":"branch","line":37,"loc":{"start":{"line":37,"column":10},"end":{"line":38,"column":15}},"locations":[{"start":{"line":37,"column":10},"end":{"line":38,"column":15}}]},"9":{"type":"branch","line":41,"loc":{"start":{"line":41,"column":22},"end":{"line":54,"column":3}},"locations":[{"start":{"line":41,"column":22},"end":{"line":54,"column":3}}]},"10":{"type":"branch","line":47,"loc":{"start":{"line":47,"column":6},"end":{"line":53,"column":7}},"locations":[{"start":{"line":47,"column":6},"end":{"line":53,"column":7}}]},"11":{"type":"branch","line":56,"loc":{"start":{"line":56,"column":22},"end":{"line":69,"column":3}},"locations":[{"start":{"line":56,"column":22},"end":{"line":69,"column":3}}]},"12":{"type":"branch","line":62,"loc":{"start":{"line":62,"column":6},"end":{"line":68,"column":7}},"locations":[{"start":{"line":62,"column":6},"end":{"line":68,"column":7}}]},"13":{"type":"branch","line":71,"loc":{"start":{"line":71,"column":20},"end":{"line":73,"column":3}},"locations":[{"start":{"line":71,"column":20},"end":{"line":73,"column":3}}]},"14":{"type":"branch","line":75,"loc":{"start":{"line":75,"column":24},"end":{"line":98,"column":3}},"locations":[{"start":{"line":75,"column":24},"end":{"line":98,"column":3}}]},"15":{"type":"branch","line":84,"loc":{"start":{"line":84,"column":38},"end":{"line":84,"column":58}},"locations":[{"start":{"line":84,"column":38},"end":{"line":84,"column":58}}]},"16":{"type":"branch","line":84,"loc":{"start":{"line":84,"column":45},"end":{"line":85,"column":40}},"locations":[{"start":{"line":84,"column":45},"end":{"line":85,"column":40}}]},"17":{"type":"branch","line":85,"loc":{"start":{"line":85,"column":34},"end":{"line":85,"column":68}},"locations":[{"start":{"line":85,"column":34},"end":{"line":85,"column":68}}]},"18":{"type":"branch","line":86,"loc":{"start":{"line":86,"column":6},"end":{"line":86,"column":27}},"locations":[{"start":{"line":86,"column":6},"end":{"line":86,"column":27}}]},"19":{"type":"branch","line":86,"loc":{"start":{"line":86,"column":13},"end":{"line":87,"column":40}},"locations":[{"start":{"line":86,"column":13},"end":{"line":87,"column":40}}]},"20":{"type":"branch","line":87,"loc":{"start":{"line":87,"column":34},"end":{"line":87,"column":68}},"locations":[{"start":{"line":87,"column":34},"end":{"line":87,"column":68}}]},"21":{"type":"branch","line":88,"loc":{"start":{"line":88,"column":6},"end":{"line":88,"column":24}},"locations":[{"start":{"line":88,"column":6},"end":{"line":88,"column":24}}]},"22":{"type":"branch","line":88,"loc":{"start":{"line":88,"column":13},"end":{"line":89,"column":40}},"locations":[{"start":{"line":88,"column":13},"end":{"line":89,"column":40}}]},"23":{"type":"branch","line":89,"loc":{"start":{"line":89,"column":34},"end":{"line":89,"column":68}},"locations":[{"start":{"line":89,"column":34},"end":{"line":89,"column":68}}]},"24":{"type":"branch","line":90,"loc":{"start":{"line":90,"column":6},"end":{"line":90,"column":24}},"locations":[{"start":{"line":90,"column":6},"end":{"line":90,"column":24}}]},"25":{"type":"branch","line":90,"loc":{"start":{"line":90,"column":13},"end":{"line":91,"column":40}},"locations":[{"start":{"line":90,"column":13},"end":{"line":91,"column":40}}]},"26":{"type":"branch","line":91,"loc":{"start":{"line":91,"column":34},"end":{"line":91,"column":68}},"locations":[{"start":{"line":91,"column":34},"end":{"line":91,"column":68}}]},"27":{"type":"branch","line":92,"loc":{"start":{"line":92,"column":6},"end":{"line":92,"column":24}},"locations":[{"start":{"line":92,"column":6},"end":{"line":92,"column":24}}]},"28":{"type":"branch","line":92,"loc":{"start":{"line":92,"column":13},"end":{"line":93,"column":40}},"locations":[{"start":{"line":92,"column":13},"end":{"line":93,"column":40}}]},"29":{"type":"branch","line":93,"loc":{"start":{"line":93,"column":34},"end":{"line":93,"column":68}},"locations":[{"start":{"line":93,"column":34},"end":{"line":93,"column":68}}]},"30":{"type":"branch","line":94,"loc":{"start":{"line":94,"column":6},"end":{"line":95,"column":51}},"locations":[{"start":{"line":94,"column":6},"end":{"line":95,"column":51}}]},"31":{"type":"branch","line":95,"loc":{"start":{"line":95,"column":44},"end":{"line":97,"column":20}},"locations":[{"start":{"line":95,"column":44},"end":{"line":97,"column":20}}]},"32":{"type":"branch","line":100,"loc":{"start":{"line":100,"column":33},"end":{"line":103,"column":3}},"locations":[{"start":{"line":100,"column":33},"end":{"line":103,"column":3}}]},"33":{"type":"branch","line":105,"loc":{"start":{"line":105,"column":33},"end":{"line":126,"column":3}},"locations":[{"start":{"line":105,"column":33},"end":{"line":126,"column":3}}]},"34":{"type":"branch","line":112,"loc":{"start":{"line":112,"column":27},"end":{"line":112,"column":46}},"locations":[{"start":{"line":112,"column":27},"end":{"line":112,"column":46}}]},"35":{"type":"branch","line":112,"loc":{"start":{"line":112,"column":41},"end":{"line":112,"column":48}},"locations":[{"start":{"line":112,"column":41},"end":{"line":112,"column":48}}]},"36":{"type":"branch","line":114,"loc":{"start":{"line":114,"column":34},"end":{"line":123,"column":5}},"locations":[{"start":{"line":114,"column":34},"end":{"line":123,"column":5}}]},"37":{"type":"branch","line":119,"loc":{"start":{"line":119,"column":8},"end":{"line":120,"column":35}},"locations":[{"start":{"line":119,"column":8},"end":{"line":120,"column":35}}]},"38":{"type":"branch","line":119,"loc":{"start":{"line":119,"column":40},"end":{"line":119,"column":62}},"locations":[{"start":{"line":119,"column":40},"end":{"line":119,"column":62}}]},"39":{"type":"branch","line":119,"loc":{"start":{"line":119,"column":46},"end":{"line":120,"column":35}},"locations":[{"start":{"line":119,"column":46},"end":{"line":120,"column":35}}]},"40":{"type":"branch","line":120,"loc":{"start":{"line":120,"column":19},"end":{"line":122,"column":33}},"locations":[{"start":{"line":120,"column":19},"end":{"line":122,"column":33}}]},"41":{"type":"branch","line":121,"loc":{"start":{"line":121,"column":43},"end":{"line":121,"column":65}},"locations":[{"start":{"line":121,"column":43},"end":{"line":121,"column":65}}]},"42":{"type":"branch","line":121,"loc":{"start":{"line":121,"column":49},"end":{"line":122,"column":33}},"locations":[{"start":{"line":121,"column":49},"end":{"line":122,"column":33}}]}},"b":{"0":[25],"1":[25],"2":[22],"3":[13],"4":[5],"5":[1],"6":[4],"7":[1],"8":[3],"9":[1],"10":[0],"11":[1],"12":[0],"13":[1],"14":[10],"15":[4],"16":[6],"17":[1],"18":[1],"19":[5],"20":[1],"21":[1],"22":[4],"23":[1],"24":[1],"25":[3],"26":[1],"27":[1],"28":[2],"29":[1],"30":[1],"31":[0],"32":[52],"33":[5],"34":[1],"35":[4],"36":[51],"37":[10],"38":[9],"39":[1],"40":[41],"41":[25],"42":[16]},"fnMap":{"0":{"name":"<instance_members_initializer>","decl":{"start":{"line":5,"column":30},"end":{"line":127,"column":1}},"loc":{"start":{"line":5,"column":30},"end":{"line":127,"column":1}},"line":5},"1":{"name":"Contrast","decl":{"start":{"line":9,"column":2},"end":{"line":18,"column":3}},"loc":{"start":{"line":9,"column":2},"end":{"line":18,"column":3}},"line":9},"2":{"name":"getWCAGContrast","decl":{"start":{"line":20,"column":20},"end":{"line":22,"column":3}},"loc":{"start":{"line":20,"column":20},"end":{"line":22,"column":3}},"line":20},"3":{"name":"getAPCAContrast","decl":{"start":{"line":24,"column":20},"end":{"line":31,"column":3}},"loc":{"start":{"line":24,"column":20},"end":{"line":31,"column":3}},"line":24},"4":{"name":"getWCAGScore","decl":{"start":{"line":33,"column":17},"end":{"line":39,"column":3}},"loc":{"start":{"line":33,"column":17},"end":{"line":39,"column":3}},"line":33},"5":{"name":"getWCAGScoreColor","decl":{"start":{"line":41,"column":22},"end":{"line":54,"column":3}},"loc":{"start":{"line":41,"column":22},"end":{"line":54,"column":3}},"line":41},"6":{"name":"getAPCAScoreColor","decl":{"start":{"line":56,"column":22},"end":{"line":69,"column":3}},"loc":{"start":{"line":56,"column":22},"end":{"line":69,"column":3}},"line":56},"7":{"name":"getMinFontSizes","decl":{"start":{"line":71,"column":20},"end":{"line":73,"column":3}},"loc":{"start":{"line":71,"column":20},"end":{"line":73,"column":3}},"line":71},"8":{"name":"getRecommendedUsage","decl":{"start":{"line":75,"column":24},"end":{"line":98,"column":3}},"loc":{"start":{"line":75,"column":24},"end":{"line":98,"column":3}},"line":75},"9":{"name":"getContrastRatioForLightness","decl":{"start":{"line":100,"column":33},"end":{"line":103,"column":3}},"loc":{"start":{"line":100,"column":33},"end":{"line":103,"column":3}},"line":100},"10":{"name":"getLightnessForContrastRatio","decl":{"start":{"line":105,"column":33},"end":{"line":126,"column":3}},"loc":{"start":{"line":105,"column":33},"end":{"line":126,"column":3}},"line":105}},"f":{"0":25,"1":25,"2":22,"3":13,"4":5,"5":1,"6":1,"7":1,"8":10,"9":52,"10":5}}
[...]
":{"line":109,"column":23}},"locations":[{"start":{"line":98,"column":16},"end":{"line":109,"column":23}}]},"15":{"type":"branch","line":110,"loc":{"start":{"line":110,"column":16},"end":{"line":121,"column":23}},"locations":[{"start":{"line":110,"column":16},"end":{"line":121,"column":23}}]},"16":{"type":"branch","line":122,"loc":{"start":{"line":122,"column":16},"end":{"line":133,"column":23}},"locations":[{"start":{"line":122,"column":16},"end":{"line":133,"column":23}}]},"17":{"type":"branch","line":134,"loc":{"start":{"line":134,"column":16},"end":{"line":145,"column":23}},"locations":[{"start":{"line":134,"column":16},"end":{"line":145,"column":23}}]},"18":{"type":"branch","line":146,"loc":{"start":{"line":146,"column":16},"end":{"line":157,"column":23}},"locations":[{"start":{"line":146,"column":16},"end":{"line":157,"column":23}}]},"19":{"type":"branch","line":158,"loc":{"start":{"line":158,"column":16},"end":{"line":159,"column":64}},"locations":[{"start":{"line":158,"column":16},"end":{"line":159,"column":64}}]},"20":{"type":"branch","line":161,"loc":{"start":{"line":161,"column":12},"end":{"line":194,"column":13}},"locations":[{"start":{"line":161,"column":12},"end":{"line":194,"column":13}}]},"21":{"type":"branch","line":171,"loc":{"start":{"line":171,"column":60},"end":{"line":171,"column":70}},"locations":[{"start":{"line":171,"column":60},"end":{"line":171,"column":70}}]},"22":{"type":"branch","line":173,"loc":{"start":{"line":173,"column":66},"end":{"line":173,"column":78}},"locations":[{"start":{"line":173,"column":66},"end":{"line":173,"column":78}}]},"23":{"type":"branch","line":179,"loc":{"start":{"line":179,"column":16},"end":{"line":180,"column":53}},"locations":[{"start":{"line":179,"column":16},"end":{"line":180,"column":53}}]},"24":{"type":"branch","line":181,"loc":{"start":{"line":181,"column":16},"end":{"line":182,"column":55}},"locations":[{"start":{"line":181,"column":16},"end":{"line":182,"column":55}}]},"25":{"type":"branch","line":183,"loc":{"start":{"line":183,"column":16},"end":{"line":184,"column":53}},"locations":[{"start":{"line":183,"column":16},"end":{"line":184,"column":53}}]},"26":{"type":"branch","line":185,"loc":{"start":{"line":185,"column":16},"end":{"line":186,"column":55}},"locations":[{"start":{"line":185,"column":16},"end":{"line":186,"column":55}}]},"27":{"type":"branch","line":187,"loc":{"start":{"line":187,"column":16},"end":{"line":188,"column":53}},"locations":[{"start":{"line":187,"column":16},"end":{"line":188,"column":53}}]},"28":{"type":"branch","line":189,"loc":{"start":{"line":189,"column":16},"end":{"line":190,"column":55}},"locations":[{"start":{"line":189,"column":16},"end":{"line":190,"column":55}}]},"29":{"type":"branch","line":191,"loc":{"start":{"line":191,"column":16},"end":{"line":192,"column":47}},"locations":[{"start":{"line":191,"column":16},"end":{"line":192,"column":47}}]},"30":{"type":"branch","line":235,"loc":{"start":{"line":235,"column":43},"end":{"line":240,"column":11}},"locations":[{"start":{"line":235,"column":43},"end":{"line":240,"column":11}}]},"31":{"type":"branch","line":244,"loc":{"start":{"line":244,"column":29},"end":{"line":364,"column":9}},"locations":[{"start":{"line":244,"column":29},"end":{"line":364,"column":9}}]},"32":{"type":"branch","line":253,"loc":{"start":{"line":253,"column":12},"end":{"line":253,"column":20}},"locations":[{"start":{"line":253,"column":12},"end":{"line":253,"column":20}}]},"33":{"type":"branch","line":267,"loc":{"start":{"line":267,"column":22},"end":{"line":268,"column":46}},"locations":[{"start":{"line":267,"column":22},"end":{"line":268,"column":46}}]},"34":{"type":"branch","line":268,"loc":{"start":{"line":268,"column":22},"end":{"line":269,"column":34}},"locations":[{"start":{"line":268,"column":22},"end":{"line":269,"column":34}}]},"35":{"type":"branch","line":270,"loc":{"start":{"line":270,"column":12},"end":{"line":274,"column":17}},"locations":[{"start":{"line":270,"column":12},"end":{"line":274,"column":17}}]},"36":{"type":"branch","line":274,"loc":{"start":{"line":274,"column":10},"end":{"line":278,"column":11}},"locations":[{"start":{"line":274,"column":10},"end":{"line":278,"column":11}}]},"37":{"type":"branch","line":283,"loc":{"start":{"line":283,"column":112},"end":{"line":283,"column":133}},"locations":[{"start":{"line":283,"column":112},"end":{"line":283,"column":133}}]},"38":{"type":"branch","line":284,"loc":{"start":{"line":284,"column":26},"end":{"line":284,"column":50}},"locations":[{"start":{"line":284,"column":26},"end":{"line":284,"column":50}}]},"39":{"type":"branch","line":284,"loc":{"start":{"line":284,"column":38},"end":{"line":284,"column":61}},"locations":[{"start":{"line":284,"column":38},"end":{"line":284,"column":61}}]},"40":{"type":"branch","line":287,"loc":{"start":{"line":287,"column":24},"end":{"line":288,"column":48}},"locations":[{"start":{"line":287,"column":24},"end":{"line":288,"column":48}}]},"41":{"type":"branch","line":288,"loc":{"start":{"line":288,"column":24},"end":{"line":289,"column":36}},"locations":[{"start":{"line":288,"column":24},"end":{"line":289,"column":36}}]},"42":{"type":"branch","line":289,"loc":{"start":{"line":289,"column":27},"end":{"line":290,"column":55}},"locations":[{"start":{"line":289,"column":27},"end":{"line":290,"column":55}}]},"43":{"type":"branch","line":290,"loc":{"start":{"line":290,"column":54},"end":{"line":291,"column":58}},"locations":[{"start":{"line":290,"column":54},"end":{"line":291,"column":58}}]},"44":{"type":"branch","line":293,"loc":{"start":{"line":293,"column":24},"end":{"line":294,"column":48}},"locations":[{"start":{"line":293,"column":24},"end":{"line":294,"column":48}}]},"45":{"type":"branch","line":294,"loc":{"start":{"line":294,"column":24},"end":{"line":295,"column":36}},"locations":[{"start":{"line":294,"column":24},"end":{"line":295,"column":36}}]},"46":{"type":"branch","line":295,"loc":{"start":{"line":295,"column":27},"end":{"line":296,"column":55}},"locations":[{"start":{"line":295,"column":27},"end":{"line":296,"column":55}}]},"47":{"type":"branch","line":296,"loc":{"start":{"line":296,"column":54},"end":{"line":297,"column":58}},"locations":[{"start":{"line":296,"column":54},"end":{"line":297,"column":58}}]},"48":{"type":"branch","line":299,"loc":{"start":{"line":299,"column":24},"end":{"line":300,"column":48}},"locations":[{"start":{"line":299,"column":24},"end":{"line":300,"column":48}}]},"49":{"type":"branch","line":300,"loc":{"start":{"line":300,"column":24},"end":{"line":301,"column":36}},"locations":[{"start":{"line":300,"column":24},"end":{"line":301,"column":36}}]},"50":{"type":"branch","line":301,"loc":{"start":{"line":301,"column":27},"end":{"line":302,"column":54}},"locations":[{"start":{"line":301,"column":27},"end":{"line":302,"column":54}}]},"51":{"type":"branch","line":302,"loc":{"start":{"line":302,"column":53},"end":{"line":303,"column":57}},"locations":[{"start":{"line":302,"column":53},"end":{"line":303,"column":57}}]},"52":{"type":"branch","line":305,"loc":{"start":{"line":305,"column":24},"end":{"line":306,"column":48}},"locations":[{"start":{"line":305,"column":24},"end":{"line":306,"column":48}}]},"53":{"type":"branch","line":306,"loc":{"start":{"line":306,"column":24},"end":{"line":307,"column":36}},"locations":[{"start":{"line":306,"column":24},"end":{"line":307,"column":36}}]},"54":{"type":"branch","line":307,"loc":{"start":{"line":307,"column":27},"end":{"line":308,"column":55}},"locations":[{"start":{"line":307,"column":27},"end":{"line":308,"column":55}}]},"55":{"type":"branch","line":308,"loc":{"start":{"line":308,"column":54},"end":{"line":309,"column":58}},"locations":[{"start":{"line":308,"column":54},"end":{"line":309,"column":58}}]},"56":{"type":"branch","line":311,"loc":{"start":{"line":311,"column":24},"end":{"line":312,"column":48}},"locations":[{"start":{"line":311,"column":24},"end":{"line":312,"column":48}}]},"57":{"type":"branch","line":312,"loc":{"start":{"line":312,"column":24},"end":{"line":313,"column":36}},"locations":[{"start":{"line":312,"column":24},"end":{"line":313,"column":36}}]},"58":{"type":"branch","line":313,"loc":{"start":{"line":313,"column":27},"end":{"line":314,"column":57}},"locations":[{"start":{"line":313,"column":27},"end":{"line":314,"column":57}}]},"59":{"type":"branch","line":314,"loc":{"start":{"line":314,"column":56},"end":{"line":315,"column":60}},"locations":[{"start":{"line":314,"column":56},"end":{"line":315,"column":60}}]},"60":{"type":"branch","line":317,"loc":{"start":{"line":317,"column":24},"end":{"line":318,"column":48}},"locations":[{"start":{"line":317,"column":24},"end":{"line":318,"column":48}}]},"61":{"type":"branch","line":318,"loc":{"start":{"line":318,"column":24},"end":{"line":319,"column":36}},"locations":[{"start":{"line":318,"column":24},"end":{"line":319,"column":36}}]},"62":{"type":"branch","line":319,"loc":{"start":{"line":319,"column":27},"end":{"line":320,"column":55}},"locations":[{"start":{"line":319,"column":27},"end":{"line":320,"column":55}}]},"63":{"type":"branch","line":320,"loc":{"start":{"line":320,"column":54},"end":{"line":321,"column":58}},"locations":[{"start":{"line":320,"column":54},"end":{"line":321,"column":58}}]},"64":{"type":"branch","line":323,"loc":{"start":{"line":323,"column":24},"end":{"line":324,"column":48}},"locations":[{"start":{"line":323,"column":24},"end":{"line":324,"column":48}}]},"65":{"type":"branch","line":324,"loc":{"start":{"line":324,"column":24},"end":{"line":325,"column":36}},"locations":[{"start":{"line":324,"column":24},"end":{"line":325,"column":36}}]},"66":{"type":"branch","line":325,"loc":{"start":{"line":325,"column":27},"end":{"line":326,"column":57}},"locations":[{"start":{"line":325,"column":27},"end":{"line":326,"column":57}}]},"67":{"type":"branch","line":326,"loc":{"start":{"line":326,"column":56},"end":{"line":327,"column":60}},"locations":[{"start":{"line":326,"column":56},"end":{"line":327,"column":60}}]},"68":{"type":"branch","line":329,"loc":{"start":{"line":329,"column":24},"end":{"line":330,"column":48}},"locations":[{"start":{"line":329,"column":24},"end":{"line":330,"column":48}}]},"69":{"type":"branch","line":330,"loc":{"start":{"line":330,"column":24},"end":{"line":331,"column":36}},"locations":[{"start":{"line":330,"column":24},"end":{"line":331,"column":36}}]},"70":{"type":"branch","line":331,"loc":{"start":{"line":331,"column":27},"end":{"line":332,"column":55}},"locations":[{"start":{"line":331,"column":27},"end":{"line":332,"column":55}}]},"71":{"type":"branch","line":332,"loc":{"start":{"line":332,"column":54},"end":{"line":333,"column":58}},"locations":[{"start":{"line":332,"column":54},"end":{"line":333,"column":58}}]},"72":{"type":"branch","line":335,"loc":{"start":{"line":335,"column":31},"end":{"line":336,"column":76}},"locations":[{"start":{"line":335,"column":31},"end":{"line":336,"column":76}}]},"73":{"type":"branch","line":336,"loc":{"start":{"line":336,"column":75},"end":{"line":337,"column":26}},"locations":[{"start":{"line":336,"column":75},"end":{"line":337,"column":26}}]},"74":{"type":"branch","line":339,"loc":{"start":{"line":339,"column":26},"end":{"line":339,"column":66}},"locations":[{"start":{"line":339,"column":26},"end":{"line":339,"column":66}}]},"75":{"type":"branch","line":339,"loc":{"start":{"line":339,"column":51},"end":{"line":340,"column":57}},"locations":[{"start":{"line":339,"column":51},"end":{"line":340,"column":57}}]},"76":{"type":"branch","line":340,"loc":{"start":{"line":340,"column":56},"end":{"line":341,"column":28}},"locations":[{"start":{"line":340,"column":56},"end":{"line":341,"column":28}}]},"77":{"type":"branch","line":343,"loc":{"start":{"line":343,"column":26},"end":{"line":343,"column":66}},"locations":[{"start":{"line":343,"column":26},"end":{"line":343,"column":66}}]},"78":{"type":"branch","line":343,"loc":{"start":{"line":343,"column":51},"end":{"line":354,"column":19}},"locations":[{"start":{"line":343,"column":51},"end":{"line":354,"column":19}}]},"79":{"type":"branch","line":354,"loc":{"start":{"line":354,"column":18},"end":{"line":355,"column":28}},"locations":[{"start":{"line":354,"column":18},"end":{"line":355,"column":28}}]},"80":{"type":"branch","line":356,"loc":{"start":{"line":356,"column":39},"end":{"line":356,"column":77}},"locations":[{"start":{"line":356,"column":39},"end":{"line":356,"column":77}}]},"81":{"type":"branch","line":358,"loc":{"start":{"line":358,"column":24},"end":{"line":359,"column":48}},"locations":[{"start":{"line":358,"column":24},"end":{"line":359,"column":48}}]},"82":{"type":"branch","line":359,"loc":{"start":{"line":359,"column":24},"end":{"line":360,"column":37}},"locations":[{"start":{"line":359,"column":24},"end":{"line":360,"column":37}}]},"83":{"type":"branch","line":252,"loc":{"start":{"line":252,"column":14},"end":{"line":252,"column":48}},"locations":[{"start":{"line":252,"column":14},"end":{"line":252,"column":48}}]},"84":{"type":"branch","line":374,"loc":{"start":{"line":374,"column":20},"end":{"line":429,"column":3}},"locations":[{"start":{"line":374,"column":20},"end":{"line":429,"column":3}}]},"85":{"type":"branch","line":390,"loc":{"start":{"line":390,"column":6},"end":{"line":425,"column":7}},"locations":[{"start":{"line":390,"column":6},"end":{"line":425,"column":7}}]},"86":{"type":"branch","line":391,"loc":{"start":{"line":391,"column":36},"end":{"line":423,"column":12}},"locations":[{"start":{"line":391,"column":36},"end":{"line":423,"column":12}}]},"87":{"type":"branch","line":392,"loc":{"start":{"line":392,"column":31},"end":{"line":423,"column":11}},"locations":[{"start":{"line":392,"column":31},"end":{"line":423,"column":11}}]},"88":{"type":"branch","line":394,"loc":{"start":{"line":394,"column":33},"end":{"line":394,"column":52}},"locations":[{"start":{"line":394,"column":33},"end":{"line":394,"column":52}}]},"89":{"type":"branch","line":404,"loc":{"start":{"line":404,"column":18},"end":{"line":404,"column":36}},"locations":[{"start":{"line":404,"column":18},"end":{"line":404,"column":36}}]},"90":{"type":"branch","line":404,"loc":{"start":{"line":404,"column":43},"end":{"line":404,"column":77}},"locations":[{"start":{"line":404,"column":43},"end":{"line":404,"column":77}}]},"91":{"type":"branch","line":405,"loc":{"start":{"line":405,"column":18},"end":{"line":405,"column":36}},"locations":[{"start":{"line":405,"column":18},"end":{"line":405,"column":36}}]},"92":{"type":"branch","line":405,"loc":{"start":{"line":405,"column":41},"end":{"line":405,"column":66}},"locations":[{"start":{"line":405,"column":41},"end":{"line":405,"column":66}}]},"93":{"type":"branch","line":406,"loc":{"start":{"line":406,"column":18},"end":{"line":406,"column":36}},"locations":[{"start":{"line":406,"column":18},"end":{"line":406,"column":36}}]},"94":{"type":"branch","line":406,"loc":{"start":{"line":406,"column":40},"end":{"line":406,"column":63}},"locations":[{"start":{"line":406,"column":40},"end":{"line":406,"column":63}}]},"95":{"type":"branch","line":407,"loc":{"start":{"line":407,"column":18},"end":{"line":407,"column":36}},"locations":[{"start":{"line":407,"column":18},"end":{"line":407,"column":36}}]},"96":{"type":"branch","line":407,"loc":{"start":{"line":407,"column":49},"end":{"line":409,"column":17}},"locations":[{"start":{"line":407,"column":49},"end":{"line":409,"column":17}}]},"97":{"type":"branch","line":410,"loc":{"start":{"line":410,"column":18},"end":{"line":410,"column":36}},"locations":[{"start":{"line":410,"column":18},"end":{"line":410,"column":36}}]},"98":{"type":"branch","line":410,"loc":{"start":{"line":410,"column":51},"end":{"line":412,"column":17}},"locations":[{"start":{"line":410,"column":51},"end":{"line":412,"column":17}}]},"99":{"type":"branch","line":411,"loc":{"start":{"line":411,"column":30},"end":{"line":411,"column":57}},"locations":[{"start":{"line":411,"column":30},"end":{"line":411,"column":57}}]},"100":{"type":"branch","line":413,"loc":{"start":{"line":413,"column":18},"end":{"line":413,"column":36}},"locations":[{"start":{"line":413,"column":18},"end":{"line":413,"column":36}}]},"101":{"type":"branch","line":413,"loc":{"start":{"line":413,"column":45},"end":{"line":415,"column":17}},"locations":[{"start":{"line":413,"column":45},"end":{"line":415,"column":17}}]},"102":{"type":"branch","line":414,"loc":{"start":{"line":414,"column":24},"end":{"line":414,"column":45}},"locations":[{"start":{"line":414,"column":24},"end":{"line":414,"column":45}}]},"103":{"type":"branch","line":416,"loc":{"start":{"line":416,"column":18},"end":{"line":416,"column":36}},"locations":[{"start":{"line":416,"column":18},"end":{"line":416,"column":36}}]},"104":{"type":"branch","line":416,"loc":{"start":{"line":416,"column":49},"end":{"line":418,"column":17}},"locations":[{"start":{"line":416,"column":49},"end":{"line":418,"column":17}}]},"105":{"type":"branch","line":417,"loc":{"start":{"line":417,"column":28},"end":{"line":417,"column":53}},"locations":[{"start":{"line":417,"column":28},"end":{"line":417,"column":53}}]},"106":{"type":"branch","line":419,"loc":{"start":{"line":419,"column":18},"end":{"line":419,"column":36}},"locations":[{"start":{"line":419,"column":18},"end":{"line":419,"column":36}}]},"107":{"type":"branch","line":419,"loc":{"start":{"line":419,"column":46},"end":{"line":421,"column":17}},"locations":[{"start":{"line":419,"column":46},"end":{"line":421,"column":17}}]},"108":{"type":"branch","line":420,"loc":{"start":{"line":420,"column":25},"end":{"line":420,"column":47}},"locations":[{"start":{"line":420,"column":25},"end":{"line":420,"column":47}}]},"109":{"type":"branch","line":395,"loc":{"start":{"line":395,"column":14},"end":{"line":395,"column":47}},"locations":[{"start":{"line":395,"column":14},"end":{"line":395,"column":47}}]},"110":{"type":"branch","line":431,"loc":{"start":{"line":431,"column":24},"end":{"line":442,"column":3}},"locations":[{"start":{"line":431,"column":24},"end":{"line":442,"column":3}}]}},"b":{"0":[19],"1":[19],"2":[0],"3":[17],"4":[2],"5":[17],"6":[22],"7":[20],"8":[20],"9":[40],"10":[2],"11":[0],"12":[0],"13":[0],"14":[0],"15":[0],"16":[0],"17":[0],"18":[0],"19":[0],"20":[38],"21":[0],"22":[0],"23":[28],"24":[2],"25":[2],"26":[2],"27":[2],"28":[2],"29":[0],"30":[40],"31":[40],"32":[0],"33":[20],"34":[1],"35":[1],"36":[39],"37":[0],"38":[2],"39":[38],"40":[20],"41":[1],"42":[1],"43":[39],"44":[20],"45":[1],"46":[1],"47":[39],"48":[20],"49":[1],"50":[1],"51":[39],"52":[20],"53":[1],"54":[1],"55":[39],"56":[20],"57":[1],"58":[1],"59":[39],"60":[20],"61":[1],"62":[1],"63":[39],"64":[20],"65":[1],"66":[1],"67":[39],"68":[20],"69":[1],"70":[1],"71":[39],"72":[2],"73":[38],"74":[2],"75":[2],"76":[38],"77":[2],"78":[2],"79":[38],"80":[0],"81":[20],"82":[1],"83":[60],"84":[10],"85":[13],"86":[13],"87":[39],"88":[24],"89":[24],"90":[0],"91":[24],"92":[0],"93":[24],"94":[0],"95":[24],"96":[0],"97":[24],"98":[6],"99":[2],"100":[24],"101":[6],"102":[2],"103":[24],"104":[6],"105":[2],"106":[24],"107":[24],"108":[8],"109":[24],"110":[2]},"fnMap":{"0":{"name":"<instance_members_initializer>","decl":{"start":{"line":19,"column":26},"end":{"line":443,"column":1}},"loc":{"start":{"line":19,"column":26},"end":{"line":443,"column":1}},"line":19},"1":{"name":"Data","decl":{"start":{"line":26,"column":2},"end":{"line":47,"column":3}},"loc":{"start":{"line":26,"column":2},"end":{"line":47,"column":3}},"line":26},"2":{"name":"makePaletteData","decl":{"start":{"line":49,"column":20},"end":{"line":372,"column":3}},"loc":{"start":{"line":49,"column":20},"end":{"line":372,"column":3}},"line":49},"3":{"name":"makeLibraryData","decl":{"start":{"line":374,"column":20},"end":{"line":429,"column":3}},"loc":{"start":{"line":374,"column":20},"end":{"line":429,"column":3}},"line":374},"4":{"name":"makePaletteFullData","decl":{"start":{"line":431,"column":24},"end":{"line":442,"column":3}},"loc":{"start":{"line":431,"column":24},"end":{"line":442,"column":3}},"line":431}},"f":{"0":19,"1":19,"2":22,"3":10,"4":2}}
}
